TpTrace Verbose: 0 : 22256, 1, 2024/10/25, 14:59:36.896, 6727156888104, vstest.console.dll, Version: 17.10.0-release-24272-11 Current process architecture: X64
TpTrace Verbose: 0 : 22256, 1, 2024/10/25, 14:59:36.900, 6727156928960, vstest.console.dll, Runtime location: C:\Program Files\dotnet\shared\Microsoft.NETCore.App\8.0.7
TpTrace Verbose: 0 : 22256, 1, 2024/10/25, 14:59:36.909, 6727157015388, vstest.console.dll, ArtifactProcessingPostProcessModeProcessorExecutor.Initialize: ArtifactProcessingMode.Collect
TpTrace Verbose: 0 : 22256, 1, 2024/10/25, 14:59:36.909, 6727157017022, vstest.console.dll, TestSessionCorrelationIdProcessorModeProcessorExecutor.Initialize: TestSessionCorrelationId '26432_d78e4e15-7a3d-4049-aefb-f9ace5a8efcc'
TpTrace Information: 0 : 22256, 1, 2024/10/25, 14:59:36.919, 6727157114341, vstest.console.dll, FilePatternParser: The given file C:\Users\hp\Desktop\SE-ScreenShare\source\repos\ScreenShare\Screentest\bin\Debug\net8.0-windows\fine-code-coverage\build-output\Screentest.dll is a full path.
TpTrace Verbose: 0 : 22256, 1, 2024/10/25, 14:59:36.936, 6727157280350, vstest.console.dll, TestPluginCache.DiscoverTestExtensions: finding test extensions in assemblies ends with: RuntimeProvider.dll TPluginInfo: Microsoft.VisualStudio.TestPlatform.Common.ExtensionFramework.Utilities.TestRuntimePluginInformation TExtension: Microsoft.VisualStudio.TestPlatform.ObjectModel.Host.ITestRuntimeProvider
TpTrace Verbose: 0 : 22256, 1, 2024/10/25, 14:59:36.936, 6727157284703, vstest.console.dll, TestPluginCache.GetExtensionPaths: Filtered extension paths: 
TpTrace Verbose: 0 : 22256, 1, 2024/10/25, 14:59:36.936, 6727157285748, vstest.console.dll, TestPluginCache.GetExtensionPaths: Added default extension paths: C:\Program Files\dotnet\sdk\8.0.303\Extensions\Microsoft.Diagnostics.NETCore.Client.dll
C:\Program Files\dotnet\sdk\8.0.303\Extensions\Microsoft.TestPlatform.Extensions.BlameDataCollector.dll
C:\Program Files\dotnet\sdk\8.0.303\Extensions\Microsoft.TestPlatform.Extensions.EventLogCollector.dll
C:\Program Files\dotnet\sdk\8.0.303\Extensions\Microsoft.TestPlatform.TestHostRuntimeProvider.dll
C:\Program Files\dotnet\sdk\8.0.303\Extensions\Microsoft.VisualStudio.TestPlatform.Extensions.Html.TestLogger.dll
C:\Program Files\dotnet\sdk\8.0.303\Extensions\Microsoft.VisualStudio.TestPlatform.Extensions.Trx.TestLogger.dll
TpTrace Verbose: 0 : 22256, 1, 2024/10/25, 14:59:36.936, 6727157286149, vstest.console.dll, TestPluginCache.GetExtensionPaths: Added unfilterableExtensionPaths: 
TpTrace Information: 0 : 22256, 1, 2024/10/25, 14:59:36.937, 6727157292699, vstest.console.dll, AssemblyResolver.ctor: Creating AssemblyResolver with searchDirectories C:\Program Files\dotnet\sdk\8.0.303\Extensions,C:\Program Files\dotnet\sdk\8.0.303
TpTrace Verbose: 0 : 22256, 1, 2024/10/25, 14:59:36.939, 6727157315397, vstest.console.dll, TestPluginCache.DiscoverTestExtensions: Discovering the extensions using extension path.
TpTrace Verbose: 0 : 22256, 1, 2024/10/25, 14:59:36.939, 6727157316845, vstest.console.dll, TestPluginCache.GetExtensionPaths: Filtered extension paths: 
TpTrace Verbose: 0 : 22256, 1, 2024/10/25, 14:59:36.939, 6727157317209, vstest.console.dll, TestPluginCache.GetExtensionPaths: Added default extension paths: C:\Program Files\dotnet\sdk\8.0.303\Extensions\Microsoft.Diagnostics.NETCore.Client.dll
C:\Program Files\dotnet\sdk\8.0.303\Extensions\Microsoft.TestPlatform.Extensions.BlameDataCollector.dll
C:\Program Files\dotnet\sdk\8.0.303\Extensions\Microsoft.TestPlatform.Extensions.EventLogCollector.dll
C:\Program Files\dotnet\sdk\8.0.303\Extensions\Microsoft.TestPlatform.TestHostRuntimeProvider.dll
C:\Program Files\dotnet\sdk\8.0.303\Extensions\Microsoft.VisualStudio.TestPlatform.Extensions.Html.TestLogger.dll
C:\Program Files\dotnet\sdk\8.0.303\Extensions\Microsoft.VisualStudio.TestPlatform.Extensions.Trx.TestLogger.dll
TpTrace Verbose: 0 : 22256, 1, 2024/10/25, 14:59:36.939, 6727157317445, vstest.console.dll, TestPluginCache.GetExtensionPaths: Added unfilterableExtensionPaths: 
TpTrace Verbose: 0 : 22256, 1, 2024/10/25, 14:59:36.939, 6727157318007, vstest.console.dll, TestPluginCache.DiscoverTestExtensions: Discovering the extensions using allExtensionPaths: C:\Program Files\dotnet\sdk\8.0.303\Extensions\Microsoft.Diagnostics.NETCore.Client.dll
C:\Program Files\dotnet\sdk\8.0.303\Extensions\Microsoft.TestPlatform.Extensions.BlameDataCollector.dll
C:\Program Files\dotnet\sdk\8.0.303\Extensions\Microsoft.TestPlatform.Extensions.EventLogCollector.dll
C:\Program Files\dotnet\sdk\8.0.303\Extensions\Microsoft.TestPlatform.TestHostRuntimeProvider.dll
C:\Program Files\dotnet\sdk\8.0.303\Extensions\Microsoft.VisualStudio.TestPlatform.Extensions.Html.TestLogger.dll
C:\Program Files\dotnet\sdk\8.0.303\Extensions\Microsoft.VisualStudio.TestPlatform.Extensions.Trx.TestLogger.dll
TpTrace Information: 0 : 22256, 1, 2024/10/25, 14:59:36.940, 6727157319576, vstest.console.dll, AssemblyResolver.AddSearchDirectories: Adding more searchDirectories C:\Program Files\dotnet\sdk\8.0.303\Extensions,C:\Program Files\dotnet\sdk\8.0.303
TpTrace Information: 0 : 22256, 1, 2024/10/25, 14:59:36.940, 6727157320022, vstest.console.dll, AssemblyResolver.AddSearchDirectories: Adding more searchDirectories C:\Program Files\dotnet\sdk\8.0.303\Extensions,C:\Program Files\dotnet\sdk\8.0.303
TpTrace Information: 0 : 22256, 1, 2024/10/25, 14:59:36.940, 6727157320235, vstest.console.dll, AssemblyResolver.AddSearchDirectories: Adding more searchDirectories C:\Program Files\dotnet\sdk\8.0.303\Extensions,C:\Program Files\dotnet\sdk\8.0.303
TpTrace Information: 0 : 22256, 1, 2024/10/25, 14:59:36.940, 6727157320483, vstest.console.dll, AssemblyResolver.AddSearchDirectories: Adding more searchDirectories C:\Program Files\dotnet\sdk\8.0.303\Extensions,C:\Program Files\dotnet\sdk\8.0.303
TpTrace Information: 0 : 22256, 1, 2024/10/25, 14:59:36.940, 6727157320887, vstest.console.dll, AssemblyResolver.AddSearchDirectories: Adding more searchDirectories C:\Program Files\dotnet\sdk\8.0.303\Extensions,C:\Program Files\dotnet\sdk\8.0.303
TpTrace Information: 0 : 22256, 1, 2024/10/25, 14:59:36.940, 6727157321102, vstest.console.dll, AssemblyResolver.AddSearchDirectories: Adding more searchDirectories C:\Program Files\dotnet\sdk\8.0.303\Extensions,C:\Program Files\dotnet\sdk\8.0.303
TpTrace Information: 0 : 22256, 1, 2024/10/25, 14:59:36.940, 6727157325531, vstest.console.dll, AssemblyResolver.OnResolve: Microsoft.Diagnostics.NETCore.Client: Resolving assembly.
TpTrace Information: 0 : 22256, 1, 2024/10/25, 14:59:36.940, 6727157326439, vstest.console.dll, AssemblyResolver.OnResolve: Microsoft.Diagnostics.NETCore.Client: Searching in: 'C:\Program Files\dotnet\sdk\8.0.303\Extensions'.
TpTrace Information: 0 : 22256, 1, 2024/10/25, 14:59:36.952, 6727157445684, vstest.console.dll, AssemblyResolver.OnResolve: Microsoft.Diagnostics.NETCore.Client: Loading assembly 'C:\Program Files\dotnet\sdk\8.0.303\Extensions\Microsoft.Diagnostics.NETCore.Client.dll'.
TpTrace Information: 0 : 22256, 1, 2024/10/25, 14:59:36.957, 6727157491047, vstest.console.dll, AssemblyResolver.OnResolve: Resolved assembly: Microsoft.Diagnostics.NETCore.Client, from path: C:\Program Files\dotnet\sdk\8.0.303\Extensions\Microsoft.Diagnostics.NETCore.Client.dll
TpTrace Verbose: 0 : 22256, 1, 2024/10/25, 14:59:36.962, 6727157544091, vstest.console.dll, MetadataReaderExtensionsHelper: Discovering extensions inside assembly 'Microsoft.Diagnostics.NETCore.Client, Version=0.2.10.15101, Culture=neutral, PublicKeyToken=31bf3856ad364e35' file path 'C:\Program Files\dotnet\sdk\8.0.303\Extensions\Microsoft.Diagnostics.NETCore.Client.dll'
TpTrace Information: 0 : 22256, 1, 2024/10/25, 14:59:36.969, 6727157615373, vstest.console.dll, AssemblyResolver.OnResolve: Microsoft.Bcl.AsyncInterfaces: Resolving assembly.
TpTrace Information: 0 : 22256, 1, 2024/10/25, 14:59:36.969, 6727157616410, vstest.console.dll, AssemblyResolver.OnResolve: Microsoft.Bcl.AsyncInterfaces: Searching in: 'C:\Program Files\dotnet\sdk\8.0.303\Extensions'.
TpTrace Information: 0 : 22256, 1, 2024/10/25, 14:59:36.969, 6727157617268, vstest.console.dll, AssemblyResolver.OnResolve: Microsoft.Bcl.AsyncInterfaces: Assembly path does not exist: 'C:\Program Files\dotnet\sdk\8.0.303\Extensions\Microsoft.Bcl.AsyncInterfaces.dll', returning.
TpTrace Information: 0 : 22256, 1, 2024/10/25, 14:59:36.969, 6727157618275, vstest.console.dll, AssemblyResolver.OnResolve: Microsoft.Bcl.AsyncInterfaces: Assembly path does not exist: 'C:\Program Files\dotnet\sdk\8.0.303\Extensions\Microsoft.Bcl.AsyncInterfaces.exe', returning.
TpTrace Information: 0 : 22256, 1, 2024/10/25, 14:59:36.969, 6727157618537, vstest.console.dll, AssemblyResolver.OnResolve: Microsoft.Bcl.AsyncInterfaces: Searching in: 'C:\Program Files\dotnet\sdk\8.0.303'.
TpTrace Information: 0 : 22256, 1, 2024/10/25, 14:59:36.969, 6727157619062, vstest.console.dll, AssemblyResolver.OnResolve: Microsoft.Bcl.AsyncInterfaces: Assembly path does not exist: 'C:\Program Files\dotnet\sdk\8.0.303\Microsoft.Bcl.AsyncInterfaces.dll', returning.
TpTrace Information: 0 : 22256, 1, 2024/10/25, 14:59:36.970, 6727157619567, vstest.console.dll, AssemblyResolver.OnResolve: Microsoft.Bcl.AsyncInterfaces: Assembly path does not exist: 'C:\Program Files\dotnet\sdk\8.0.303\Microsoft.Bcl.AsyncInterfaces.exe', returning.
TpTrace Information: 0 : 22256, 1, 2024/10/25, 14:59:36.970, 6727157619965, vstest.console.dll, AssemblyResolver.OnResolve: Microsoft.Bcl.AsyncInterfaces: Failed to load assembly.
TpTrace Verbose: 0 : 22256, 1, 2024/10/25, 14:59:36.970, 6727157620268, vstest.console.dll, CurrentDomainAssemblyResolve: Resolving assembly 'Microsoft.Bcl.AsyncInterfaces'.
TpTrace Information: 0 : 22256, 1, 2024/10/25, 14:59:36.970, 6727157620727, vstest.console.dll, AssemblyResolver.OnResolve: Microsoft.Bcl.AsyncInterfaces: Resolving assembly.
TpTrace Information: 0 : 22256, 1, 2024/10/25, 14:59:36.970, 6727157621187, vstest.console.dll, AssemblyResolver.OnResolve: Microsoft.Bcl.AsyncInterfaces: Resolved from cache.
TpTrace Verbose: 0 : 22256, 1, 2024/10/25, 14:59:36.970, 6727157621359, vstest.console.dll, CurrentDomainAssemblyResolve: Resolving assembly 'Microsoft.Bcl.AsyncInterfaces'.
TpTrace Verbose: 0 : 22256, 1, 2024/10/25, 14:59:36.970, 6727157621628, vstest.console.dll, CurrentDomainAssemblyResolve: Failed to resolve assembly 'Microsoft.Bcl.AsyncInterfaces'.
TpTrace Verbose: 0 : 22256, 1, 2024/10/25, 14:59:36.975, 6727157677751, vstest.console.dll, CurrentDomainAssemblyResolve: Failed to resolve assembly 'Microsoft.Bcl.AsyncInterfaces'.
TpTrace Warning: 0 : 22256, 1, 2024/10/25, 14:59:37.000, 6727157929095, vstest.console.dll, TestPluginDiscoverer: Failed to get types from assembly 'Microsoft.Diagnostics.NETCore.Client, Version=0.2.10.15101, Culture=neutral, PublicKeyToken=31bf3856ad364e35'. Error: System.Reflection.ReflectionTypeLoadException: Unable to load one or more of the requested types.
Could not load file or assembly 'Microsoft.Bcl.AsyncInterfaces, Version=6.0.0.0, Culture=neutral, PublicKeyToken=cc7b13ffcd2ddd51'. The system cannot find the file specified.
   at System.Reflection.RuntimeModule.GetTypes(RuntimeModule module)
   at System.Reflection.RuntimeModule.GetTypes()
   at Microsoft.VisualStudio.TestPlatform.Common.ExtensionFramework.TestPluginDiscoverer.GetTestExtensionsFromAssembly[TPluginInfo,TExtension](Assembly assembly, Dictionary`2 pluginInfos, String filePath) in /_/src/Microsoft.TestPlatform.Common/ExtensionFramework/TestPluginDiscoverer.cs:line 158
System.IO.FileNotFoundException: Could not load file or assembly 'Microsoft.Bcl.AsyncInterfaces, Version=6.0.0.0, Culture=neutral, PublicKeyToken=cc7b13ffcd2ddd51'. The system cannot find the file specified.
File name: 'Microsoft.Bcl.AsyncInterfaces, Version=6.0.0.0, Culture=neutral, PublicKeyToken=cc7b13ffcd2ddd51'
 ---> System.IO.FileNotFoundException: Could not load file or assembly 'Microsoft.Bcl.AsyncInterfaces, Culture=neutral, PublicKeyToken=null'. The system cannot find the file specified.
File name: 'Microsoft.Bcl.AsyncInterfaces, Culture=neutral, PublicKeyToken=null'
   at System.Reflection.RuntimeAssembly.InternalLoad(AssemblyName assemblyName, StackCrawlMark& stackMark, AssemblyLoadContext assemblyLoadContext, RuntimeAssembly requestingAssembly, Boolean throwOnFileNotFound)
   at System.Reflection.Assembly.Load(AssemblyName assemblyRef)
   at Microsoft.VisualStudio.TestPlatform.Common.ExtensionFramework.TestPluginCache.CurrentDomainAssemblyResolve(Object sender, AssemblyResolveEventArgs args) in /_/src/Microsoft.TestPlatform.Common/ExtensionFramework/TestPluginCache.cs:line 513
   at System.Runtime.Loader.AssemblyLoadContext.GetFirstResolvedAssemblyFromResolvingEvent(AssemblyName assemblyName)
   at System.Runtime.Loader.AssemblyLoadContext.ResolveUsingEvent(AssemblyName assemblyName)
   at System.Runtime.Loader.AssemblyLoadContext.ResolveUsingResolvingEvent(IntPtr gchManagedAssemblyLoadContext, AssemblyName assemblyName)
TpTrace Warning: 0 : 22256, 1, 2024/10/25, 14:59:37.001, 6727157933478, vstest.console.dll, LoaderExceptions: System.IO.FileNotFoundException: Could not load file or assembly 'Microsoft.Bcl.AsyncInterfaces, Version=6.0.0.0, Culture=neutral, PublicKeyToken=cc7b13ffcd2ddd51'. The system cannot find the file specified.
File name: 'Microsoft.Bcl.AsyncInterfaces, Version=6.0.0.0, Culture=neutral, PublicKeyToken=cc7b13ffcd2ddd51'
 ---> System.IO.FileNotFoundException: Could not load file or assembly 'Microsoft.Bcl.AsyncInterfaces, Culture=neutral, PublicKeyToken=null'. The system cannot find the file specified.
File name: 'Microsoft.Bcl.AsyncInterfaces, Culture=neutral, PublicKeyToken=null'
   at System.Reflection.RuntimeAssembly.InternalLoad(AssemblyName assemblyName, StackCrawlMark& stackMark, AssemblyLoadContext assemblyLoadContext, RuntimeAssembly requestingAssembly, Boolean throwOnFileNotFound)
   at System.Reflection.Assembly.Load(AssemblyName assemblyRef)
   at Microsoft.VisualStudio.TestPlatform.Common.ExtensionFramework.TestPluginCache.CurrentDomainAssemblyResolve(Object sender, AssemblyResolveEventArgs args) in /_/src/Microsoft.TestPlatform.Common/ExtensionFramework/TestPluginCache.cs:line 513
   at System.Runtime.Loader.AssemblyLoadContext.GetFirstResolvedAssemblyFromResolvingEvent(AssemblyName assemblyName)
   at System.Runtime.Loader.AssemblyLoadContext.ResolveUsingEvent(AssemblyName assemblyName)
   at System.Runtime.Loader.AssemblyLoadContext.ResolveUsingResolvingEvent(IntPtr gchManagedAssemblyLoadContext, AssemblyName assemblyName)
TpTrace Information: 0 : 22256, 1, 2024/10/25, 14:59:37.001, 6727157935268, vstest.console.dll, AssemblyResolver.OnResolve: Microsoft.TestPlatform.Extensions.BlameDataCollector: Resolving assembly.
TpTrace Information: 0 : 22256, 1, 2024/10/25, 14:59:37.001, 6727157935741, vstest.console.dll, AssemblyResolver.OnResolve: Microsoft.TestPlatform.Extensions.BlameDataCollector: Searching in: 'C:\Program Files\dotnet\sdk\8.0.303\Extensions'.
TpTrace Information: 0 : 22256, 1, 2024/10/25, 14:59:37.002, 6727157947798, vstest.console.dll, AssemblyResolver.OnResolve: Microsoft.TestPlatform.Extensions.BlameDataCollector: Loading assembly 'C:\Program Files\dotnet\sdk\8.0.303\Extensions\Microsoft.TestPlatform.Extensions.BlameDataCollector.dll'.
TpTrace Information: 0 : 22256, 1, 2024/10/25, 14:59:37.004, 6727157966492, vstest.console.dll, AssemblyResolver.OnResolve: Resolved assembly: Microsoft.TestPlatform.Extensions.BlameDataCollector, from path: C:\Program Files\dotnet\sdk\8.0.303\Extensions\Microsoft.TestPlatform.Extensions.BlameDataCollector.dll
TpTrace Verbose: 0 : 22256, 1, 2024/10/25, 14:59:37.004, 6727157967944, vstest.console.dll, MetadataReaderExtensionsHelper: Discovering extensions inside assembly 'Microsoft.TestPlatform.Extensions.BlameDataCollector, Version=15.0.0.0, Culture=neutral, PublicKeyToken=b03f5f7f11d50a3a' file path 'C:\Program Files\dotnet\sdk\8.0.303\Extensions\Microsoft.TestPlatform.Extensions.BlameDataCollector.dll'
TpTrace Information: 0 : 22256, 1, 2024/10/25, 14:59:37.007, 6727157990115, vstest.console.dll, AssemblyResolver.OnResolve: Microsoft.TestPlatform.Extensions.EventLogCollector: Resolving assembly.
TpTrace Information: 0 : 22256, 1, 2024/10/25, 14:59:37.007, 6727157991268, vstest.console.dll, AssemblyResolver.OnResolve: Microsoft.TestPlatform.Extensions.EventLogCollector: Searching in: 'C:\Program Files\dotnet\sdk\8.0.303\Extensions'.
TpTrace Information: 0 : 22256, 1, 2024/10/25, 14:59:37.008, 6727158000878, vstest.console.dll, AssemblyResolver.OnResolve: Microsoft.TestPlatform.Extensions.EventLogCollector: Loading assembly 'C:\Program Files\dotnet\sdk\8.0.303\Extensions\Microsoft.TestPlatform.Extensions.EventLogCollector.dll'.
TpTrace Information: 0 : 22256, 1, 2024/10/25, 14:59:37.010, 6727158020053, vstest.console.dll, AssemblyResolver.OnResolve: Resolved assembly: Microsoft.TestPlatform.Extensions.EventLogCollector, from path: C:\Program Files\dotnet\sdk\8.0.303\Extensions\Microsoft.TestPlatform.Extensions.EventLogCollector.dll
TpTrace Verbose: 0 : 22256, 1, 2024/10/25, 14:59:37.010, 6727158021394, vstest.console.dll, MetadataReaderExtensionsHelper: Discovering extensions inside assembly 'Microsoft.TestPlatform.Extensions.EventLogCollector, Version=15.0.0.0, Culture=neutral, PublicKeyToken=b03f5f7f11d50a3a' file path 'C:\Program Files\dotnet\sdk\8.0.303\Extensions\Microsoft.TestPlatform.Extensions.EventLogCollector.dll'
TpTrace Information: 0 : 22256, 1, 2024/10/25, 14:59:37.017, 6727158092009, vstest.console.dll, AssemblyResolver.OnResolve: Microsoft.TestPlatform.TestHostRuntimeProvider: Resolving assembly.
TpTrace Information: 0 : 22256, 1, 2024/10/25, 14:59:37.017, 6727158093487, vstest.console.dll, AssemblyResolver.OnResolve: Microsoft.TestPlatform.TestHostRuntimeProvider: Searching in: 'C:\Program Files\dotnet\sdk\8.0.303\Extensions'.
TpTrace Information: 0 : 22256, 1, 2024/10/25, 14:59:37.018, 6727158109097, vstest.console.dll, AssemblyResolver.OnResolve: Microsoft.TestPlatform.TestHostRuntimeProvider: Loading assembly 'C:\Program Files\dotnet\sdk\8.0.303\Extensions\Microsoft.TestPlatform.TestHostRuntimeProvider.dll'.
TpTrace Information: 0 : 22256, 1, 2024/10/25, 14:59:37.021, 6727158130936, vstest.console.dll, AssemblyResolver.OnResolve: Resolved assembly: Microsoft.TestPlatform.TestHostRuntimeProvider, from path: C:\Program Files\dotnet\sdk\8.0.303\Extensions\Microsoft.TestPlatform.TestHostRuntimeProvider.dll
TpTrace Verbose: 0 : 22256, 1, 2024/10/25, 14:59:37.021, 6727158132136, vstest.console.dll, MetadataReaderExtensionsHelper: Discovering extensions inside assembly 'Microsoft.TestPlatform.TestHostRuntimeProvider, Version=15.0.0.0, Culture=neutral, PublicKeyToken=b03f5f7f11d50a3a' file path 'C:\Program Files\dotnet\sdk\8.0.303\Extensions\Microsoft.TestPlatform.TestHostRuntimeProvider.dll'
TpTrace Information: 0 : 22256, 1, 2024/10/25, 14:59:37.024, 6727158160360, vstest.console.dll, GetTestExtensionFromType: Register extension with identifier data 'HostProvider://DefaultTestHost' and type 'Microsoft.VisualStudio.TestPlatform.CrossPlatEngine.Hosting.DefaultTestHostManager, Microsoft.TestPlatform.TestHostRuntimeProvider, Version=15.0.0.0, Culture=neutral, PublicKeyToken=b03f5f7f11d50a3a' inside file 'C:\Program Files\dotnet\sdk\8.0.303\Extensions\Microsoft.TestPlatform.TestHostRuntimeProvider.dll'
TpTrace Information: 0 : 22256, 1, 2024/10/25, 14:59:37.024, 6727158164110, vstest.console.dll, GetTestExtensionFromType: Register extension with identifier data 'HostProvider://DotnetTestHost' and type 'Microsoft.VisualStudio.TestPlatform.CrossPlatEngine.Hosting.DotnetTestHostManager, Microsoft.TestPlatform.TestHostRuntimeProvider, Version=15.0.0.0, Culture=neutral, PublicKeyToken=b03f5f7f11d50a3a' inside file 'C:\Program Files\dotnet\sdk\8.0.303\Extensions\Microsoft.TestPlatform.TestHostRuntimeProvider.dll'
TpTrace Information: 0 : 22256, 1, 2024/10/25, 14:59:37.024, 6727158165106, vstest.console.dll, AssemblyResolver.OnResolve: Microsoft.VisualStudio.TestPlatform.Extensions.Html.TestLogger: Resolving assembly.
TpTrace Information: 0 : 22256, 1, 2024/10/25, 14:59:37.024, 6727158165560, vstest.console.dll, AssemblyResolver.OnResolve: Microsoft.VisualStudio.TestPlatform.Extensions.Html.TestLogger: Searching in: 'C:\Program Files\dotnet\sdk\8.0.303\Extensions'.
TpTrace Information: 0 : 22256, 1, 2024/10/25, 14:59:37.025, 6727158176358, vstest.console.dll, AssemblyResolver.OnResolve: Microsoft.VisualStudio.TestPlatform.Extensions.Html.TestLogger: Loading assembly 'C:\Program Files\dotnet\sdk\8.0.303\Extensions\Microsoft.VisualStudio.TestPlatform.Extensions.Html.TestLogger.dll'.
TpTrace Information: 0 : 22256, 1, 2024/10/25, 14:59:37.027, 6727158197134, vstest.console.dll, AssemblyResolver.OnResolve: Resolved assembly: Microsoft.VisualStudio.TestPlatform.Extensions.Html.TestLogger, from path: C:\Program Files\dotnet\sdk\8.0.303\Extensions\Microsoft.VisualStudio.TestPlatform.Extensions.Html.TestLogger.dll
TpTrace Verbose: 0 : 22256, 1, 2024/10/25, 14:59:37.027, 6727158198251, vstest.console.dll, MetadataReaderExtensionsHelper: Discovering extensions inside assembly 'Microsoft.VisualStudio.TestPlatform.Extensions.Html.TestLogger, Version=15.0.0.0, Culture=neutral, PublicKeyToken=b03f5f7f11d50a3a' file path 'C:\Program Files\dotnet\sdk\8.0.303\Extensions\Microsoft.VisualStudio.TestPlatform.Extensions.Html.TestLogger.dll'
TpTrace Information: 0 : 22256, 1, 2024/10/25, 14:59:37.029, 6727158217622, vstest.console.dll, AssemblyResolver.OnResolve: Microsoft.VisualStudio.TestPlatform.Extensions.Trx.TestLogger: Resolving assembly.
TpTrace Information: 0 : 22256, 1, 2024/10/25, 14:59:37.029, 6727158218606, vstest.console.dll, AssemblyResolver.OnResolve: Microsoft.VisualStudio.TestPlatform.Extensions.Trx.TestLogger: Searching in: 'C:\Program Files\dotnet\sdk\8.0.303\Extensions'.
TpTrace Information: 0 : 22256, 1, 2024/10/25, 14:59:37.031, 6727158232369, vstest.console.dll, AssemblyResolver.OnResolve: Microsoft.VisualStudio.TestPlatform.Extensions.Trx.TestLogger: Loading assembly 'C:\Program Files\dotnet\sdk\8.0.303\Extensions\Microsoft.VisualStudio.TestPlatform.Extensions.Trx.TestLogger.dll'.
TpTrace Information: 0 : 22256, 1, 2024/10/25, 14:59:37.033, 6727158257675, vstest.console.dll, AssemblyResolver.OnResolve: Resolved assembly: Microsoft.VisualStudio.TestPlatform.Extensions.Trx.TestLogger, from path: C:\Program Files\dotnet\sdk\8.0.303\Extensions\Microsoft.VisualStudio.TestPlatform.Extensions.Trx.TestLogger.dll
TpTrace Verbose: 0 : 22256, 1, 2024/10/25, 14:59:37.033, 6727158258822, vstest.console.dll, MetadataReaderExtensionsHelper: Discovering extensions inside assembly 'Microsoft.VisualStudio.TestPlatform.Extensions.Trx.TestLogger, Version=15.0.0.0, Culture=neutral, PublicKeyToken=b03f5f7f11d50a3a' file path 'C:\Program Files\dotnet\sdk\8.0.303\Extensions\Microsoft.VisualStudio.TestPlatform.Extensions.Trx.TestLogger.dll'
TpTrace Verbose: 0 : 22256, 1, 2024/10/25, 14:59:37.036, 6727158280872, vstest.console.dll, TestPluginCache: Discovered the extensions using extension path ''.
TpTrace Verbose: 0 : 22256, 1, 2024/10/25, 14:59:37.036, 6727158281878, vstest.console.dll, TestPluginCache: Discoverers are ''.
TpTrace Verbose: 0 : 22256, 1, 2024/10/25, 14:59:37.036, 6727158282170, vstest.console.dll, TestPluginCache: Executors are ''.
TpTrace Verbose: 0 : 22256, 1, 2024/10/25, 14:59:37.036, 6727158282420, vstest.console.dll, TestPluginCache: Executors2 are ''.
TpTrace Verbose: 0 : 22256, 1, 2024/10/25, 14:59:37.036, 6727158282662, vstest.console.dll, TestPluginCache: Setting providers are ''.
TpTrace Verbose: 0 : 22256, 1, 2024/10/25, 14:59:37.036, 6727158282902, vstest.console.dll, TestPluginCache: Loggers are ''.
TpTrace Verbose: 0 : 22256, 1, 2024/10/25, 14:59:37.036, 6727158285127, vstest.console.dll, TestPluginCache: TestHosts are 'HostProvider://DefaultTestHost,HostProvider://DotnetTestHost'.
TpTrace Verbose: 0 : 22256, 1, 2024/10/25, 14:59:37.036, 6727158285570, vstest.console.dll, TestPluginCache: DataCollectors are ''.
TpTrace Information: 0 : 22256, 1, 2024/10/25, 14:59:37.054, 6727158467624, vstest.console.dll, RunTestsArgumentProcessor:Execute: Test run is starting.
TpTrace Verbose: 0 : 22256, 1, 2024/10/25, 14:59:37.054, 6727158468610, vstest.console.dll, RunTestsArgumentProcessor:Execute: Queuing Test run.
TpTrace Information: 0 : 22256, 1, 2024/10/25, 14:59:37.055, 6727158473266, vstest.console.dll, TestRequestManager.RunTests: run tests started.
TpTrace Information: 0 : 22256, 1, 2024/10/25, 14:59:37.056, 6727158484730, vstest.console.dll, AssemblyMetadataProvider.GetFrameworkName: Determined framework:'.NETCoreApp,Version=v8.0' for source: 'C:\Users\hp\Desktop\SE-ScreenShare\source\repos\ScreenShare\Screentest\bin\Debug\net8.0-windows\fine-code-coverage\build-output\Screentest.dll'
TpTrace Information: 0 : 22256, 1, 2024/10/25, 14:59:37.056, 6727158486023, vstest.console.dll, Determined framework for all sources: .NETCoreApp,Version=v8.0
TpTrace Verbose: 0 : 22256, 1, 2024/10/25, 14:59:37.056, 6727158488400, vstest.console.dll, TestRequestManager.UpdateRunSettingsIfRequired: Default architecture: X64 IsDefaultTargetArchitecture: True, Current process architecture: X64 OperatingSystem: Windows.
TpTrace Information: 0 : 22256, 1, 2024/10/25, 14:59:37.058, 6727158502895, vstest.console.dll, AssemblyMetadataProvider.GetArchitecture: Determined architecture:AnyCPU info for assembly: C:\Users\hp\Desktop\SE-ScreenShare\source\repos\ScreenShare\Screentest\bin\Debug\net8.0-windows\fine-code-coverage\build-output\Screentest.dll
TpTrace Information: 0 : 22256, 1, 2024/10/25, 14:59:37.058, 6727158503308, vstest.console.dll, Determined platform for source 'C:\Users\hp\Desktop\SE-ScreenShare\source\repos\ScreenShare\Screentest\bin\Debug\net8.0-windows\fine-code-coverage\build-output\Screentest.dll' was AnyCPU and it will use the default plaform X64.
TpTrace Information: 0 : 22256, 1, 2024/10/25, 14:59:37.058, 6727158503478, vstest.console.dll, None of the sources provided any runnable platform, using the default platform: X64
TpTrace Information: 0 : 22256, 1, 2024/10/25, 14:59:37.058, 6727158504071, vstest.console.dll, Platform was updated to 'X64'.
TpTrace Information: 0 : 22256, 1, 2024/10/25, 14:59:37.064, 6727158561540, vstest.console.dll, InferRunSettingsHelper.IsTestSettingsEnabled: Unable to navigate to RunSettings/MSTest. Current node: RunSettings
TpTrace Information: 0 : 22256, 1, 2024/10/25, 14:59:37.064, 6727158569299, vstest.console.dll, AssemblyResolver.OnResolve: Microsoft.VisualStudio.TestPlatform.Fakes: Resolving assembly.
TpTrace Information: 0 : 22256, 1, 2024/10/25, 14:59:37.065, 6727158569980, vstest.console.dll, AssemblyResolver.OnResolve: Microsoft.VisualStudio.TestPlatform.Fakes: Searching in: 'C:\Program Files\dotnet\sdk\8.0.303\Extensions'.
TpTrace Information: 0 : 22256, 1, 2024/10/25, 14:59:37.065, 6727158571282, vstest.console.dll, AssemblyResolver.OnResolve: Microsoft.VisualStudio.TestPlatform.Fakes: Assembly path does not exist: 'C:\Program Files\dotnet\sdk\8.0.303\Extensions\Microsoft.VisualStudio.TestPlatform.Fakes.dll', returning.
TpTrace Information: 0 : 22256, 1, 2024/10/25, 14:59:37.065, 6727158572083, vstest.console.dll, AssemblyResolver.OnResolve: Microsoft.VisualStudio.TestPlatform.Fakes: Assembly path does not exist: 'C:\Program Files\dotnet\sdk\8.0.303\Extensions\Microsoft.VisualStudio.TestPlatform.Fakes.exe', returning.
TpTrace Information: 0 : 22256, 1, 2024/10/25, 14:59:37.065, 6727158572351, vstest.console.dll, AssemblyResolver.OnResolve: Microsoft.VisualStudio.TestPlatform.Fakes: Searching in: 'C:\Program Files\dotnet\sdk\8.0.303'.
TpTrace Information: 0 : 22256, 1, 2024/10/25, 14:59:37.065, 6727158572934, vstest.console.dll, AssemblyResolver.OnResolve: Microsoft.VisualStudio.TestPlatform.Fakes: Assembly path does not exist: 'C:\Program Files\dotnet\sdk\8.0.303\Microsoft.VisualStudio.TestPlatform.Fakes.dll', returning.
TpTrace Information: 0 : 22256, 1, 2024/10/25, 14:59:37.065, 6727158573472, vstest.console.dll, AssemblyResolver.OnResolve: Microsoft.VisualStudio.TestPlatform.Fakes: Assembly path does not exist: 'C:\Program Files\dotnet\sdk\8.0.303\Microsoft.VisualStudio.TestPlatform.Fakes.exe', returning.
TpTrace Information: 0 : 22256, 1, 2024/10/25, 14:59:37.065, 6727158573757, vstest.console.dll, AssemblyResolver.OnResolve: Microsoft.VisualStudio.TestPlatform.Fakes: Failed to load assembly.
TpTrace Information: 0 : 22256, 1, 2024/10/25, 14:59:37.065, 6727158576340, vstest.console.dll, Failed to load assembly Microsoft.VisualStudio.TestPlatform.Fakes, Version=17.0.0.0, Culture=neutral. Reason:System.IO.FileNotFoundException: Could not load file or assembly 'Microsoft.VisualStudio.TestPlatform.Fakes, Version=17.0.0.0, Culture=neutral, PublicKeyToken=null'. The system cannot find the file specified.
File name: 'Microsoft.VisualStudio.TestPlatform.Fakes, Version=17.0.0.0, Culture=neutral, PublicKeyToken=null'
   at System.Reflection.RuntimeAssembly.InternalLoad(AssemblyName assemblyName, StackCrawlMark& stackMark, AssemblyLoadContext assemblyLoadContext, RuntimeAssembly requestingAssembly, Boolean throwOnFileNotFound)
   at System.Reflection.Assembly.Load(AssemblyName assemblyRef)
   at Microsoft.VisualStudio.TestPlatform.Common.Utilities.FakesUtilities.LoadTestPlatformAssembly() in /_/src/Microsoft.TestPlatform.Common/Utilities/FakesUtilities.cs:line 272
TpTrace Verbose: 0 : 22256, 1, 2024/10/25, 14:59:37.069, 6727158609960, vstest.console.dll, TestPluginCache.DiscoverTestExtensions: finding test extensions in assemblies ends with: TestLogger.dll TPluginInfo: Microsoft.VisualStudio.TestPlatform.Common.ExtensionFramework.Utilities.TestLoggerPluginInformation TExtension: Microsoft.VisualStudio.TestPlatform.ObjectModel.Client.ITestLogger
TpTrace Verbose: 0 : 22256, 1, 2024/10/25, 14:59:37.069, 6727158610800, vstest.console.dll, TestPluginCache.GetExtensionPaths: Filtered extension paths: 
TpTrace Verbose: 0 : 22256, 1, 2024/10/25, 14:59:37.069, 6727158611009, vstest.console.dll, TestPluginCache.GetExtensionPaths: Added default extension paths: C:\Program Files\dotnet\sdk\8.0.303\Extensions\Microsoft.Diagnostics.NETCore.Client.dll
C:\Program Files\dotnet\sdk\8.0.303\Extensions\Microsoft.TestPlatform.Extensions.BlameDataCollector.dll
C:\Program Files\dotnet\sdk\8.0.303\Extensions\Microsoft.TestPlatform.Extensions.EventLogCollector.dll
C:\Program Files\dotnet\sdk\8.0.303\Extensions\Microsoft.TestPlatform.TestHostRuntimeProvider.dll
C:\Program Files\dotnet\sdk\8.0.303\Extensions\Microsoft.VisualStudio.TestPlatform.Extensions.Html.TestLogger.dll
C:\Program Files\dotnet\sdk\8.0.303\Extensions\Microsoft.VisualStudio.TestPlatform.Extensions.Trx.TestLogger.dll
TpTrace Verbose: 0 : 22256, 1, 2024/10/25, 14:59:37.069, 6727158611176, vstest.console.dll, TestPluginCache.GetExtensionPaths: Added unfilterableExtensionPaths: 
TpTrace Information: 0 : 22256, 1, 2024/10/25, 14:59:37.069, 6727158612333, vstest.console.dll, AssemblyResolver.AddSearchDirectories: Adding more searchDirectories C:\Program Files\dotnet\sdk\8.0.303\Extensions,C:\Program Files\dotnet\sdk\8.0.303
TpTrace Verbose: 0 : 22256, 1, 2024/10/25, 14:59:37.069, 6727158612779, vstest.console.dll, TestPluginCache.DiscoverTestExtensions: Discovering the extensions using extension path.
TpTrace Verbose: 0 : 22256, 1, 2024/10/25, 14:59:37.069, 6727158612995, vstest.console.dll, TestPluginCache.GetExtensionPaths: Filtered extension paths: 
TpTrace Verbose: 0 : 22256, 1, 2024/10/25, 14:59:37.069, 6727158613185, vstest.console.dll, TestPluginCache.GetExtensionPaths: Added default extension paths: C:\Program Files\dotnet\sdk\8.0.303\Extensions\Microsoft.Diagnostics.NETCore.Client.dll
C:\Program Files\dotnet\sdk\8.0.303\Extensions\Microsoft.TestPlatform.Extensions.BlameDataCollector.dll
C:\Program Files\dotnet\sdk\8.0.303\Extensions\Microsoft.TestPlatform.Extensions.EventLogCollector.dll
C:\Program Files\dotnet\sdk\8.0.303\Extensions\Microsoft.TestPlatform.TestHostRuntimeProvider.dll
C:\Program Files\dotnet\sdk\8.0.303\Extensions\Microsoft.VisualStudio.TestPlatform.Extensions.Html.TestLogger.dll
C:\Program Files\dotnet\sdk\8.0.303\Extensions\Microsoft.VisualStudio.TestPlatform.Extensions.Trx.TestLogger.dll
TpTrace Verbose: 0 : 22256, 1, 2024/10/25, 14:59:37.069, 6727158613351, vstest.console.dll, TestPluginCache.GetExtensionPaths: Added unfilterableExtensionPaths: 
TpTrace Verbose: 0 : 22256, 1, 2024/10/25, 14:59:37.069, 6727158613564, vstest.console.dll, TestPluginCache.DiscoverTestExtensions: Discovering the extensions using allExtensionPaths: C:\Program Files\dotnet\sdk\8.0.303\Extensions\Microsoft.Diagnostics.NETCore.Client.dll
C:\Program Files\dotnet\sdk\8.0.303\Extensions\Microsoft.TestPlatform.Extensions.BlameDataCollector.dll
C:\Program Files\dotnet\sdk\8.0.303\Extensions\Microsoft.TestPlatform.Extensions.EventLogCollector.dll
C:\Program Files\dotnet\sdk\8.0.303\Extensions\Microsoft.TestPlatform.TestHostRuntimeProvider.dll
C:\Program Files\dotnet\sdk\8.0.303\Extensions\Microsoft.VisualStudio.TestPlatform.Extensions.Html.TestLogger.dll
C:\Program Files\dotnet\sdk\8.0.303\Extensions\Microsoft.VisualStudio.TestPlatform.Extensions.Trx.TestLogger.dll
TpTrace Information: 0 : 22256, 1, 2024/10/25, 14:59:37.069, 6727158614282, vstest.console.dll, AssemblyResolver.AddSearchDirectories: Adding more searchDirectories C:\Program Files\dotnet\sdk\8.0.303\Extensions,C:\Program Files\dotnet\sdk\8.0.303
TpTrace Information: 0 : 22256, 1, 2024/10/25, 14:59:37.069, 6727158614544, vstest.console.dll, AssemblyResolver.AddSearchDirectories: Adding more searchDirectories C:\Program Files\dotnet\sdk\8.0.303\Extensions,C:\Program Files\dotnet\sdk\8.0.303
TpTrace Information: 0 : 22256, 1, 2024/10/25, 14:59:37.069, 6727158614714, vstest.console.dll, AssemblyResolver.AddSearchDirectories: Adding more searchDirectories C:\Program Files\dotnet\sdk\8.0.303\Extensions,C:\Program Files\dotnet\sdk\8.0.303
TpTrace Information: 0 : 22256, 1, 2024/10/25, 14:59:37.069, 6727158614874, vstest.console.dll, AssemblyResolver.AddSearchDirectories: Adding more searchDirectories C:\Program Files\dotnet\sdk\8.0.303\Extensions,C:\Program Files\dotnet\sdk\8.0.303
TpTrace Information: 0 : 22256, 1, 2024/10/25, 14:59:37.069, 6727158615033, vstest.console.dll, AssemblyResolver.AddSearchDirectories: Adding more searchDirectories C:\Program Files\dotnet\sdk\8.0.303\Extensions,C:\Program Files\dotnet\sdk\8.0.303
TpTrace Information: 0 : 22256, 1, 2024/10/25, 14:59:37.069, 6727158615224, vstest.console.dll, AssemblyResolver.AddSearchDirectories: Adding more searchDirectories C:\Program Files\dotnet\sdk\8.0.303\Extensions,C:\Program Files\dotnet\sdk\8.0.303
TpTrace Verbose: 0 : 22256, 1, 2024/10/25, 14:59:37.069, 6727158615872, vstest.console.dll, MetadataReaderExtensionsHelper: Discovering extensions inside assembly 'Microsoft.Diagnostics.NETCore.Client, Version=0.2.10.15101, Culture=neutral, PublicKeyToken=31bf3856ad364e35' file path 'C:\Program Files\dotnet\sdk\8.0.303\Extensions\Microsoft.Diagnostics.NETCore.Client.dll'
TpTrace Information: 0 : 22256, 1, 2024/10/25, 14:59:37.070, 6727158627827, vstest.console.dll, AssemblyResolver.OnResolve: Microsoft.Bcl.AsyncInterfaces: Resolving assembly.
TpTrace Information: 0 : 22256, 1, 2024/10/25, 14:59:37.070, 6727158628339, vstest.console.dll, AssemblyResolver.OnResolve: Microsoft.Bcl.AsyncInterfaces: Resolved from cache.
TpTrace Verbose: 0 : 22256, 1, 2024/10/25, 14:59:37.070, 6727158628514, vstest.console.dll, CurrentDomainAssemblyResolve: Resolving assembly 'Microsoft.Bcl.AsyncInterfaces'.
TpTrace Information: 0 : 22256, 1, 2024/10/25, 14:59:37.070, 6727158628863, vstest.console.dll, AssemblyResolver.OnResolve: Microsoft.Bcl.AsyncInterfaces: Resolving assembly.
TpTrace Information: 0 : 22256, 1, 2024/10/25, 14:59:37.070, 6727158629051, vstest.console.dll, AssemblyResolver.OnResolve: Microsoft.Bcl.AsyncInterfaces: Resolved from cache.
TpTrace Verbose: 0 : 22256, 1, 2024/10/25, 14:59:37.070, 6727158629199, vstest.console.dll, CurrentDomainAssemblyResolve: Resolving assembly 'Microsoft.Bcl.AsyncInterfaces'.
TpTrace Verbose: 0 : 22256, 1, 2024/10/25, 14:59:37.070, 6727158629342, vstest.console.dll, CurrentDomainAssemblyResolve: Failed to resolve assembly 'Microsoft.Bcl.AsyncInterfaces'.
TpTrace Verbose: 0 : 22256, 1, 2024/10/25, 14:59:37.071, 6727158630331, vstest.console.dll, CurrentDomainAssemblyResolve: Failed to resolve assembly 'Microsoft.Bcl.AsyncInterfaces'.
TpTrace Warning: 0 : 22256, 1, 2024/10/25, 14:59:37.071, 6727158632565, vstest.console.dll, TestPluginDiscoverer: Failed to get types from assembly 'Microsoft.Diagnostics.NETCore.Client, Version=0.2.10.15101, Culture=neutral, PublicKeyToken=31bf3856ad364e35'. Error: System.Reflection.ReflectionTypeLoadException: Unable to load one or more of the requested types.
Could not load file or assembly 'Microsoft.Bcl.AsyncInterfaces, Version=6.0.0.0, Culture=neutral, PublicKeyToken=cc7b13ffcd2ddd51'. The system cannot find the file specified.
   at System.Reflection.RuntimeModule.GetTypes(RuntimeModule module)
   at System.Reflection.RuntimeModule.GetTypes()
   at Microsoft.VisualStudio.TestPlatform.Common.ExtensionFramework.TestPluginDiscoverer.GetTestExtensionsFromAssembly[TPluginInfo,TExtension](Assembly assembly, Dictionary`2 pluginInfos, String filePath) in /_/src/Microsoft.TestPlatform.Common/ExtensionFramework/TestPluginDiscoverer.cs:line 158
System.IO.FileNotFoundException: Could not load file or assembly 'Microsoft.Bcl.AsyncInterfaces, Version=6.0.0.0, Culture=neutral, PublicKeyToken=cc7b13ffcd2ddd51'. The system cannot find the file specified.
File name: 'Microsoft.Bcl.AsyncInterfaces, Version=6.0.0.0, Culture=neutral, PublicKeyToken=cc7b13ffcd2ddd51'
 ---> System.IO.FileNotFoundException: Could not load file or assembly 'Microsoft.Bcl.AsyncInterfaces, Culture=neutral, PublicKeyToken=null'. The system cannot find the file specified.
File name: 'Microsoft.Bcl.AsyncInterfaces, Culture=neutral, PublicKeyToken=null'
   at System.Reflection.RuntimeAssembly.InternalLoad(AssemblyName assemblyName, StackCrawlMark& stackMark, AssemblyLoadContext assemblyLoadContext, RuntimeAssembly requestingAssembly, Boolean throwOnFileNotFound)
   at System.Reflection.Assembly.Load(AssemblyName assemblyRef)
   at Microsoft.VisualStudio.TestPlatform.Common.ExtensionFramework.TestPluginCache.CurrentDomainAssemblyResolve(Object sender, AssemblyResolveEventArgs args) in /_/src/Microsoft.TestPlatform.Common/ExtensionFramework/TestPluginCache.cs:line 513
   at System.Runtime.Loader.AssemblyLoadContext.GetFirstResolvedAssemblyFromResolvingEvent(AssemblyName assemblyName)
   at System.Runtime.Loader.AssemblyLoadContext.ResolveUsingEvent(AssemblyName assemblyName)
   at System.Runtime.Loader.AssemblyLoadContext.ResolveUsingResolvingEvent(IntPtr gchManagedAssemblyLoadContext, AssemblyName assemblyName)
TpTrace Warning: 0 : 22256, 1, 2024/10/25, 14:59:37.071, 6727158633595, vstest.console.dll, LoaderExceptions: System.IO.FileNotFoundException: Could not load file or assembly 'Microsoft.Bcl.AsyncInterfaces, Version=6.0.0.0, Culture=neutral, PublicKeyToken=cc7b13ffcd2ddd51'. The system cannot find the file specified.
File name: 'Microsoft.Bcl.AsyncInterfaces, Version=6.0.0.0, Culture=neutral, PublicKeyToken=cc7b13ffcd2ddd51'
 ---> System.IO.FileNotFoundException: Could not load file or assembly 'Microsoft.Bcl.AsyncInterfaces, Culture=neutral, PublicKeyToken=null'. The system cannot find the file specified.
File name: 'Microsoft.Bcl.AsyncInterfaces, Culture=neutral, PublicKeyToken=null'
   at System.Reflection.RuntimeAssembly.InternalLoad(AssemblyName assemblyName, StackCrawlMark& stackMark, AssemblyLoadContext assemblyLoadContext, RuntimeAssembly requestingAssembly, Boolean throwOnFileNotFound)
   at System.Reflection.Assembly.Load(AssemblyName assemblyRef)
   at Microsoft.VisualStudio.TestPlatform.Common.ExtensionFramework.TestPluginCache.CurrentDomainAssemblyResolve(Object sender, AssemblyResolveEventArgs args) in /_/src/Microsoft.TestPlatform.Common/ExtensionFramework/TestPluginCache.cs:line 513
   at System.Runtime.Loader.AssemblyLoadContext.GetFirstResolvedAssemblyFromResolvingEvent(AssemblyName assemblyName)
   at System.Runtime.Loader.AssemblyLoadContext.ResolveUsingEvent(AssemblyName assemblyName)
   at System.Runtime.Loader.AssemblyLoadContext.ResolveUsingResolvingEvent(IntPtr gchManagedAssemblyLoadContext, AssemblyName assemblyName)
TpTrace Verbose: 0 : 22256, 1, 2024/10/25, 14:59:37.071, 6727158634080, vstest.console.dll, MetadataReaderExtensionsHelper: Discovering extensions inside assembly 'Microsoft.TestPlatform.Extensions.BlameDataCollector, Version=15.0.0.0, Culture=neutral, PublicKeyToken=b03f5f7f11d50a3a' file path 'C:\Program Files\dotnet\sdk\8.0.303\Extensions\Microsoft.TestPlatform.Extensions.BlameDataCollector.dll'
TpTrace Information: 0 : 22256, 1, 2024/10/25, 14:59:37.072, 6727158640795, vstest.console.dll, GetTestExtensionFromType: Register extension with identifier data 'logger://Microsoft/TestPlatform/Extensions/Blame/v1' and type 'Microsoft.TestPlatform.Extensions.BlameDataCollector.BlameLogger, Microsoft.TestPlatform.Extensions.BlameDataCollector, Version=15.0.0.0, Culture=neutral, PublicKeyToken=b03f5f7f11d50a3a' inside file 'C:\Program Files\dotnet\sdk\8.0.303\Extensions\Microsoft.TestPlatform.Extensions.BlameDataCollector.dll'
TpTrace Verbose: 0 : 22256, 1, 2024/10/25, 14:59:37.072, 6727158641342, vstest.console.dll, MetadataReaderExtensionsHelper: Discovering extensions inside assembly 'Microsoft.TestPlatform.Extensions.EventLogCollector, Version=15.0.0.0, Culture=neutral, PublicKeyToken=b03f5f7f11d50a3a' file path 'C:\Program Files\dotnet\sdk\8.0.303\Extensions\Microsoft.TestPlatform.Extensions.EventLogCollector.dll'
TpTrace Verbose: 0 : 22256, 1, 2024/10/25, 14:59:37.072, 6727158645828, vstest.console.dll, MetadataReaderExtensionsHelper: Discovering extensions inside assembly 'Microsoft.TestPlatform.TestHostRuntimeProvider, Version=15.0.0.0, Culture=neutral, PublicKeyToken=b03f5f7f11d50a3a' file path 'C:\Program Files\dotnet\sdk\8.0.303\Extensions\Microsoft.TestPlatform.TestHostRuntimeProvider.dll'
TpTrace Verbose: 0 : 22256, 1, 2024/10/25, 14:59:37.073, 6727158650552, vstest.console.dll, MetadataReaderExtensionsHelper: Discovering extensions inside assembly 'Microsoft.VisualStudio.TestPlatform.Extensions.Html.TestLogger, Version=15.0.0.0, Culture=neutral, PublicKeyToken=b03f5f7f11d50a3a' file path 'C:\Program Files\dotnet\sdk\8.0.303\Extensions\Microsoft.VisualStudio.TestPlatform.Extensions.Html.TestLogger.dll'
TpTrace Information: 0 : 22256, 1, 2024/10/25, 14:59:37.073, 6727158656356, vstest.console.dll, GetTestExtensionFromType: Register extension with identifier data 'logger://Microsoft/TestPlatform/HtmlLogger/v1' and type 'Microsoft.VisualStudio.TestPlatform.Extensions.HtmlLogger.HtmlLogger, Microsoft.VisualStudio.TestPlatform.Extensions.Html.TestLogger, Version=15.0.0.0, Culture=neutral, PublicKeyToken=b03f5f7f11d50a3a' inside file 'C:\Program Files\dotnet\sdk\8.0.303\Extensions\Microsoft.VisualStudio.TestPlatform.Extensions.Html.TestLogger.dll'
TpTrace Verbose: 0 : 22256, 1, 2024/10/25, 14:59:37.073, 6727158656831, vstest.console.dll, MetadataReaderExtensionsHelper: Discovering extensions inside assembly 'Microsoft.VisualStudio.TestPlatform.Extensions.Trx.TestLogger, Version=15.0.0.0, Culture=neutral, PublicKeyToken=b03f5f7f11d50a3a' file path 'C:\Program Files\dotnet\sdk\8.0.303\Extensions\Microsoft.VisualStudio.TestPlatform.Extensions.Trx.TestLogger.dll'
TpTrace Information: 0 : 22256, 1, 2024/10/25, 14:59:37.074, 6727158665343, vstest.console.dll, GetTestExtensionFromType: Register extension with identifier data 'logger://Microsoft/TestPlatform/TrxLogger/v1' and type 'Microsoft.VisualStudio.TestPlatform.Extensions.TrxLogger.TrxLogger, Microsoft.VisualStudio.TestPlatform.Extensions.Trx.TestLogger, Version=15.0.0.0, Culture=neutral, PublicKeyToken=b03f5f7f11d50a3a' inside file 'C:\Program Files\dotnet\sdk\8.0.303\Extensions\Microsoft.VisualStudio.TestPlatform.Extensions.Trx.TestLogger.dll'
TpTrace Verbose: 0 : 22256, 1, 2024/10/25, 14:59:37.074, 6727158666511, vstest.console.dll, TestPluginCache: Discovered the extensions using extension path ''.
TpTrace Verbose: 0 : 22256, 1, 2024/10/25, 14:59:37.074, 6727158666928, vstest.console.dll, TestPluginCache: Discoverers are ''.
TpTrace Verbose: 0 : 22256, 1, 2024/10/25, 14:59:37.074, 6727158667247, vstest.console.dll, TestPluginCache: Executors are ''.
TpTrace Verbose: 0 : 22256, 1, 2024/10/25, 14:59:37.074, 6727158667518, vstest.console.dll, TestPluginCache: Executors2 are ''.
TpTrace Verbose: 0 : 22256, 1, 2024/10/25, 14:59:37.074, 6727158667722, vstest.console.dll, TestPluginCache: Setting providers are ''.
TpTrace Verbose: 0 : 22256, 1, 2024/10/25, 14:59:37.074, 6727158668336, vstest.console.dll, TestPluginCache: Loggers are 'logger://Microsoft/TestPlatform/Extensions/Blame/v1,logger://Microsoft/TestPlatform/HtmlLogger/v1,logger://Microsoft/TestPlatform/TrxLogger/v1'.
TpTrace Verbose: 0 : 22256, 1, 2024/10/25, 14:59:37.074, 6727158668701, vstest.console.dll, TestPluginCache: TestHosts are 'HostProvider://DefaultTestHost,HostProvider://DotnetTestHost'.
TpTrace Verbose: 0 : 22256, 1, 2024/10/25, 14:59:37.074, 6727158668949, vstest.console.dll, TestPluginCache: DataCollectors are ''.
TpTrace Information: 0 : 22256, 1, 2024/10/25, 14:59:37.076, 6727158679409, vstest.console.dll, TestPluginManager.CreateTestExtension: Attempting to load test extension: Microsoft.TestPlatform.Extensions.BlameDataCollector.BlameLogger
TpTrace Verbose: 0 : 22256, 1, 2024/10/25, 14:59:37.085, 6727158776150, vstest.console.dll, TestEngine: Initializing Parallel Execution as MaxCpuCount is set to: 1
TpTrace Information: 0 : 22256, 1, 2024/10/25, 14:59:37.087, 6727158791379, vstest.console.dll, TestPluginManager.CreateTestExtension: Attempting to load test extension: Microsoft.VisualStudio.TestPlatform.CrossPlatEngine.Hosting.DefaultTestHostManager
TpTrace Information: 0 : 22256, 1, 2024/10/25, 14:59:37.089, 6727158811474, vstest.console.dll, TestPluginManager.CreateTestExtension: Attempting to load test extension: Microsoft.VisualStudio.TestPlatform.CrossPlatEngine.Hosting.DotnetTestHostManager
TpTrace Information: 0 : 22256, 1, 2024/10/25, 14:59:37.089, 6727158817362, vstest.console.dll, InferRunSettingsHelper.IsTestSettingsEnabled: Unable to navigate to RunSettings/MSTest. Current node: RunSettings
TpTrace Verbose: 0 : 22256, 1, 2024/10/25, 14:59:37.090, 6727158826462, vstest.console.dll, ParallelOperationManager.ClearSlots: Clearing all slots. Slots should accept more work: True
TpTrace Verbose: 0 : 22256, 1, 2024/10/25, 14:59:37.091, 6727158834204, vstest.console.dll, ParallelOperationManager.SetOccupiedSlotCount: Setting slot counts AvailableSlotCount = 1, OccupiedSlotCount = 0.
TpTrace Verbose: 0 : 22256, 1, 2024/10/25, 14:59:37.091, 6727158837493, vstest.console.dll, Occupied slots:

TpTrace Verbose: 0 : 22256, 1, 2024/10/25, 14:59:37.094, 6727158864999, vstest.console.dll, TestEngine.GetExecutionManager: Chosen execution manager 'Microsoft.VisualStudio.TestPlatform.CrossPlatEngine.Client.Parallel.ParallelProxyExecutionManager, Microsoft.TestPlatform.CrossPlatEngine, Version=15.0.0.0, Culture=neutral, PublicKeyToken=b03f5f7f11d50a3a' ParallelLevel '1'.
TpTrace Verbose: 0 : 22256, 1, 2024/10/25, 14:59:37.094, 6727158865930, vstest.console.dll, TestRunRequest.ExecuteAsync: Creating test run request.
TpTrace Verbose: 0 : 22256, 1, 2024/10/25, 14:59:37.094, 6727158867553, vstest.console.dll, TestRunRequest.ExecuteAsync: Starting.
TpTrace Information: 0 : 22256, 1, 2024/10/25, 14:59:37.095, 6727158875886, vstest.console.dll, TestRunRequest.ExecuteAsync: Starting run with settings:TestRunCriteria:
   KeepAlive=False,FrequencyOfRunStatsChangeEvent=10,RunStatsChangeEventTimeout=00:00:01.5000000,TestCaseFilter=,TestExecutorLauncher=
   Settingsxml=<RunSettings>
  <RunConfiguration>
    <ResultsDirectory>C:\Users\hp\Desktop\SE-ScreenShare\source\repos\ScreenShare\Screentest\bin\Debug\net8.0-windows\fine-code-coverage\coverage-tool-output</ResultsDirectory>
    <TargetPlatform>X64</TargetPlatform>
    <TargetFrameworkVersion>.NETCoreApp,Version=v8.0</TargetFrameworkVersion>
    <DesignMode>False</DesignMode>
    <CollectSourceInformation>False</CollectSourceInformation>
  </RunConfiguration>
  <LoggerRunSettings>
    <Loggers>
      <Logger friendlyName="blame" enabled="True" />
      <Logger friendlyName="Console" uri="logger://microsoft/TestPlatform/ConsoleLogger/v1" assemblyQualifiedName="Microsoft.VisualStudio.TestPlatform.CommandLine.Internal.ConsoleLogger, vstest.console, Version=15.0.0.0, Culture=neutral, PublicKeyToken=b03f5f7f11d50a3a" codeBase="C:\Program Files\dotnet\sdk\8.0.303\vstest.console.dll" enabled="True" />
    </Loggers>
  </LoggerRunSettings>
  <DataCollectionRunSettings>
    <DataCollectors>
      <DataCollector friendlyName="blame" enabled="True">
        <Configuration>
          <ResultsDirectory>C:\Users\hp\Desktop\SE-ScreenShare\source\repos\ScreenShare\Screentest\bin\Debug\net8.0-windows\fine-code-coverage\coverage-tool-output</ResultsDirectory>
        </Configuration>
      </DataCollector>
    </DataCollectors>
  </DataCollectionRunSettings>
</RunSettings>

TpTrace Verbose: 0 : 22256, 1, 2024/10/25, 14:59:37.095, 6727158876423, vstest.console.dll, TestRunRequest.ExecuteAsync: Wait for the first run request is over.
TpTrace Verbose: 0 : 22256, 1, 2024/10/25, 14:59:37.095, 6727158878555, vstest.console.dll, MulticastDelegateUtilities.SafeInvoke: TestRun.TestRunStart: Invoking callbacks was skipped because there are no subscribers.
TpTrace Verbose: 0 : 22256, 4, 2024/10/25, 14:59:37.096, 6727158880948, vstest.console.dll, MulticastDelegateUtilities.SafeInvoke: InternalTestLoggerEvents.SendTestRunStart: Invoking callback 1/1 for Microsoft.VisualStudio.TestPlatform.CommandLine.Internal.ConsoleLogger., took 0 ms.
TpTrace Verbose: 0 : 22256, 1, 2024/10/25, 14:59:37.096, 6727158887841, vstest.console.dll, ParallelProxyExecutionManager: Start execution. Total sources: 1
TpTrace Verbose: 0 : 22256, 1, 2024/10/25, 14:59:37.097, 6727158891010, vstest.console.dll, ParallelOperationManager.StartWork: Starting adding 1 workloads.
TpTrace Verbose: 0 : 22256, 1, 2024/10/25, 14:59:37.097, 6727158891490, vstest.console.dll, ParallelOperationManager.ClearSlots: Clearing all slots. Slots should accept more work: True
TpTrace Verbose: 0 : 22256, 1, 2024/10/25, 14:59:37.097, 6727158891904, vstest.console.dll, ParallelOperationManager.SetOccupiedSlotCount: Setting slot counts AvailableSlotCount = 1, OccupiedSlotCount = 0.
TpTrace Verbose: 0 : 22256, 1, 2024/10/25, 14:59:37.097, 6727158892125, vstest.console.dll, Occupied slots:

TpTrace Verbose: 0 : 22256, 1, 2024/10/25, 14:59:37.098, 6727158906521, vstest.console.dll, TestRequestSender is acting as server.
TpTrace Verbose: 0 : 22256, 1, 2024/10/25, 14:59:37.099, 6727158919037, vstest.console.dll, ParallelOperationManager.RunWorkInParallel: Adding 1 workload to slot, remaining workloads 0.
TpTrace Verbose: 0 : 22256, 1, 2024/10/25, 14:59:37.100, 6727158919623, vstest.console.dll, ParallelOperationManager.SetOccupiedSlotCount: Setting slot counts AvailableSlotCount = 0, OccupiedSlotCount = 1.
TpTrace Verbose: 0 : 22256, 1, 2024/10/25, 14:59:37.100, 6727158920450, vstest.console.dll, Occupied slots:
0: C:\Users\hp\Desktop\SE-ScreenShare\source\repos\ScreenShare\Screentest\bin\Debug\net8.0-windows\fine-code-coverage\build-output\Screentest.dll
TpTrace Verbose: 0 : 22256, 1, 2024/10/25, 14:59:37.101, 6727158930925, vstest.console.dll, ParallelOperationManager.RunWorkInParallel: Started host in slot number 0 for work (source): C:\Users\hp\Desktop\SE-ScreenShare\source\repos\ScreenShare\Screentest\bin\Debug\net8.0-windows\fine-code-coverage\build-output\Screentest.dll.
TpTrace Verbose: 0 : 22256, 5, 2024/10/25, 14:59:37.102, 6727158941164, vstest.console.dll, ParallelProxyExecutionManager.StartTestRunOnConcurrentManager: Initializing uninitialized client. Started clients: 0
TpTrace Verbose: 0 : 22256, 1, 2024/10/25, 14:59:37.102, 6727158941224, vstest.console.dll, ParallelOperationManager.RunWorkInParallel: We started 1 work items, which is the max parallel level. Won't start more work.
TpTrace Verbose: 0 : 22256, 1, 2024/10/25, 14:59:37.102, 6727158942278, vstest.console.dll, ParallelOperationManager.RunWorkInParallel: We started 1 work items in here, returning True.
TpTrace Information: 0 : 22256, 1, 2024/10/25, 14:59:37.102, 6727158942910, vstest.console.dll, TestRunRequest.ExecuteAsync: Started.
TpTrace Verbose: 0 : 22256, 5, 2024/10/25, 14:59:37.102, 6727158943034, vstest.console.dll, DataCollectionRequestSender.InitializeCommunication : Initialize communication. 
TpTrace Verbose: 0 : 22256, 1, 2024/10/25, 14:59:37.102, 6727158948808, vstest.console.dll, TestRunRequest.WaitForCompletion: Waiting with timeout -1.
TpTrace Information: 0 : 22256, 5, 2024/10/25, 14:59:37.111, 6727159032013, vstest.console.dll, Listening on Endpoint : 127.0.0.1:55670
TpTrace Verbose: 0 : 22256, 5, 2024/10/25, 14:59:37.116, 6727159088709, vstest.console.dll, DotnetDataCollectionLauncher: Adding  --runtimeconfig "C:\Program Files\dotnet\sdk\8.0.303\datacollector.runtimeconfig.json" in args
TpTrace Verbose: 0 : 22256, 5, 2024/10/25, 14:59:37.117, 6727159090046, vstest.console.dll, DotnetDataCollectionLauncher: Adding  --depsfile "C:\Program Files\dotnet\sdk\8.0.303\datacollector.deps.json" in args
TpTrace Verbose: 0 : 22256, 5, 2024/10/25, 14:59:37.117, 6727159091305, vstest.console.dll, DotnetDataCollectionLauncher: Full path of dotnet.exe is C:\Program Files\dotnet\dotnet.exe
TpTrace Information: 0 : 22256, 5, 2024/10/25, 14:59:37.130, 6727159226010, vstest.console.dll, ProxyDataCollectionManager.Initialize: Launched datacollector processId: 16096 port: 55670
TpTrace Information: 0 : 22256, 5, 2024/10/25, 14:59:37.130, 6727159227730, vstest.console.dll, ProxyDataCollectionManager.Initialize: waiting for connection with timeout: 90 seconds
TpTrace Verbose: 0 : 22256, 5, 2024/10/25, 14:59:37.130, 6727159228402, vstest.console.dll, DataCollectionRequestSender.WaitForRequestHandlerConnection : Waiting for connection with timeout: 90000
TpTrace Information: 0 : 22256, 7, 2024/10/25, 14:59:37.350, 6727161419942, vstest.console.dll, Using the buffer size of 16384 bytes
TpTrace Verbose: 0 : 22256, 5, 2024/10/25, 14:59:37.350, 6727161420257, vstest.console.dll, SocketCommunicationManager.WaitForClientConnection took: 219 ms, with 90000 ms timeout, and finished with True.
TpTrace Information: 0 : 22256, 7, 2024/10/25, 14:59:37.350, 6727161422003, vstest.console.dll, Accepted Client request and set the flag
TpTrace Verbose: 0 : 22256, 5, 2024/10/25, 14:59:37.350, 6727161423890, vstest.console.dll, ProxyDataCollectionManager.InvokeDataCollectionServiceAction: Starting.
TpTrace Information: 0 : 22256, 5, 2024/10/25, 14:59:37.350, 6727161424890, vstest.console.dll, ProxyDataCollectionManager.BeforeTestRunStart: Get environment variable and port for datacollector processId: 16096 port: 55670
TpTrace Verbose: 0 : 22256, 5, 2024/10/25, 14:59:37.350, 6727161426415, vstest.console.dll, DataCollectionRequestSender.SendBeforeTestRunStartAndGetResult: Send BeforeTestRunStart message with settingsXml <RunSettings><RunConfiguration><ResultsDirectory>C:\Users\hp\Desktop\SE-ScreenShare\source\repos\ScreenShare\Screentest\bin\Debug\net8.0-windows\fine-code-coverage\coverage-tool-output</ResultsDirectory><TargetPlatform>X64</TargetPlatform><TargetFrameworkVersion>.NETCoreApp,Version=v8.0</TargetFrameworkVersion><DesignMode>False</DesignMode><CollectSourceInformation>False</CollectSourceInformation><TestAdaptersPaths>C:\Program Files\dotnet\sdk\8.0.303\Extensions</TestAdaptersPaths></RunConfiguration><LoggerRunSettings><Loggers><Logger friendlyName="blame" enabled="True" /><Logger friendlyName="Console" uri="logger://microsoft/TestPlatform/ConsoleLogger/v1" assemblyQualifiedName="Microsoft.VisualStudio.TestPlatform.CommandLine.Internal.ConsoleLogger, vstest.console, Version=15.0.0.0, Culture=neutral, PublicKeyToken=b03f5f7f11d50a3a" codeBase="C:\Program Files\dotnet\sdk\8.0.303\vstest.console.dll" enabled="True" /></Loggers></LoggerRunSettings><DataCollectionRunSettings><DataCollectors><DataCollector friendlyName="blame" enabled="True"><Configuration><ResultsDirectory>C:\Users\hp\Desktop\SE-ScreenShare\source\repos\ScreenShare\Screentest\bin\Debug\net8.0-windows\fine-code-coverage\coverage-tool-output</ResultsDirectory></Configuration></DataCollector></DataCollectors></DataCollectionRunSettings></RunSettings> and sources System.Collections.Generic.List`1[System.String]: 
TpTrace Verbose: 0 : 22256, 5, 2024/10/25, 14:59:37.414, 6727162061074, vstest.console.dll, DataCollectionRequestSender.SendBeforeTestRunStartAndGetResult: Received message: (DataCollection.SendMessage) -> {"MessageType":"DataCollection.SendMessage","Payload":{"FriendlyName":null,"Uri":null,"TestCaseId":"00000000-0000-0000-0000-000000000000","Message":"Logging DataCollector Diagnostics in file: C:\\Users\\hp\\Desktop\\SE-ScreenShare\\source\\repos\\ScreenShare\\Screentest\\bin\\Debug\\net8.0-windows\\fine-code-coverage\\coverage-tool-output\\diagnostics.datacollector.24-10-25_14-59-37_11671_5.log","Level":0}}
TpTrace Verbose: 0 : 22256, 5, 2024/10/25, 14:59:37.497, 6727162893869, vstest.console.dll, DataCollectionRequestSender.SendBeforeTestRunStartAndGetResult: Received message: (DataCollection.BeforeTestRunStartResult) -> {"MessageType":"DataCollection.BeforeTestRunStartResult","Payload":{"EnvironmentVariables":{},"DataCollectionEventsPort":55672}}
TpTrace Information: 0 : 22256, 5, 2024/10/25, 14:59:37.501, 6727162937091, vstest.console.dll, ProxyDataCollectionManager.BeforeTestRunStart: SendBeforeTestRunStartAndGetResult successful, env variable from datacollector:   and testhost port: 55672
TpTrace Information: 0 : 22256, 5, 2024/10/25, 14:59:37.501, 6727162938084, vstest.console.dll, ProxyDataCollectionManager.InvokeDataCollectionServiceAction: Completed.
TpTrace Verbose: 0 : 22256, 5, 2024/10/25, 14:59:37.501, 6727162938374, vstest.console.dll, ParallelProxyExecutionManager.StartTestRunOnConcurrentManager: Initializing test run. Started clients: 0
TpTrace Verbose: 0 : 22256, 5, 2024/10/25, 14:59:37.501, 6727162939003, vstest.console.dll, ProxyExecutionManager: Test host is always Lazy initialize.
TpTrace Verbose: 0 : 22256, 5, 2024/10/25, 14:59:37.502, 6727162940483, vstest.console.dll, TestRequestSender.InitializeCommunication: initialize communication. 
TpTrace Information: 0 : 22256, 5, 2024/10/25, 14:59:37.502, 6727162945324, vstest.console.dll, SocketServer.Start: Listening on endpoint : 127.0.0.1:55673
TpTrace Verbose: 0 : 22256, 5, 2024/10/25, 14:59:37.503, 6727162951445, vstest.console.dll, DotnetTestHostmanager.GetTestHostProcessStartInfo: Platform environment 'X64' target architecture 'X64' framework '.NETCoreApp,Version=v8.0' OS 'Windows'
TpTrace Verbose: 0 : 22256, 5, 2024/10/25, 14:59:37.503, 6727162953783, vstest.console.dll, DotnetTestHostmanager: Adding  --runtimeconfig "C:\Users\hp\Desktop\SE-ScreenShare\source\repos\ScreenShare\Screentest\bin\Debug\net8.0-windows\fine-code-coverage\build-output\Screentest.runtimeconfig.json" in args
TpTrace Verbose: 0 : 22256, 5, 2024/10/25, 14:59:37.503, 6727162954806, vstest.console.dll, DotnetTestHostmanager: Adding  --depsfile "C:\Users\hp\Desktop\SE-ScreenShare\source\repos\ScreenShare\Screentest\bin\Debug\net8.0-windows\fine-code-coverage\build-output\Screentest.deps.json" in args
TpTrace Verbose: 0 : 22256, 5, 2024/10/25, 14:59:37.503, 6727162957075, vstest.console.dll, DotnetTestHostmanager.IsWinOnArm: Current PROCESSOR_ARCHITECTURE from environment variable 'AMD64'
TpTrace Verbose: 0 : 22256, 5, 2024/10/25, 14:59:37.503, 6727162957625, vstest.console.dll, DotnetTestHostmanager.IsWinOnArm: Is Windows on ARM 'False'
TpTrace Verbose: 0 : 22256, 5, 2024/10/25, 14:59:37.503, 6727162958641, vstest.console.dll, DotnetTestHostManager: testhost.exe found at path: C:\Users\hp\Desktop\SE-ScreenShare\source\repos\ScreenShare\Screentest\bin\Debug\net8.0-windows\fine-code-coverage\build-output\testhost.exe
TpTrace Verbose: 0 : 22256, 5, 2024/10/25, 14:59:37.503, 6727162959050, vstest.console.dll, DotnetTestHostmanager: Full path of host exe is C:\Users\hp\Desktop\SE-ScreenShare\source\repos\ScreenShare\Screentest\bin\Debug\net8.0-windows\fine-code-coverage\build-output\testhost.exe
TpTrace Verbose: 0 : 22256, 5, 2024/10/25, 14:59:37.504, 6727162959990, vstest.console.dll, DotnetTestHostmanager.LaunchTestHostAsync: Found 'VSTEST_WINAPPHOST_DOTNET_ROOT' in env variables, value 'C:\Program Files\dotnet', forwarding to 'DOTNET_ROOT'
TpTrace Verbose: 0 : 22256, 5, 2024/10/25, 14:59:37.504, 6727162960982, vstest.console.dll, DotnetTestHostManager: Starting process 'C:\Users\hp\Desktop\SE-ScreenShare\source\repos\ScreenShare\Screentest\bin\Debug\net8.0-windows\fine-code-coverage\build-output\testhost.exe' with command line ' --runtimeconfig "C:\Users\hp\Desktop\SE-ScreenShare\source\repos\ScreenShare\Screentest\bin\Debug\net8.0-windows\fine-code-coverage\build-output\Screentest.runtimeconfig.json" --depsfile "C:\Users\hp\Desktop\SE-ScreenShare\source\repos\ScreenShare\Screentest\bin\Debug\net8.0-windows\fine-code-coverage\build-output\Screentest.deps.json" --port 55673 --endpoint 127.0.0.1:055673 --role client --parentprocessid 22256 --diag "C:\Users\hp\Desktop\SE-ScreenShare\source\repos\ScreenShare\Screentest\bin\Debug\net8.0-windows\fine-code-coverage\coverage-tool-output\diagnostics.host.24-10-25_14-59-37_50290_5.log" --tracelevel 4 --datacollectionport 55672 --telemetryoptedin false'
TpTrace Verbose: 0 : 22256, 5, 2024/10/25, 14:59:37.514, 6727163060276, vstest.console.dll, MulticastDelegateUtilities.SafeInvoke: HostProviderEvents.OnHostLaunched: Invoking callback 1/2 for Microsoft.VisualStudio.TestPlatform.CrossPlatEngine.Client.ProxyExecutionManagerWithDataCollection., took 1 ms.
TpTrace Verbose: 0 : 22256, 5, 2024/10/25, 14:59:37.514, 6727163064224, vstest.console.dll, Test Runtime launched
TpTrace Verbose: 0 : 22256, 5, 2024/10/25, 14:59:37.514, 6727163065252, vstest.console.dll, MulticastDelegateUtilities.SafeInvoke: HostProviderEvents.OnHostLaunched: Invoking callback 2/2 for Microsoft.VisualStudio.TestPlatform.CrossPlatEngine.Client.ProxyOperationManager., took 0 ms.
TpTrace Verbose: 0 : 22256, 5, 2024/10/25, 14:59:37.514, 6727163066834, vstest.console.dll, TestRequestSender.WaitForRequestHandlerConnection: waiting for connection with timeout: 90000.
TpTrace Verbose: 0 : 22256, 5, 2024/10/25, 14:59:37.734, 6727165262080, vstest.console.dll, TestRequestSender.WaitForRequestHandlerConnection: waiting took 219 ms, with timeout 90000 ms, and result 0, which is success.
TpTrace Verbose: 0 : 22256, 12, 2024/10/25, 14:59:37.734, 6727165262080, vstest.console.dll, MulticastDelegateUtilities.SafeInvoke: SocketServer: ClientConnected: Invoking callback 1/1 for Microsoft.VisualStudio.TestPlatform.CommunicationUtilities.TestRequestSender., took 0 ms.
TpTrace Verbose: 0 : 22256, 12, 2024/10/25, 14:59:37.734, 6727165264679, vstest.console.dll, SocketServer.OnClientConnected: Client connected for endPoint: 127.0.0.1:55673, starting MessageLoopAsync:
TpTrace Verbose: 0 : 22256, 12, 2024/10/25, 14:59:37.735, 6727165270087, vstest.console.dll, TcpClientExtensions.MessageLoopAsync: Polling on remoteEndPoint: 127.0.0.1:55674 localEndPoint: 127.0.0.1:55673 after 0 ms
TpTrace Verbose: 0 : 22256, 5, 2024/10/25, 14:59:37.735, 6727165273320, vstest.console.dll, TestRequestSender.CheckVersionWithTestHost: Sending check version message: {"MessageType":"ProtocolVersion","Payload":7}
TpTrace Verbose: 0 : 22256, 12, 2024/10/25, 14:59:37.830, 6727166228760, vstest.console.dll, TcpClientExtensions.MessageLoopAsync: NotifyDataAvailable remoteEndPoint: 127.0.0.1:55674 localEndPoint: 127.0.0.1:55673
TpTrace Verbose: 0 : 22256, 12, 2024/10/25, 14:59:37.831, 6727166231515, vstest.console.dll, TestRequestSender.CheckVersionWithTestHost: onMessageReceived received message: (ProtocolVersion) -> {"MessageType":"ProtocolVersion","Payload":7}
TpTrace Verbose: 0 : 22256, 12, 2024/10/25, 14:59:37.832, 6727166241829, vstest.console.dll, MulticastDelegateUtilities.SafeInvoke: LengthPrefixCommunicationChannel: MessageReceived: Invoking callback 1/1 for Microsoft.VisualStudio.TestPlatform.CommunicationUtilities.TestRequestSender+<>c__DisplayClass29_0., took 1 ms.
TpTrace Verbose: 0 : 22256, 12, 2024/10/25, 14:59:37.832, 6727166242874, vstest.console.dll, TcpClientExtensions.MessageLoopAsync: Polling on remoteEndPoint: 127.0.0.1:55674 localEndPoint: 127.0.0.1:55673 after 97 ms
TpTrace Verbose: 0 : 22256, 5, 2024/10/25, 14:59:37.832, 6727166243319, vstest.console.dll, TestPluginCache.GetExtensionPaths: Filtered extension paths: 
TpTrace Verbose: 0 : 22256, 5, 2024/10/25, 14:59:37.832, 6727166244273, vstest.console.dll, TestPluginCache.GetExtensionPaths: Added default extension paths: C:\Program Files\dotnet\sdk\8.0.303\Extensions\Microsoft.Diagnostics.NETCore.Client.dll
C:\Program Files\dotnet\sdk\8.0.303\Extensions\Microsoft.TestPlatform.Extensions.BlameDataCollector.dll
C:\Program Files\dotnet\sdk\8.0.303\Extensions\Microsoft.TestPlatform.Extensions.EventLogCollector.dll
C:\Program Files\dotnet\sdk\8.0.303\Extensions\Microsoft.TestPlatform.TestHostRuntimeProvider.dll
C:\Program Files\dotnet\sdk\8.0.303\Extensions\Microsoft.VisualStudio.TestPlatform.Extensions.Html.TestLogger.dll
C:\Program Files\dotnet\sdk\8.0.303\Extensions\Microsoft.VisualStudio.TestPlatform.Extensions.Trx.TestLogger.dll
TpTrace Verbose: 0 : 22256, 5, 2024/10/25, 14:59:37.832, 6727166245241, vstest.console.dll, TestPluginCache.GetExtensionPaths: Added unfilterableExtensionPaths: 
TpTrace Verbose: 0 : 22256, 12, 2024/10/25, 14:59:37.835, 6727166269590, vstest.console.dll, TcpClientExtensions.MessageLoopAsync: NotifyDataAvailable remoteEndPoint: 127.0.0.1:55674 localEndPoint: 127.0.0.1:55673
TpTrace Verbose: 0 : 22256, 5, 2024/10/25, 14:59:37.836, 6727166286564, vstest.console.dll, TestRequestSender.InitializeExecution: Sending initialize execution with message: {"Version":7,"MessageType":"TestExecution.Initialize","Payload":["C:\\Users\\hp\\Desktop\\SE-ScreenShare\\source\\repos\\ScreenShare\\Screentest\\bin\\Debug\\net8.0-windows\\fine-code-coverage\\build-output\\xunit.runner.visualstudio.dotnetcore.testadapter.dll"]}
TpTrace Verbose: 0 : 22256, 5, 2024/10/25, 14:59:37.836, 6727166288204, vstest.console.dll, ParallelProxyExecutionManager.StartTestRunOnConcurrentManager: Execution starting. Started clients: 1
TpTrace Verbose: 0 : 22256, 5, 2024/10/25, 14:59:37.837, 6727166290640, vstest.console.dll, TestRunRequest:SendTestRunMessage: Starting.
TpTrace Verbose: 0 : 22256, 5, 2024/10/25, 14:59:37.837, 6727166292069, vstest.console.dll, MulticastDelegateUtilities.SafeInvoke: TestRun.LogMessages: Invoking callback 1/1 for Microsoft.VisualStudio.TestPlatform.CommandLine.TestRunResultAggregator., took 0 ms.
TpTrace Information: 0 : 22256, 5, 2024/10/25, 14:59:37.837, 6727166292441, vstest.console.dll, TestRunRequest:SendTestRunMessage: Completed.
TpTrace Verbose: 0 : 22256, 4, 2024/10/25, 14:59:37.837, 6727166295086, vstest.console.dll, MulticastDelegateUtilities.SafeInvoke: InternalTestLoggerEvents.SendTestRunMessage: Invoking callback 1/1 for Microsoft.VisualStudio.TestPlatform.CommandLine.Internal.ConsoleLogger., took 0 ms.
TpTrace Warning: 0 : 22256, 5, 2024/10/25, 14:59:37.837, 6727166297162, vstest.console.dll, InferRunSettingsHelper.MakeRunsettingsCompatible: Removing the following settings: TargetPlatform from RunSettings file. To use those settings please move to latest version of Microsoft.NET.Test.Sdk
TpTrace Verbose: 0 : 22256, 12, 2024/10/25, 14:59:37.838, 6727166303960, vstest.console.dll, TestRequestSender.OnExecutionMessageReceived: Received message: {"Version":7,"MessageType":"TestSession.Message","Payload":{"MessageLevel":0,"Message":"Logging TestHost Diagnostics in file: C:\\Users\\hp\\Desktop\\SE-ScreenShare\\source\\repos\\ScreenShare\\Screentest\\bin\\Debug\\net8.0-windows\\fine-code-coverage\\coverage-tool-output\\diagnostics.host.24-10-25_14-59-37_50290_5.log"}}
TpTrace Verbose: 0 : 22256, 12, 2024/10/25, 14:59:37.840, 6727166327018, vstest.console.dll, TestRunRequest:SendTestRunMessage: Starting.
TpTrace Verbose: 0 : 22256, 12, 2024/10/25, 14:59:37.840, 6727166328799, vstest.console.dll, MulticastDelegateUtilities.SafeInvoke: TestRun.LogMessages: Invoking callback 1/1 for Microsoft.VisualStudio.TestPlatform.CommandLine.TestRunResultAggregator., took 0 ms.
TpTrace Verbose: 0 : 22256, 4, 2024/10/25, 14:59:37.840, 6727166329200, vstest.console.dll, MulticastDelegateUtilities.SafeInvoke: InternalTestLoggerEvents.SendTestRunMessage: Invoking callback 1/1 for Microsoft.VisualStudio.TestPlatform.CommandLine.Internal.ConsoleLogger., took 0 ms.
TpTrace Information: 0 : 22256, 12, 2024/10/25, 14:59:37.840, 6727166329297, vstest.console.dll, TestRunRequest:SendTestRunMessage: Completed.
TpTrace Verbose: 0 : 22256, 12, 2024/10/25, 14:59:37.841, 6727166330092, vstest.console.dll, MulticastDelegateUtilities.SafeInvoke: LengthPrefixCommunicationChannel: MessageReceived: Invoking callback 1/1 for Microsoft.VisualStudio.TestPlatform.CommunicationUtilities.TestRequestSender+<>c__DisplayClass34_0., took 2 ms.
TpTrace Verbose: 0 : 22256, 12, 2024/10/25, 14:59:37.841, 6727166330353, vstest.console.dll, TcpClientExtensions.MessageLoopAsync: Polling on remoteEndPoint: 127.0.0.1:55674 localEndPoint: 127.0.0.1:55673 after 8 ms
TpTrace Verbose: 0 : 22256, 5, 2024/10/25, 14:59:37.849, 6727166415767, vstest.console.dll, TestRequestSender.StartTestRun: Sending test run with message: {"Version":7,"MessageType":"TestExecution.StartWithSources","Payload":{"AdapterSourceMap":{"_none_":["C:\\Users\\hp\\Desktop\\SE-ScreenShare\\source\\repos\\ScreenShare\\Screentest\\bin\\Debug\\net8.0-windows\\fine-code-coverage\\build-output\\Screentest.dll"]},"RunSettings":"<RunSettings>\r\n  <RunConfiguration>\r\n    <ResultsDirectory>C:\\Users\\hp\\Desktop\\SE-ScreenShare\\source\\repos\\ScreenShare\\Screentest\\bin\\Debug\\net8.0-windows\\fine-code-coverage\\coverage-tool-output</ResultsDirectory>\r\n    <TargetFrameworkVersion>.NETCoreApp,Version=v8.0</TargetFrameworkVersion>\r\n    <DesignMode>False</DesignMode>\r\n    <CollectSourceInformation>False</CollectSourceInformation>\r\n  </RunConfiguration>\r\n  <LoggerRunSettings>\r\n    <Loggers>\r\n      <Logger friendlyName=\"blame\" enabled=\"True\" />\r\n      <Logger friendlyName=\"Console\" uri=\"logger://microsoft/TestPlatform/ConsoleLogger/v1\" assemblyQualifiedName=\"Microsoft.VisualStudio.TestPlatform.CommandLine.Internal.ConsoleLogger, vstest.console, Version=15.0.0.0, Culture=neutral, PublicKeyToken=b03f5f7f11d50a3a\" codeBase=\"C:\\Program Files\\dotnet\\sdk\\8.0.303\\vstest.console.dll\" enabled=\"True\" />\r\n    </Loggers>\r\n  </LoggerRunSettings>\r\n  <DataCollectionRunSettings>\r\n    <DataCollectors>\r\n      <DataCollector friendlyName=\"blame\" enabled=\"True\">\r\n        <Configuration>\r\n          <ResultsDirectory>C:\\Users\\hp\\Desktop\\SE-ScreenShare\\source\\repos\\ScreenShare\\Screentest\\bin\\Debug\\net8.0-windows\\fine-code-coverage\\coverage-tool-output</ResultsDirectory>\r\n        </Configuration>\r\n      </DataCollector>\r\n    </DataCollectors>\r\n  </DataCollectionRunSettings>\r\n</RunSettings>","TestExecutionContext":{"FrequencyOfRunStatsChangeEvent":10,"RunStatsChangeEventTimeout":"00:00:01.5000000","InIsolation":false,"KeepAlive":false,"AreTestCaseLevelEventsRequired":false,"IsDebug":false,"TestCaseFilter":null,"FilterOptions":null},"Package":null}}
TpTrace Verbose: 0 : 22256, 5, 2024/10/25, 14:59:37.849, 6727166417928, vstest.console.dll, ParallelProxyExecutionManager.StartTestRunOnConcurrentManager: Execution started. Started clients: 1
TpTrace Verbose: 0 : 22256, 12, 2024/10/25, 14:59:37.957, 6727167498534, vstest.console.dll, TcpClientExtensions.MessageLoopAsync: NotifyDataAvailable remoteEndPoint: 127.0.0.1:55674 localEndPoint: 127.0.0.1:55673
TpTrace Verbose: 0 : 22256, 12, 2024/10/25, 14:59:37.958, 6727167501029, vstest.console.dll, TestRequestSender.OnExecutionMessageReceived: Received message: {"Version":7,"MessageType":"TestSession.Message","Payload":{"MessageLevel":0,"Message":"[xUnit.net 00:00:00.00] xUnit.net VSTest Adapter v2.5.3.1+6b60a9e56a (64-bit .NET 8.0.7)"}}
TpTrace Verbose: 0 : 22256, 12, 2024/10/25, 14:59:37.958, 6727167503169, vstest.console.dll, TestRunRequest:SendTestRunMessage: Starting.
TpTrace Verbose: 0 : 22256, 12, 2024/10/25, 14:59:37.958, 6727167503990, vstest.console.dll, MulticastDelegateUtilities.SafeInvoke: TestRun.LogMessages: Invoking callback 1/1 for Microsoft.VisualStudio.TestPlatform.CommandLine.TestRunResultAggregator., took 0 ms.
TpTrace Information: 0 : 22256, 12, 2024/10/25, 14:59:37.958, 6727167504219, vstest.console.dll, TestRunRequest:SendTestRunMessage: Completed.
TpTrace Verbose: 0 : 22256, 12, 2024/10/25, 14:59:37.958, 6727167504453, vstest.console.dll, MulticastDelegateUtilities.SafeInvoke: LengthPrefixCommunicationChannel: MessageReceived: Invoking callback 1/1 for Microsoft.VisualStudio.TestPlatform.CommunicationUtilities.TestRequestSender+<>c__DisplayClass34_0., took 0 ms.
TpTrace Verbose: 0 : 22256, 4, 2024/10/25, 14:59:37.958, 6727167504375, vstest.console.dll, MulticastDelegateUtilities.SafeInvoke: InternalTestLoggerEvents.SendTestRunMessage: Invoking callback 1/1 for Microsoft.VisualStudio.TestPlatform.CommandLine.Internal.ConsoleLogger., took 0 ms.
TpTrace Verbose: 0 : 22256, 12, 2024/10/25, 14:59:37.958, 6727167504748, vstest.console.dll, TcpClientExtensions.MessageLoopAsync: Polling on remoteEndPoint: 127.0.0.1:55674 localEndPoint: 127.0.0.1:55673 after 117 ms
TpTrace Verbose: 0 : 22256, 12, 2024/10/25, 14:59:38.062, 6727168542823, vstest.console.dll, TcpClientExtensions.MessageLoopAsync: NotifyDataAvailable remoteEndPoint: 127.0.0.1:55674 localEndPoint: 127.0.0.1:55673
TpTrace Verbose: 0 : 22256, 12, 2024/10/25, 14:59:38.062, 6727168545463, vstest.console.dll, TestRequestSender.OnExecutionMessageReceived: Received message: {"Version":7,"MessageType":"TestSession.Message","Payload":{"MessageLevel":0,"Message":"[xUnit.net 00:00:00.10]   Discovering: Screentest"}}
TpTrace Verbose: 0 : 22256, 12, 2024/10/25, 14:59:38.062, 6727168547377, vstest.console.dll, TestRunRequest:SendTestRunMessage: Starting.
TpTrace Verbose: 0 : 22256, 12, 2024/10/25, 14:59:38.062, 6727168548296, vstest.console.dll, MulticastDelegateUtilities.SafeInvoke: TestRun.LogMessages: Invoking callback 1/1 for Microsoft.VisualStudio.TestPlatform.CommandLine.TestRunResultAggregator., took 0 ms.
TpTrace Information: 0 : 22256, 12, 2024/10/25, 14:59:38.062, 6727168548541, vstest.console.dll, TestRunRequest:SendTestRunMessage: Completed.
TpTrace Verbose: 0 : 22256, 4, 2024/10/25, 14:59:38.062, 6727168548794, vstest.console.dll, MulticastDelegateUtilities.SafeInvoke: InternalTestLoggerEvents.SendTestRunMessage: Invoking callback 1/1 for Microsoft.VisualStudio.TestPlatform.CommandLine.Internal.ConsoleLogger., took 0 ms.
TpTrace Verbose: 0 : 22256, 12, 2024/10/25, 14:59:38.062, 6727168548961, vstest.console.dll, MulticastDelegateUtilities.SafeInvoke: LengthPrefixCommunicationChannel: MessageReceived: Invoking callback 1/1 for Microsoft.VisualStudio.TestPlatform.CommunicationUtilities.TestRequestSender+<>c__DisplayClass34_0., took 0 ms.
TpTrace Verbose: 0 : 22256, 12, 2024/10/25, 14:59:38.063, 6727168551182, vstest.console.dll, TcpClientExtensions.MessageLoopAsync: Polling on remoteEndPoint: 127.0.0.1:55674 localEndPoint: 127.0.0.1:55673 after 104 ms
TpTrace Verbose: 0 : 22256, 12, 2024/10/25, 14:59:38.104, 6727168965653, vstest.console.dll, TcpClientExtensions.MessageLoopAsync: NotifyDataAvailable remoteEndPoint: 127.0.0.1:55674 localEndPoint: 127.0.0.1:55673
TpTrace Verbose: 0 : 22256, 12, 2024/10/25, 14:59:38.104, 6727168968425, vstest.console.dll, TestRequestSender.OnExecutionMessageReceived: Received message: {"Version":7,"MessageType":"TestSession.Message","Payload":{"MessageLevel":0,"Message":"[xUnit.net 00:00:00.14]   Discovered:  Screentest"}}
TpTrace Verbose: 0 : 22256, 12, 2024/10/25, 14:59:38.105, 6727168969630, vstest.console.dll, TestRunRequest:SendTestRunMessage: Starting.
TpTrace Verbose: 0 : 22256, 12, 2024/10/25, 14:59:38.105, 6727168970356, vstest.console.dll, MulticastDelegateUtilities.SafeInvoke: TestRun.LogMessages: Invoking callback 1/1 for Microsoft.VisualStudio.TestPlatform.CommandLine.TestRunResultAggregator., took 0 ms.
TpTrace Information: 0 : 22256, 12, 2024/10/25, 14:59:38.105, 6727168970656, vstest.console.dll, TestRunRequest:SendTestRunMessage: Completed.
TpTrace Verbose: 0 : 22256, 12, 2024/10/25, 14:59:38.105, 6727168971093, vstest.console.dll, MulticastDelegateUtilities.SafeInvoke: LengthPrefixCommunicationChannel: MessageReceived: Invoking callback 1/1 for Microsoft.VisualStudio.TestPlatform.CommunicationUtilities.TestRequestSender+<>c__DisplayClass34_0., took 0 ms.
TpTrace Verbose: 0 : 22256, 12, 2024/10/25, 14:59:38.105, 6727168971394, vstest.console.dll, TcpClientExtensions.MessageLoopAsync: Polling on remoteEndPoint: 127.0.0.1:55674 localEndPoint: 127.0.0.1:55673 after 41 ms
TpTrace Verbose: 0 : 22256, 4, 2024/10/25, 14:59:38.105, 6727168973103, vstest.console.dll, MulticastDelegateUtilities.SafeInvoke: InternalTestLoggerEvents.SendTestRunMessage: Invoking callback 1/1 for Microsoft.VisualStudio.TestPlatform.CommandLine.Internal.ConsoleLogger., took 0 ms.
TpTrace Verbose: 0 : 22256, 12, 2024/10/25, 14:59:38.106, 6727168988154, vstest.console.dll, TcpClientExtensions.MessageLoopAsync: NotifyDataAvailable remoteEndPoint: 127.0.0.1:55674 localEndPoint: 127.0.0.1:55673
TpTrace Verbose: 0 : 22256, 12, 2024/10/25, 14:59:38.107, 6727168989927, vstest.console.dll, TestRequestSender.OnExecutionMessageReceived: Received message: {"Version":7,"MessageType":"TestSession.Message","Payload":{"MessageLevel":0,"Message":"[xUnit.net 00:00:00.15]   Starting:    Screentest"}}
TpTrace Verbose: 0 : 22256, 12, 2024/10/25, 14:59:38.107, 6727168991567, vstest.console.dll, TestRunRequest:SendTestRunMessage: Starting.
TpTrace Verbose: 0 : 22256, 12, 2024/10/25, 14:59:38.107, 6727168992484, vstest.console.dll, MulticastDelegateUtilities.SafeInvoke: TestRun.LogMessages: Invoking callback 1/1 for Microsoft.VisualStudio.TestPlatform.CommandLine.TestRunResultAggregator., took 0 ms.
TpTrace Information: 0 : 22256, 12, 2024/10/25, 14:59:38.107, 6727168992976, vstest.console.dll, TestRunRequest:SendTestRunMessage: Completed.
TpTrace Verbose: 0 : 22256, 12, 2024/10/25, 14:59:38.107, 6727168993426, vstest.console.dll, MulticastDelegateUtilities.SafeInvoke: LengthPrefixCommunicationChannel: MessageReceived: Invoking callback 1/1 for Microsoft.VisualStudio.TestPlatform.CommunicationUtilities.TestRequestSender+<>c__DisplayClass34_0., took 0 ms.
TpTrace Verbose: 0 : 22256, 12, 2024/10/25, 14:59:38.107, 6727168993873, vstest.console.dll, TcpClientExtensions.MessageLoopAsync: Polling on remoteEndPoint: 127.0.0.1:55674 localEndPoint: 127.0.0.1:55673 after 2 ms
TpTrace Verbose: 0 : 22256, 4, 2024/10/25, 14:59:38.107, 6727168994005, vstest.console.dll, MulticastDelegateUtilities.SafeInvoke: InternalTestLoggerEvents.SendTestRunMessage: Invoking callback 1/1 for Microsoft.VisualStudio.TestPlatform.CommandLine.Internal.ConsoleLogger., took 0 ms.
TpTrace Verbose: 0 : 22256, 12, 2024/10/25, 14:59:39.118, 6727179106688, vstest.console.dll, TcpClientExtensions.MessageLoopAsync: Polling on remoteEndPoint: 127.0.0.1:55674 localEndPoint: 127.0.0.1:55673 after 1011 ms
TpTrace Verbose: 0 : 22256, 12, 2024/10/25, 14:59:39.447, 6727182397297, vstest.console.dll, TcpClientExtensions.MessageLoopAsync: NotifyDataAvailable remoteEndPoint: 127.0.0.1:55674 localEndPoint: 127.0.0.1:55673
TpTrace Verbose: 0 : 22256, 12, 2024/10/25, 14:59:39.448, 6727182401092, vstest.console.dll, TestRequestSender.OnExecutionMessageReceived: Received message: {"Version":7,"MessageType":"TestExecution.StatsChange","Payload":{"NewTestResults":[{"TestCase":{"Id":"fd361d59-8b25-6870-f6ab-9fed72092be4","FullyQualifiedName":"ScreenTest.ScreenshotTests.ScreenshotResolutionTest","DisplayName":"ScreenTest.ScreenshotTests.ScreenshotResolutionTest","ExecutorUri":"executor://xunit/VsTestRunner2/netcoreapp","Source":"C:\\Users\\hp\\Desktop\\SE-ScreenShare\\source\\repos\\ScreenShare\\Screentest\\bin\\Debug\\net8.0-windows\\fine-code-coverage\\build-output\\Screentest.dll","CodeFilePath":null,"LineNumber":0,"Properties":[]},"Attachments":[],"Outcome":1,"ErrorMessage":null,"ErrorStackTrace":null,"DisplayName":"ScreenTest.ScreenshotTests.ScreenshotResolutionTest","Messages":[],"ComputerName":"LAPTOP-C3T0U7QG","Duration":"00:00:00.7750356","StartTime":"2024-10-25T09:29:38.9360816+00:00","EndTime":"2024-10-25T09:29:38.9361207+00:00","Properties":[]},{"TestCase":{"Id":"1fb0ff71-d19f-8175-acbc-a4cb89f0f40d","FullyQualifiedName":"ScreenTest.ScreenshotTests.SingletonTest","DisplayName":"ScreenTest.ScreenshotTests.SingletonTest","ExecutorUri":"executor://xunit/VsTestRunner2/netcoreapp","Source":"C:\\Users\\hp\\Desktop\\SE-ScreenShare\\source\\repos\\ScreenShare\\Screentest\\bin\\Debug\\net8.0-windows\\fine-code-coverage\\build-output\\Screentest.dll","CodeFilePath":null,"LineNumber":0,"Properties":[]},"Attachments":[],"Outcome":1,"ErrorMessage":null,"ErrorStackTrace":null,"DisplayName":"ScreenTest.ScreenshotTests.SingletonTest","Messages":[],"ComputerName":"LAPTOP-C3T0U7QG","Duration":"00:00:00.0044345","StartTime":"2024-10-25T09:29:38.9782128+00:00","EndTime":"2024-10-25T09:29:38.9782131+00:00","Properties":[]},{"TestCase":{"Id":"91d32fdc-241c-c7ce-e708-b2024b8aee47","FullyQualifiedName":"ScreenTest.ScreenshareStitcherTests.TestDecompressByteArray","DisplayName":"ScreenTest.ScreenshareStitcherTests.TestDecompressByteArray","ExecutorUri":"executor://xunit/VsTestRunner2/netcoreapp","Source":"C:\\Users\\hp\\Desktop\\SE-ScreenShare\\source\\repos\\ScreenShare\\Screentest\\bin\\Debug\\net8.0-windows\\fine-code-coverage\\build-output\\Screentest.dll","CodeFilePath":null,"LineNumber":0,"Properties":[]},"Attachments":[],"Outcome":1,"ErrorMessage":null,"ErrorStackTrace":null,"DisplayName":"ScreenTest.ScreenshareStitcherTests.TestDecompressByteArray","Messages":[],"ComputerName":"LAPTOP-C3T0U7QG","Duration":"00:00:00.0227343","StartTime":"2024-10-25T09:29:38.9888506+00:00","EndTime":"2024-10-25T09:29:38.988851+00:00","Properties":[]},{"TestCase":{"Id":"800a99e2-dbcc-c4db-ddb3-5317538f5c37","FullyQualifiedName":"PlexShareTests.ScreenshareTests.ScreenshareClientTest.TestRegisterPacketSend","DisplayName":"PlexShareTests.ScreenshareTests.ScreenshareClientTest.TestRegisterPacketSend","ExecutorUri":"executor://xunit/VsTestRunner2/netcoreapp","Source":"C:\\Users\\hp\\Desktop\\SE-ScreenShare\\source\\repos\\ScreenShare\\Screentest\\bin\\Debug\\net8.0-windows\\fine-code-coverage\\build-output\\Screentest.dll","CodeFilePath":null,"LineNumber":0,"Properties":[]},"Attachments":[],"Outcome":1,"ErrorMessage":null,"ErrorStackTrace":null,"DisplayName":"PlexShareTests.ScreenshareTests.ScreenshareClientTest.TestRegisterPacketSend","Messages":[],"ComputerName":"LAPTOP-C3T0U7QG","Duration":"00:00:00.1479304","StartTime":"2024-10-25T09:29:39.1138709+00:00","EndTime":"2024-10-25T09:29:39.1138714+00:00","Properties":[]},{"TestCase":{"Id":"e09d28bf-4f19-52a0-01be-3458bd3e162e","FullyQualifiedName":"PlexShareTests.ScreenshareTests.ScreenshareClientTest.TestSingleton","DisplayName":"PlexShareTests.ScreenshareTests.ScreenshareClientTest.TestSingleton","ExecutorUri":"executor://xunit/VsTestRunner2/netcoreapp","Source":"C:\\Users\\hp\\Desktop\\SE-ScreenShare\\source\\repos\\ScreenShare\\Screentest\\bin\\Debug\\net8.0-windows\\fine-code-coverage\\build-output\\Screentest.dll","CodeFilePath":null,"LineNumber":0,"Properties":[]},"Attachments":[],"Outcome":1,"ErrorMessage":null,"ErrorStackTrace":null,"DisplayName":"PlexShareTests.ScreenshareTests.ScreenshareClientTest.TestSingleton","Messages":[],"ComputerName":"LAPTOP-C3T0U7QG","Duration":"00:00:00.0004224","StartTime":"2024-10-25T09:29:39.1183771+00:00","EndTime":"2024-10-25T09:29:39.1183773+00:00","Properties":[]}],"TestRunStatistics":{"ExecutedTests":5,"Stats":{"Passed":5}},"ActiveTests":[{"Id":"d1f7b183-05ae-ff45-e932-a0190d8267eb","FullyQualifiedName":"PlexShareTests.ScreenshareTests.ScreenshareClientTest.TestStopPacketReceive","DisplayName":"PlexShareTests.ScreenshareTests.ScreenshareClientTest.TestStopPacketReceive","ExecutorUri":"executor://xunit/VsTestRunner2/netcoreapp","Source":"C:\\Users\\hp\\Desktop\\SE-ScreenShare\\source\\repos\\ScreenShare\\Screentest\\bin\\Debug\\net8.0-windows\\fine-code-coverage\\build-output\\Screentest.dll","CodeFilePath":null,"LineNumber":0,"Properties":[]}]}}
TpTrace Verbose: 0 : 22256, 12, 2024/10/25, 14:59:39.476, 6727182680897, vstest.console.dll, TestRunRequest:SendTestRunStatsChange: Starting.
TpTrace Verbose: 0 : 22256, 12, 2024/10/25, 14:59:39.476, 6727182682509, vstest.console.dll, InProgress is PlexShareTests.ScreenshareTests.ScreenshareClientTest.TestStopPacketReceive
TpTrace Verbose: 0 : 22256, 12, 2024/10/25, 14:59:39.476, 6727182684200, vstest.console.dll, MulticastDelegateUtilities.SafeInvoke: TestRun.RunStatsChanged: Invoking callbacks was skipped because there are no subscribers.
TpTrace Information: 0 : 22256, 12, 2024/10/25, 14:59:39.476, 6727182684728, vstest.console.dll, TestRunRequest:SendTestRunStatsChange: Completed.
TpTrace Verbose: 0 : 22256, 12, 2024/10/25, 14:59:39.476, 6727182685052, vstest.console.dll, MulticastDelegateUtilities.SafeInvoke: LengthPrefixCommunicationChannel: MessageReceived: Invoking callback 1/1 for Microsoft.VisualStudio.TestPlatform.CommunicationUtilities.TestRequestSender+<>c__DisplayClass34_0., took 28 ms.
TpTrace Verbose: 0 : 22256, 12, 2024/10/25, 14:59:39.476, 6727182685371, vstest.console.dll, TcpClientExtensions.MessageLoopAsync: Polling on remoteEndPoint: 127.0.0.1:55674 localEndPoint: 127.0.0.1:55673 after 357 ms
TpTrace Verbose: 0 : 22256, 4, 2024/10/25, 14:59:39.478, 6727182707354, vstest.console.dll, MulticastDelegateUtilities.SafeInvoke: InternalTestLoggerEvents.SendTestResult: Invoking callback 1/1 for Microsoft.VisualStudio.TestPlatform.CommandLine.Internal.ConsoleLogger., took 2 ms.
TpTrace Verbose: 0 : 22256, 4, 2024/10/25, 14:59:39.479, 6727182710641, vstest.console.dll, MulticastDelegateUtilities.SafeInvoke: InternalTestLoggerEvents.SendTestResult: Invoking callback 1/1 for Microsoft.VisualStudio.TestPlatform.CommandLine.Internal.ConsoleLogger., took 0 ms.
TpTrace Verbose: 0 : 22256, 4, 2024/10/25, 14:59:39.479, 6727182711356, vstest.console.dll, MulticastDelegateUtilities.SafeInvoke: InternalTestLoggerEvents.SendTestResult: Invoking callback 1/1 for Microsoft.VisualStudio.TestPlatform.CommandLine.Internal.ConsoleLogger., took 0 ms.
TpTrace Verbose: 0 : 22256, 4, 2024/10/25, 14:59:39.479, 6727182711685, vstest.console.dll, MulticastDelegateUtilities.SafeInvoke: InternalTestLoggerEvents.SendTestResult: Invoking callback 1/1 for Microsoft.VisualStudio.TestPlatform.CommandLine.Internal.ConsoleLogger., took 0 ms.
TpTrace Verbose: 0 : 22256, 4, 2024/10/25, 14:59:39.479, 6727182711933, vstest.console.dll, MulticastDelegateUtilities.SafeInvoke: InternalTestLoggerEvents.SendTestResult: Invoking callback 1/1 for Microsoft.VisualStudio.TestPlatform.CommandLine.Internal.ConsoleLogger., took 0 ms.
TpTrace Verbose: 0 : 22256, 12, 2024/10/25, 14:59:40.465, 6727192571519, vstest.console.dll, TcpClientExtensions.MessageLoopAsync: NotifyDataAvailable remoteEndPoint: 127.0.0.1:55674 localEndPoint: 127.0.0.1:55673
TpTrace Verbose: 0 : 22256, 12, 2024/10/25, 14:59:40.465, 6727192575473, vstest.console.dll, TestRequestSender.OnExecutionMessageReceived: Received message: {"Version":7,"MessageType":"TestSession.Message","Payload":{"MessageLevel":2,"Message":"[xUnit.net 00:00:02.50]     PlexShareTests.ScreenshareTests.ScreenshareClientTest.TestStopPacketReceive [FAIL]"}}
TpTrace Verbose: 0 : 22256, 12, 2024/10/25, 14:59:40.465, 6727192578188, vstest.console.dll, TestRunRequest:SendTestRunMessage: Starting.
TpTrace Verbose: 0 : 22256, 12, 2024/10/25, 14:59:40.466, 6727192579518, vstest.console.dll, MulticastDelegateUtilities.SafeInvoke: TestRun.LogMessages: Invoking callback 1/1 for Microsoft.VisualStudio.TestPlatform.CommandLine.TestRunResultAggregator., took 0 ms.
TpTrace Information: 0 : 22256, 12, 2024/10/25, 14:59:40.466, 6727192580326, vstest.console.dll, TestRunRequest:SendTestRunMessage: Completed.
TpTrace Verbose: 0 : 22256, 12, 2024/10/25, 14:59:40.466, 6727192581339, vstest.console.dll, MulticastDelegateUtilities.SafeInvoke: LengthPrefixCommunicationChannel: MessageReceived: Invoking callback 1/1 for Microsoft.VisualStudio.TestPlatform.CommunicationUtilities.TestRequestSender+<>c__DisplayClass34_0., took 0 ms.
TpTrace Verbose: 0 : 22256, 12, 2024/10/25, 14:59:40.466, 6727192582266, vstest.console.dll, TcpClientExtensions.MessageLoopAsync: Polling on remoteEndPoint: 127.0.0.1:55674 localEndPoint: 127.0.0.1:55673 after 989 ms
TpTrace Verbose: 0 : 22256, 4, 2024/10/25, 14:59:40.466, 6727192583778, vstest.console.dll, MulticastDelegateUtilities.SafeInvoke: InternalTestLoggerEvents.SendTestRunMessage: Invoking callback 1/1 for Microsoft.VisualStudio.TestPlatform.CommandLine.Internal.ConsoleLogger., took 0 ms.
TpTrace Verbose: 0 : 22256, 12, 2024/10/25, 14:59:40.467, 6727192590422, vstest.console.dll, TcpClientExtensions.MessageLoopAsync: NotifyDataAvailable remoteEndPoint: 127.0.0.1:55674 localEndPoint: 127.0.0.1:55673
TpTrace Verbose: 0 : 22256, 12, 2024/10/25, 14:59:40.467, 6727192595127, vstest.console.dll, TestRequestSender.OnExecutionMessageReceived: Received message: {"Version":7,"MessageType":"TestSession.Message","Payload":{"MessageLevel":0,"Message":"[xUnit.net 00:00:02.51]       Assert.True() Failure"}}
TpTrace Verbose: 0 : 22256, 12, 2024/10/25, 14:59:40.467, 6727192598634, vstest.console.dll, TestRunRequest:SendTestRunMessage: Starting.
TpTrace Verbose: 0 : 22256, 12, 2024/10/25, 14:59:40.468, 6727192602330, vstest.console.dll, MulticastDelegateUtilities.SafeInvoke: TestRun.LogMessages: Invoking callback 1/1 for Microsoft.VisualStudio.TestPlatform.CommandLine.TestRunResultAggregator., took 0 ms.
TpTrace Information: 0 : 22256, 12, 2024/10/25, 14:59:40.468, 6727192603356, vstest.console.dll, TestRunRequest:SendTestRunMessage: Completed.
TpTrace Verbose: 0 : 22256, 4, 2024/10/25, 14:59:40.468, 6727192603330, vstest.console.dll, MulticastDelegateUtilities.SafeInvoke: InternalTestLoggerEvents.SendTestRunMessage: Invoking callback 1/1 for Microsoft.VisualStudio.TestPlatform.CommandLine.Internal.ConsoleLogger., took 0 ms.
TpTrace Verbose: 0 : 22256, 12, 2024/10/25, 14:59:40.468, 6727192603987, vstest.console.dll, MulticastDelegateUtilities.SafeInvoke: LengthPrefixCommunicationChannel: MessageReceived: Invoking callback 1/1 for Microsoft.VisualStudio.TestPlatform.CommunicationUtilities.TestRequestSender+<>c__DisplayClass34_0., took 0 ms.
TpTrace Verbose: 0 : 22256, 12, 2024/10/25, 14:59:40.468, 6727192607273, vstest.console.dll, TcpClientExtensions.MessageLoopAsync: Polling on remoteEndPoint: 127.0.0.1:55674 localEndPoint: 127.0.0.1:55673 after 2 ms
TpTrace Verbose: 0 : 22256, 12, 2024/10/25, 14:59:40.468, 6727192608680, vstest.console.dll, TcpClientExtensions.MessageLoopAsync: NotifyDataAvailable remoteEndPoint: 127.0.0.1:55674 localEndPoint: 127.0.0.1:55673
TpTrace Verbose: 0 : 22256, 12, 2024/10/25, 14:59:40.469, 6727192609919, vstest.console.dll, TestRequestSender.OnExecutionMessageReceived: Received message: {"Version":7,"MessageType":"TestSession.Message","Payload":{"MessageLevel":0,"Message":"[xUnit.net 00:00:02.51]       Expected: True"}}
TpTrace Verbose: 0 : 22256, 12, 2024/10/25, 14:59:40.469, 6727192611343, vstest.console.dll, TestRunRequest:SendTestRunMessage: Starting.
TpTrace Verbose: 0 : 22256, 12, 2024/10/25, 14:59:40.469, 6727192612263, vstest.console.dll, MulticastDelegateUtilities.SafeInvoke: TestRun.LogMessages: Invoking callback 1/1 for Microsoft.VisualStudio.TestPlatform.CommandLine.TestRunResultAggregator., took 0 ms.
TpTrace Information: 0 : 22256, 12, 2024/10/25, 14:59:40.469, 6727192612853, vstest.console.dll, TestRunRequest:SendTestRunMessage: Completed.
TpTrace Verbose: 0 : 22256, 4, 2024/10/25, 14:59:40.469, 6727192613012, vstest.console.dll, MulticastDelegateUtilities.SafeInvoke: InternalTestLoggerEvents.SendTestRunMessage: Invoking callback 1/1 for Microsoft.VisualStudio.TestPlatform.CommandLine.Internal.ConsoleLogger., took 0 ms.
TpTrace Verbose: 0 : 22256, 12, 2024/10/25, 14:59:40.469, 6727192613404, vstest.console.dll, MulticastDelegateUtilities.SafeInvoke: LengthPrefixCommunicationChannel: MessageReceived: Invoking callback 1/1 for Microsoft.VisualStudio.TestPlatform.CommunicationUtilities.TestRequestSender+<>c__DisplayClass34_0., took 0 ms.
TpTrace Verbose: 0 : 22256, 12, 2024/10/25, 14:59:40.469, 6727192617152, vstest.console.dll, TcpClientExtensions.MessageLoopAsync: Polling on remoteEndPoint: 127.0.0.1:55674 localEndPoint: 127.0.0.1:55673 after 0 ms
TpTrace Verbose: 0 : 22256, 12, 2024/10/25, 14:59:40.469, 6727192618171, vstest.console.dll, TcpClientExtensions.MessageLoopAsync: NotifyDataAvailable remoteEndPoint: 127.0.0.1:55674 localEndPoint: 127.0.0.1:55673
TpTrace Verbose: 0 : 22256, 12, 2024/10/25, 14:59:40.469, 6727192619344, vstest.console.dll, TestRequestSender.OnExecutionMessageReceived: Received message: {"Version":7,"MessageType":"TestSession.Message","Payload":{"MessageLevel":0,"Message":"[xUnit.net 00:00:02.51]       Actual:   False"}}
TpTrace Verbose: 0 : 22256, 12, 2024/10/25, 14:59:40.470, 6727192620917, vstest.console.dll, TestRunRequest:SendTestRunMessage: Starting.
TpTrace Verbose: 0 : 22256, 12, 2024/10/25, 14:59:40.470, 6727192622057, vstest.console.dll, MulticastDelegateUtilities.SafeInvoke: TestRun.LogMessages: Invoking callback 1/1 for Microsoft.VisualStudio.TestPlatform.CommandLine.TestRunResultAggregator., took 0 ms.
TpTrace Verbose: 0 : 22256, 4, 2024/10/25, 14:59:40.470, 6727192622595, vstest.console.dll, MulticastDelegateUtilities.SafeInvoke: InternalTestLoggerEvents.SendTestRunMessage: Invoking callback 1/1 for Microsoft.VisualStudio.TestPlatform.CommandLine.Internal.ConsoleLogger., took 0 ms.
TpTrace Information: 0 : 22256, 12, 2024/10/25, 14:59:40.470, 6727192622914, vstest.console.dll, TestRunRequest:SendTestRunMessage: Completed.
TpTrace Verbose: 0 : 22256, 12, 2024/10/25, 14:59:40.470, 6727192625844, vstest.console.dll, MulticastDelegateUtilities.SafeInvoke: LengthPrefixCommunicationChannel: MessageReceived: Invoking callback 1/1 for Microsoft.VisualStudio.TestPlatform.CommunicationUtilities.TestRequestSender+<>c__DisplayClass34_0., took 0 ms.
TpTrace Verbose: 0 : 22256, 12, 2024/10/25, 14:59:40.470, 6727192626856, vstest.console.dll, TcpClientExtensions.MessageLoopAsync: Polling on remoteEndPoint: 127.0.0.1:55674 localEndPoint: 127.0.0.1:55673 after 0 ms
TpTrace Verbose: 0 : 22256, 12, 2024/10/25, 14:59:40.470, 6727192628073, vstest.console.dll, TcpClientExtensions.MessageLoopAsync: NotifyDataAvailable remoteEndPoint: 127.0.0.1:55674 localEndPoint: 127.0.0.1:55673
TpTrace Verbose: 0 : 22256, 12, 2024/10/25, 14:59:40.471, 6727192629455, vstest.console.dll, TestRequestSender.OnExecutionMessageReceived: Received message: {"Version":7,"MessageType":"TestSession.Message","Payload":{"MessageLevel":0,"Message":"[xUnit.net 00:00:02.51]       Stack Trace:"}}
TpTrace Verbose: 0 : 22256, 12, 2024/10/25, 14:59:40.471, 6727192631461, vstest.console.dll, TestRunRequest:SendTestRunMessage: Starting.
TpTrace Verbose: 0 : 22256, 12, 2024/10/25, 14:59:40.471, 6727192632551, vstest.console.dll, MulticastDelegateUtilities.SafeInvoke: TestRun.LogMessages: Invoking callback 1/1 for Microsoft.VisualStudio.TestPlatform.CommandLine.TestRunResultAggregator., took 0 ms.
TpTrace Verbose: 0 : 22256, 4, 2024/10/25, 14:59:40.471, 6727192633035, vstest.console.dll, MulticastDelegateUtilities.SafeInvoke: InternalTestLoggerEvents.SendTestRunMessage: Invoking callback 1/1 for Microsoft.VisualStudio.TestPlatform.CommandLine.Internal.ConsoleLogger., took 0 ms.
TpTrace Information: 0 : 22256, 12, 2024/10/25, 14:59:40.471, 6727192633368, vstest.console.dll, TestRunRequest:SendTestRunMessage: Completed.
TpTrace Verbose: 0 : 22256, 12, 2024/10/25, 14:59:40.471, 6727192636345, vstest.console.dll, MulticastDelegateUtilities.SafeInvoke: LengthPrefixCommunicationChannel: MessageReceived: Invoking callback 1/1 for Microsoft.VisualStudio.TestPlatform.CommunicationUtilities.TestRequestSender+<>c__DisplayClass34_0., took 0 ms.
TpTrace Verbose: 0 : 22256, 12, 2024/10/25, 14:59:40.471, 6727192637141, vstest.console.dll, TcpClientExtensions.MessageLoopAsync: Polling on remoteEndPoint: 127.0.0.1:55674 localEndPoint: 127.0.0.1:55673 after 0 ms
TpTrace Verbose: 0 : 22256, 12, 2024/10/25, 14:59:40.472, 6727192646675, vstest.console.dll, TcpClientExtensions.MessageLoopAsync: NotifyDataAvailable remoteEndPoint: 127.0.0.1:55674 localEndPoint: 127.0.0.1:55673
TpTrace Verbose: 0 : 22256, 12, 2024/10/25, 14:59:40.472, 6727192648918, vstest.console.dll, TestRequestSender.OnExecutionMessageReceived: Received message: {"Version":7,"MessageType":"TestSession.Message","Payload":{"MessageLevel":0,"Message":"[xUnit.net 00:00:02.51]         C:\\Users\\hp\\Desktop\\SE-ScreenShare\\source\\repos\\ScreenShare\\Screentest\\Client.cs(116,0): at PlexShareTests.ScreenshareTests.ScreenshareClientTest.TestStopPacketReceive()"}}
TpTrace Verbose: 0 : 22256, 12, 2024/10/25, 14:59:40.473, 6727192650817, vstest.console.dll, TestRunRequest:SendTestRunMessage: Starting.
TpTrace Verbose: 0 : 22256, 12, 2024/10/25, 14:59:40.473, 6727192652925, vstest.console.dll, MulticastDelegateUtilities.SafeInvoke: TestRun.LogMessages: Invoking callback 1/1 for Microsoft.VisualStudio.TestPlatform.CommandLine.TestRunResultAggregator., took 0 ms.
TpTrace Information: 0 : 22256, 12, 2024/10/25, 14:59:40.473, 6727192653590, vstest.console.dll, TestRunRequest:SendTestRunMessage: Completed.
TpTrace Verbose: 0 : 22256, 4, 2024/10/25, 14:59:40.473, 6727192653727, vstest.console.dll, MulticastDelegateUtilities.SafeInvoke: InternalTestLoggerEvents.SendTestRunMessage: Invoking callback 1/1 for Microsoft.VisualStudio.TestPlatform.CommandLine.Internal.ConsoleLogger., took 0 ms.
TpTrace Verbose: 0 : 22256, 12, 2024/10/25, 14:59:40.473, 6727192654211, vstest.console.dll, MulticastDelegateUtilities.SafeInvoke: LengthPrefixCommunicationChannel: MessageReceived: Invoking callback 1/1 for Microsoft.VisualStudio.TestPlatform.CommunicationUtilities.TestRequestSender+<>c__DisplayClass34_0., took 0 ms.
TpTrace Verbose: 0 : 22256, 12, 2024/10/25, 14:59:40.473, 6727192657801, vstest.console.dll, TcpClientExtensions.MessageLoopAsync: Polling on remoteEndPoint: 127.0.0.1:55674 localEndPoint: 127.0.0.1:55673 after 1 ms
TpTrace Verbose: 0 : 22256, 12, 2024/10/25, 14:59:40.473, 6727192658801, vstest.console.dll, TcpClientExtensions.MessageLoopAsync: NotifyDataAvailable remoteEndPoint: 127.0.0.1:55674 localEndPoint: 127.0.0.1:55673
TpTrace Verbose: 0 : 22256, 12, 2024/10/25, 14:59:40.474, 6727192660011, vstest.console.dll, TestRequestSender.OnExecutionMessageReceived: Received message: {"Version":7,"MessageType":"TestSession.Message","Payload":{"MessageLevel":0,"Message":"[xUnit.net 00:00:02.51]            at System.RuntimeMethodHandle.InvokeMethod(Object target, Void** arguments, Signature sig, Boolean isConstructor)"}}
TpTrace Verbose: 0 : 22256, 12, 2024/10/25, 14:59:40.474, 6727192661484, vstest.console.dll, TestRunRequest:SendTestRunMessage: Starting.
TpTrace Verbose: 0 : 22256, 12, 2024/10/25, 14:59:40.474, 6727192662508, vstest.console.dll, MulticastDelegateUtilities.SafeInvoke: TestRun.LogMessages: Invoking callback 1/1 for Microsoft.VisualStudio.TestPlatform.CommandLine.TestRunResultAggregator., took 0 ms.
TpTrace Information: 0 : 22256, 12, 2024/10/25, 14:59:40.474, 6727192663090, vstest.console.dll, TestRunRequest:SendTestRunMessage: Completed.
TpTrace Verbose: 0 : 22256, 4, 2024/10/25, 14:59:40.474, 6727192663231, vstest.console.dll, MulticastDelegateUtilities.SafeInvoke: InternalTestLoggerEvents.SendTestRunMessage: Invoking callback 1/1 for Microsoft.VisualStudio.TestPlatform.CommandLine.Internal.ConsoleLogger., took 0 ms.
TpTrace Verbose: 0 : 22256, 12, 2024/10/25, 14:59:40.474, 6727192663641, vstest.console.dll, MulticastDelegateUtilities.SafeInvoke: LengthPrefixCommunicationChannel: MessageReceived: Invoking callback 1/1 for Microsoft.VisualStudio.TestPlatform.CommunicationUtilities.TestRequestSender+<>c__DisplayClass34_0., took 0 ms.
TpTrace Verbose: 0 : 22256, 12, 2024/10/25, 14:59:40.474, 6727192667539, vstest.console.dll, TcpClientExtensions.MessageLoopAsync: Polling on remoteEndPoint: 127.0.0.1:55674 localEndPoint: 127.0.0.1:55673 after 0 ms
TpTrace Verbose: 0 : 22256, 12, 2024/10/25, 14:59:40.474, 6727192668559, vstest.console.dll, TcpClientExtensions.MessageLoopAsync: NotifyDataAvailable remoteEndPoint: 127.0.0.1:55674 localEndPoint: 127.0.0.1:55673
TpTrace Verbose: 0 : 22256, 12, 2024/10/25, 14:59:40.475, 6727192669842, vstest.console.dll, TestRequestSender.OnExecutionMessageReceived: Received message: {"Version":7,"MessageType":"TestSession.Message","Payload":{"MessageLevel":0,"Message":"[xUnit.net 00:00:02.51]            at System.Reflection.MethodBaseInvoker.InvokeWithNoArgs(Object obj, BindingFlags invokeAttr)"}}
TpTrace Verbose: 0 : 22256, 12, 2024/10/25, 14:59:40.475, 6727192671347, vstest.console.dll, TestRunRequest:SendTestRunMessage: Starting.
TpTrace Verbose: 0 : 22256, 12, 2024/10/25, 14:59:40.475, 6727192672471, vstest.console.dll, MulticastDelegateUtilities.SafeInvoke: TestRun.LogMessages: Invoking callback 1/1 for Microsoft.VisualStudio.TestPlatform.CommandLine.TestRunResultAggregator., took 0 ms.
TpTrace Information: 0 : 22256, 12, 2024/10/25, 14:59:40.475, 6727192673121, vstest.console.dll, TestRunRequest:SendTestRunMessage: Completed.
TpTrace Verbose: 0 : 22256, 4, 2024/10/25, 14:59:40.475, 6727192673340, vstest.console.dll, MulticastDelegateUtilities.SafeInvoke: InternalTestLoggerEvents.SendTestRunMessage: Invoking callback 1/1 for Microsoft.VisualStudio.TestPlatform.CommandLine.Internal.ConsoleLogger., took 0 ms.
TpTrace Verbose: 0 : 22256, 12, 2024/10/25, 14:59:40.475, 6727192673684, vstest.console.dll, MulticastDelegateUtilities.SafeInvoke: LengthPrefixCommunicationChannel: MessageReceived: Invoking callback 1/1 for Microsoft.VisualStudio.TestPlatform.CommunicationUtilities.TestRequestSender+<>c__DisplayClass34_0., took 0 ms.
TpTrace Verbose: 0 : 22256, 12, 2024/10/25, 14:59:40.475, 6727192676028, vstest.console.dll, TcpClientExtensions.MessageLoopAsync: Polling on remoteEndPoint: 127.0.0.1:55674 localEndPoint: 127.0.0.1:55673 after 0 ms
TpTrace Verbose: 0 : 22256, 12, 2024/10/25, 14:59:41.478, 6727202701764, vstest.console.dll, TcpClientExtensions.MessageLoopAsync: NotifyDataAvailable remoteEndPoint: 127.0.0.1:55674 localEndPoint: 127.0.0.1:55673
TpTrace Verbose: 0 : 22256, 12, 2024/10/25, 14:59:41.478, 6727202705581, vstest.console.dll, TestRequestSender.OnExecutionMessageReceived: Received message: {"Version":7,"MessageType":"TestExecution.StatsChange","Payload":{"NewTestResults":[{"TestCase":{"Id":"d1f7b183-05ae-ff45-e932-a0190d8267eb","FullyQualifiedName":"PlexShareTests.ScreenshareTests.ScreenshareClientTest.TestStopPacketReceive","DisplayName":"PlexShareTests.ScreenshareTests.ScreenshareClientTest.TestStopPacketReceive","ExecutorUri":"executor://xunit/VsTestRunner2/netcoreapp","Source":"C:\\Users\\hp\\Desktop\\SE-ScreenShare\\source\\repos\\ScreenShare\\Screentest\\bin\\Debug\\net8.0-windows\\fine-code-coverage\\build-output\\Screentest.dll","CodeFilePath":null,"LineNumber":0,"Properties":[]},"Attachments":[],"Outcome":2,"ErrorMessage":"Assert.True() Failure\r\nExpected: True\r\nActual:   False","ErrorStackTrace":"   at PlexShareTests.ScreenshareTests.ScreenshareClientTest.TestStopPacketReceive() in C:\\Users\\hp\\Desktop\\SE-ScreenShare\\source\\repos\\ScreenShare\\Screentest\\Client.cs:line 116\r\n   at System.RuntimeMethodHandle.InvokeMethod(Object target, Void** arguments, Signature sig, Boolean isConstructor)\r\n   at System.Reflection.MethodBaseInvoker.InvokeWithNoArgs(Object obj, BindingFlags invokeAttr)","DisplayName":"PlexShareTests.ScreenshareTests.ScreenshareClientTest.TestStopPacketReceive","Messages":[],"ComputerName":"LAPTOP-C3T0U7QG","Duration":"00:00:01.3213029","StartTime":"2024-10-25T09:29:40.4749764+00:00","EndTime":"2024-10-25T09:29:40.4749768+00:00","Properties":[]}],"TestRunStatistics":{"ExecutedTests":6,"Stats":{"Passed":5,"Failed":1}},"ActiveTests":[{"Id":"efd8d8a2-eddf-b22d-f589-7d8b147ae90a","FullyQualifiedName":"PlexShareTests.ScreenshareTests.ScreenshareClientTest.TestSendPacketReceive","DisplayName":"PlexShareTests.ScreenshareTests.ScreenshareClientTest.TestSendPacketReceive","ExecutorUri":"executor://xunit/VsTestRunner2/netcoreapp","Source":"C:\\Users\\hp\\Desktop\\SE-ScreenShare\\source\\repos\\ScreenShare\\Screentest\\bin\\Debug\\net8.0-windows\\fine-code-coverage\\build-output\\Screentest.dll","CodeFilePath":null,"LineNumber":0,"Properties":[]}]}}
TpTrace Verbose: 0 : 22256, 12, 2024/10/25, 14:59:41.480, 6727202724698, vstest.console.dll, TestRunRequest:SendTestRunStatsChange: Starting.
TpTrace Verbose: 0 : 22256, 12, 2024/10/25, 14:59:41.480, 6727202726100, vstest.console.dll, InProgress is PlexShareTests.ScreenshareTests.ScreenshareClientTest.TestSendPacketReceive
TpTrace Verbose: 0 : 22256, 12, 2024/10/25, 14:59:41.480, 6727202727105, vstest.console.dll, MulticastDelegateUtilities.SafeInvoke: TestRun.RunStatsChanged: Invoking callbacks was skipped because there are no subscribers.
TpTrace Information: 0 : 22256, 12, 2024/10/25, 14:59:41.480, 6727202727672, vstest.console.dll, TestRunRequest:SendTestRunStatsChange: Completed.
TpTrace Verbose: 0 : 22256, 12, 2024/10/25, 14:59:41.481, 6727202731789, vstest.console.dll, MulticastDelegateUtilities.SafeInvoke: LengthPrefixCommunicationChannel: MessageReceived: Invoking callback 1/1 for Microsoft.VisualStudio.TestPlatform.CommunicationUtilities.TestRequestSender+<>c__DisplayClass34_0., took 2 ms.
TpTrace Verbose: 0 : 22256, 12, 2024/10/25, 14:59:41.481, 6727202732702, vstest.console.dll, TcpClientExtensions.MessageLoopAsync: Polling on remoteEndPoint: 127.0.0.1:55674 localEndPoint: 127.0.0.1:55673 after 1005 ms
TpTrace Verbose: 0 : 22256, 4, 2024/10/25, 14:59:41.482, 6727202742329, vstest.console.dll, MulticastDelegateUtilities.SafeInvoke: InternalTestLoggerEvents.SendTestResult: Invoking callback 1/1 for Microsoft.VisualStudio.TestPlatform.CommandLine.Internal.ConsoleLogger., took 1 ms.
TpTrace Verbose: 0 : 22256, 12, 2024/10/25, 14:59:42.484, 6727212766378, vstest.console.dll, TcpClientExtensions.MessageLoopAsync: Polling on remoteEndPoint: 127.0.0.1:55674 localEndPoint: 127.0.0.1:55673 after 1003 ms
TpTrace Verbose: 0 : 22256, 12, 2024/10/25, 14:59:43.493, 6727222857381, vstest.console.dll, TcpClientExtensions.MessageLoopAsync: Polling on remoteEndPoint: 127.0.0.1:55674 localEndPoint: 127.0.0.1:55673 after 1008 ms
TpTrace Verbose: 0 : 22256, 12, 2024/10/25, 14:59:44.503, 6727232958710, vstest.console.dll, TcpClientExtensions.MessageLoopAsync: Polling on remoteEndPoint: 127.0.0.1:55674 localEndPoint: 127.0.0.1:55673 after 1009 ms
TpTrace Verbose: 0 : 22256, 12, 2024/10/25, 14:59:45.515, 6727243071492, vstest.console.dll, TcpClientExtensions.MessageLoopAsync: Polling on remoteEndPoint: 127.0.0.1:55674 localEndPoint: 127.0.0.1:55673 after 1010 ms
TpTrace Verbose: 0 : 22256, 12, 2024/10/25, 14:59:46.525, 6727253175229, vstest.console.dll, TcpClientExtensions.MessageLoopAsync: Polling on remoteEndPoint: 127.0.0.1:55674 localEndPoint: 127.0.0.1:55673 after 1010 ms
TpTrace Verbose: 0 : 22256, 12, 2024/10/25, 14:59:47.526, 6727263183259, vstest.console.dll, TcpClientExtensions.MessageLoopAsync: Polling on remoteEndPoint: 127.0.0.1:55674 localEndPoint: 127.0.0.1:55673 after 1000 ms
TpTrace Verbose: 0 : 22256, 12, 2024/10/25, 14:59:48.535, 6727273278612, vstest.console.dll, TcpClientExtensions.MessageLoopAsync: Polling on remoteEndPoint: 127.0.0.1:55674 localEndPoint: 127.0.0.1:55673 after 1009 ms
TpTrace Verbose: 0 : 22256, 12, 2024/10/25, 14:59:49.537, 6727283289706, vstest.console.dll, TcpClientExtensions.MessageLoopAsync: Polling on remoteEndPoint: 127.0.0.1:55674 localEndPoint: 127.0.0.1:55673 after 1000 ms
TpTrace Verbose: 0 : 22256, 12, 2024/10/25, 14:59:50.546, 6727293388238, vstest.console.dll, TcpClientExtensions.MessageLoopAsync: Polling on remoteEndPoint: 127.0.0.1:55674 localEndPoint: 127.0.0.1:55673 after 1009 ms
TpTrace Verbose: 0 : 22256, 12, 2024/10/25, 14:59:51.557, 6727303491742, vstest.console.dll, TcpClientExtensions.MessageLoopAsync: Polling on remoteEndPoint: 127.0.0.1:55674 localEndPoint: 127.0.0.1:55673 after 1010 ms
TpTrace Verbose: 0 : 22256, 12, 2024/10/25, 14:59:52.570, 6727313622021, vstest.console.dll, TcpClientExtensions.MessageLoopAsync: Polling on remoteEndPoint: 127.0.0.1:55674 localEndPoint: 127.0.0.1:55673 after 1012 ms
TpTrace Verbose: 0 : 22256, 12, 2024/10/25, 14:59:53.585, 6727323776680, vstest.console.dll, TcpClientExtensions.MessageLoopAsync: Polling on remoteEndPoint: 127.0.0.1:55674 localEndPoint: 127.0.0.1:55673 after 1015 ms
TpTrace Verbose: 0 : 22256, 12, 2024/10/25, 14:59:54.600, 6727333923150, vstest.console.dll, TcpClientExtensions.MessageLoopAsync: Polling on remoteEndPoint: 127.0.0.1:55674 localEndPoint: 127.0.0.1:55673 after 1014 ms
TpTrace Verbose: 0 : 22256, 12, 2024/10/25, 14:59:55.612, 6727344041800, vstest.console.dll, TcpClientExtensions.MessageLoopAsync: Polling on remoteEndPoint: 127.0.0.1:55674 localEndPoint: 127.0.0.1:55673 after 1011 ms
TpTrace Verbose: 0 : 22256, 12, 2024/10/25, 14:59:56.621, 6727354133825, vstest.console.dll, TcpClientExtensions.MessageLoopAsync: Polling on remoteEndPoint: 127.0.0.1:55674 localEndPoint: 127.0.0.1:55673 after 1008 ms
TpTrace Verbose: 0 : 22256, 12, 2024/10/25, 14:59:57.630, 6727364224438, vstest.console.dll, TcpClientExtensions.MessageLoopAsync: Polling on remoteEndPoint: 127.0.0.1:55674 localEndPoint: 127.0.0.1:55673 after 1008 ms
TpTrace Verbose: 0 : 22256, 12, 2024/10/25, 14:59:58.640, 6727374323896, vstest.console.dll, TcpClientExtensions.MessageLoopAsync: Polling on remoteEndPoint: 127.0.0.1:55674 localEndPoint: 127.0.0.1:55673 after 1009 ms
TpTrace Verbose: 0 : 22256, 12, 2024/10/25, 14:59:59.648, 6727384402978, vstest.console.dll, TcpClientExtensions.MessageLoopAsync: Polling on remoteEndPoint: 127.0.0.1:55674 localEndPoint: 127.0.0.1:55673 after 1007 ms
TpTrace Verbose: 0 : 22256, 12, 2024/10/25, 15:00:00.657, 6727394493583, vstest.console.dll, TcpClientExtensions.MessageLoopAsync: Polling on remoteEndPoint: 127.0.0.1:55674 localEndPoint: 127.0.0.1:55673 after 1008 ms
TpTrace Verbose: 0 : 22256, 12, 2024/10/25, 15:00:01.127, 6727399191587, vstest.console.dll, TcpClientExtensions.MessageLoopAsync: NotifyDataAvailable remoteEndPoint: 127.0.0.1:55674 localEndPoint: 127.0.0.1:55673
TpTrace Verbose: 0 : 22256, 12, 2024/10/25, 15:00:01.127, 6727399194532, vstest.console.dll, TestRequestSender.OnExecutionMessageReceived: Received message: {"Version":7,"MessageType":"TestSession.Message","Payload":{"MessageLevel":2,"Message":"[xUnit.net 00:00:23.17]     PlexShareTests.ScreenshareTests.ScreenshareClientTest.TestSendPacketReceive [FAIL]"}}
TpTrace Verbose: 0 : 22256, 12, 2024/10/25, 15:00:01.127, 6727399197565, vstest.console.dll, TestRunRequest:SendTestRunMessage: Starting.
TpTrace Verbose: 0 : 22256, 12, 2024/10/25, 15:00:01.128, 6727399199544, vstest.console.dll, MulticastDelegateUtilities.SafeInvoke: TestRun.LogMessages: Invoking callback 1/1 for Microsoft.VisualStudio.TestPlatform.CommandLine.TestRunResultAggregator., took 0 ms.
TpTrace Information: 0 : 22256, 12, 2024/10/25, 15:00:01.128, 6727399200351, vstest.console.dll, TestRunRequest:SendTestRunMessage: Completed.
TpTrace Verbose: 0 : 22256, 12, 2024/10/25, 15:00:01.128, 6727399201035, vstest.console.dll, MulticastDelegateUtilities.SafeInvoke: LengthPrefixCommunicationChannel: MessageReceived: Invoking callback 1/1 for Microsoft.VisualStudio.TestPlatform.CommunicationUtilities.TestRequestSender+<>c__DisplayClass34_0., took 0 ms.
TpTrace Verbose: 0 : 22256, 12, 2024/10/25, 15:00:01.128, 6727399201955, vstest.console.dll, TcpClientExtensions.MessageLoopAsync: Polling on remoteEndPoint: 127.0.0.1:55674 localEndPoint: 127.0.0.1:55673 after 470 ms
TpTrace Verbose: 0 : 22256, 4, 2024/10/25, 15:00:01.128, 6727399202875, vstest.console.dll, MulticastDelegateUtilities.SafeInvoke: InternalTestLoggerEvents.SendTestRunMessage: Invoking callback 1/1 for Microsoft.VisualStudio.TestPlatform.CommandLine.Internal.ConsoleLogger., took 0 ms.
TpTrace Verbose: 0 : 22256, 12, 2024/10/25, 15:00:01.128, 6727399203443, vstest.console.dll, TcpClientExtensions.MessageLoopAsync: NotifyDataAvailable remoteEndPoint: 127.0.0.1:55674 localEndPoint: 127.0.0.1:55673
TpTrace Verbose: 0 : 22256, 12, 2024/10/25, 15:00:01.128, 6727399205685, vstest.console.dll, TestRequestSender.OnExecutionMessageReceived: Received message: {"Version":7,"MessageType":"TestSession.Message","Payload":{"MessageLevel":0,"Message":"[xUnit.net 00:00:23.17]       Microsoft.VisualStudio.TestPlatform.TestHost.DebugAssertException : Method Debug.Fail failed with '[ScreenProcessor::StartProcessing] : img is null"}}
TpTrace Verbose: 0 : 22256, 12, 2024/10/25, 15:00:01.128, 6727399207897, vstest.console.dll, TestRunRequest:SendTestRunMessage: Starting.
TpTrace Verbose: 0 : 22256, 12, 2024/10/25, 15:00:01.128, 6727399208971, vstest.console.dll, MulticastDelegateUtilities.SafeInvoke: TestRun.LogMessages: Invoking callback 1/1 for Microsoft.VisualStudio.TestPlatform.CommandLine.TestRunResultAggregator., took 0 ms.
TpTrace Verbose: 0 : 22256, 4, 2024/10/25, 15:00:01.129, 6727399209570, vstest.console.dll, MulticastDelegateUtilities.SafeInvoke: InternalTestLoggerEvents.SendTestRunMessage: Invoking callback 1/1 for Microsoft.VisualStudio.TestPlatform.CommandLine.Internal.ConsoleLogger., took 0 ms.
TpTrace Information: 0 : 22256, 12, 2024/10/25, 15:00:01.129, 6727399209703, vstest.console.dll, TestRunRequest:SendTestRunMessage: Completed.
TpTrace Verbose: 0 : 22256, 12, 2024/10/25, 15:00:01.129, 6727399212259, vstest.console.dll, MulticastDelegateUtilities.SafeInvoke: LengthPrefixCommunicationChannel: MessageReceived: Invoking callback 1/1 for Microsoft.VisualStudio.TestPlatform.CommunicationUtilities.TestRequestSender+<>c__DisplayClass34_0., took 0 ms.
TpTrace Verbose: 0 : 22256, 12, 2024/10/25, 15:00:01.129, 6727399213572, vstest.console.dll, TcpClientExtensions.MessageLoopAsync: Polling on remoteEndPoint: 127.0.0.1:55674 localEndPoint: 127.0.0.1:55673 after 1 ms
TpTrace Verbose: 0 : 22256, 12, 2024/10/25, 15:00:01.129, 6727399214575, vstest.console.dll, TcpClientExtensions.MessageLoopAsync: NotifyDataAvailable remoteEndPoint: 127.0.0.1:55674 localEndPoint: 127.0.0.1:55673
TpTrace Verbose: 0 : 22256, 12, 2024/10/25, 15:00:01.129, 6727399215524, vstest.console.dll, TestRequestSender.OnExecutionMessageReceived: Received message: {"Version":7,"MessageType":"TestSession.Message","Payload":{"MessageLevel":0,"Message":"[xUnit.net 00:00:23.17]       ', and was translated to Microsoft.VisualStudio.TestPlatform.TestHost.DebugAssertException to avoid terminating the process hosting the test."}}
TpTrace Verbose: 0 : 22256, 12, 2024/10/25, 15:00:01.129, 6727399216791, vstest.console.dll, TestRunRequest:SendTestRunMessage: Starting.
TpTrace Verbose: 0 : 22256, 12, 2024/10/25, 15:00:01.129, 6727399217608, vstest.console.dll, MulticastDelegateUtilities.SafeInvoke: TestRun.LogMessages: Invoking callback 1/1 for Microsoft.VisualStudio.TestPlatform.CommandLine.TestRunResultAggregator., took 0 ms.
TpTrace Information: 0 : 22256, 12, 2024/10/25, 15:00:01.129, 6727399218112, vstest.console.dll, TestRunRequest:SendTestRunMessage: Completed.
TpTrace Verbose: 0 : 22256, 12, 2024/10/25, 15:00:01.129, 6727399218587, vstest.console.dll, MulticastDelegateUtilities.SafeInvoke: LengthPrefixCommunicationChannel: MessageReceived: Invoking callback 1/1 for Microsoft.VisualStudio.TestPlatform.CommunicationUtilities.TestRequestSender+<>c__DisplayClass34_0., took 0 ms.
TpTrace Verbose: 0 : 22256, 4, 2024/10/25, 15:00:01.129, 6727399218680, vstest.console.dll, MulticastDelegateUtilities.SafeInvoke: InternalTestLoggerEvents.SendTestRunMessage: Invoking callback 1/1 for Microsoft.VisualStudio.TestPlatform.CommandLine.Internal.ConsoleLogger., took 0 ms.
TpTrace Verbose: 0 : 22256, 12, 2024/10/25, 15:00:01.129, 6727399219091, vstest.console.dll, TcpClientExtensions.MessageLoopAsync: Polling on remoteEndPoint: 127.0.0.1:55674 localEndPoint: 127.0.0.1:55673 after 0 ms
TpTrace Verbose: 0 : 22256, 12, 2024/10/25, 15:00:01.130, 6727399222360, vstest.console.dll, TcpClientExtensions.MessageLoopAsync: NotifyDataAvailable remoteEndPoint: 127.0.0.1:55674 localEndPoint: 127.0.0.1:55673
TpTrace Verbose: 0 : 22256, 12, 2024/10/25, 15:00:01.130, 6727399223836, vstest.console.dll, TestRequestSender.OnExecutionMessageReceived: Received message: {"Version":7,"MessageType":"TestSession.Message","Payload":{"MessageLevel":0,"Message":"[xUnit.net 00:00:23.17]       Stack Trace:"}}
TpTrace Verbose: 0 : 22256, 12, 2024/10/25, 15:00:01.130, 6727399225472, vstest.console.dll, TestRunRequest:SendTestRunMessage: Starting.
TpTrace Verbose: 0 : 22256, 12, 2024/10/25, 15:00:01.130, 6727399226564, vstest.console.dll, MulticastDelegateUtilities.SafeInvoke: TestRun.LogMessages: Invoking callback 1/1 for Microsoft.VisualStudio.TestPlatform.CommandLine.TestRunResultAggregator., took 0 ms.
TpTrace Information: 0 : 22256, 12, 2024/10/25, 15:00:01.130, 6727399227311, vstest.console.dll, TestRunRequest:SendTestRunMessage: Completed.
TpTrace Verbose: 0 : 22256, 12, 2024/10/25, 15:00:01.130, 6727399228048, vstest.console.dll, MulticastDelegateUtilities.SafeInvoke: LengthPrefixCommunicationChannel: MessageReceived: Invoking callback 1/1 for Microsoft.VisualStudio.TestPlatform.CommunicationUtilities.TestRequestSender+<>c__DisplayClass34_0., took 0 ms.
TpTrace Verbose: 0 : 22256, 12, 2024/10/25, 15:00:01.130, 6727399229099, vstest.console.dll, TcpClientExtensions.MessageLoopAsync: Polling on remoteEndPoint: 127.0.0.1:55674 localEndPoint: 127.0.0.1:55673 after 0 ms
TpTrace Verbose: 0 : 22256, 12, 2024/10/25, 15:00:01.131, 6727399229950, vstest.console.dll, TcpClientExtensions.MessageLoopAsync: NotifyDataAvailable remoteEndPoint: 127.0.0.1:55674 localEndPoint: 127.0.0.1:55673
TpTrace Verbose: 0 : 22256, 12, 2024/10/25, 15:00:01.131, 6727399231267, vstest.console.dll, TestRequestSender.OnExecutionMessageReceived: Received message: {"Version":7,"MessageType":"TestSession.Message","Payload":{"MessageLevel":0,"Message":"[xUnit.net 00:00:23.17]         /_/src/testhost.x86/TestHostTraceListener.cs(48,0): at Microsoft.VisualStudio.TestPlatform.TestHost.TestHostTraceListener.GetException(String message)"}}
TpTrace Verbose: 0 : 22256, 12, 2024/10/25, 15:00:01.131, 6727399233312, vstest.console.dll, TestRunRequest:SendTestRunMessage: Starting.
TpTrace Verbose: 0 : 22256, 12, 2024/10/25, 15:00:01.131, 6727399234675, vstest.console.dll, MulticastDelegateUtilities.SafeInvoke: TestRun.LogMessages: Invoking callback 1/1 for Microsoft.VisualStudio.TestPlatform.CommandLine.TestRunResultAggregator., took 0 ms.
TpTrace Information: 0 : 22256, 12, 2024/10/25, 15:00:01.131, 6727399235414, vstest.console.dll, TestRunRequest:SendTestRunMessage: Completed.
TpTrace Verbose: 0 : 22256, 12, 2024/10/25, 15:00:01.131, 6727399236101, vstest.console.dll, MulticastDelegateUtilities.SafeInvoke: LengthPrefixCommunicationChannel: MessageReceived: Invoking callback 1/1 for Microsoft.VisualStudio.TestPlatform.CommunicationUtilities.TestRequestSender+<>c__DisplayClass34_0., took 0 ms.
TpTrace Verbose: 0 : 22256, 12, 2024/10/25, 15:00:01.131, 6727399236901, vstest.console.dll, TcpClientExtensions.MessageLoopAsync: Polling on remoteEndPoint: 127.0.0.1:55674 localEndPoint: 127.0.0.1:55673 after 0 ms
TpTrace Verbose: 0 : 22256, 12, 2024/10/25, 15:00:01.131, 6727399237902, vstest.console.dll, TcpClientExtensions.MessageLoopAsync: NotifyDataAvailable remoteEndPoint: 127.0.0.1:55674 localEndPoint: 127.0.0.1:55673
TpTrace Verbose: 0 : 22256, 12, 2024/10/25, 15:00:01.131, 6727399239062, vstest.console.dll, TestRequestSender.OnExecutionMessageReceived: Received message: {"Version":7,"MessageType":"TestSession.Message","Payload":{"MessageLevel":0,"Message":"[xUnit.net 00:00:23.17]         /_/src/testhost.x86/TestHostTraceListener.cs(43,0): at Microsoft.VisualStudio.TestPlatform.TestHost.TestHostTraceListener.Fail(String message, String detailMessage)"}}
TpTrace Verbose: 0 : 22256, 12, 2024/10/25, 15:00:01.132, 6727399240707, vstest.console.dll, TestRunRequest:SendTestRunMessage: Starting.
TpTrace Verbose: 0 : 22256, 12, 2024/10/25, 15:00:01.132, 6727399241975, vstest.console.dll, MulticastDelegateUtilities.SafeInvoke: TestRun.LogMessages: Invoking callback 1/1 for Microsoft.VisualStudio.TestPlatform.CommandLine.TestRunResultAggregator., took 0 ms.
TpTrace Information: 0 : 22256, 12, 2024/10/25, 15:00:01.132, 6727399242699, vstest.console.dll, TestRunRequest:SendTestRunMessage: Completed.
TpTrace Verbose: 0 : 22256, 12, 2024/10/25, 15:00:01.132, 6727399243383, vstest.console.dll, MulticastDelegateUtilities.SafeInvoke: LengthPrefixCommunicationChannel: MessageReceived: Invoking callback 1/1 for Microsoft.VisualStudio.TestPlatform.CommunicationUtilities.TestRequestSender+<>c__DisplayClass34_0., took 0 ms.
TpTrace Verbose: 0 : 22256, 12, 2024/10/25, 15:00:01.132, 6727399244176, vstest.console.dll, TcpClientExtensions.MessageLoopAsync: Polling on remoteEndPoint: 127.0.0.1:55674 localEndPoint: 127.0.0.1:55673 after 0 ms
TpTrace Verbose: 0 : 22256, 12, 2024/10/25, 15:00:01.132, 6727399245281, vstest.console.dll, TcpClientExtensions.MessageLoopAsync: NotifyDataAvailable remoteEndPoint: 127.0.0.1:55674 localEndPoint: 127.0.0.1:55673
TpTrace Verbose: 0 : 22256, 12, 2024/10/25, 15:00:01.132, 6727399246531, vstest.console.dll, TestRequestSender.OnExecutionMessageReceived: Received message: {"Version":7,"MessageType":"TestSession.Message","Payload":{"MessageLevel":0,"Message":"[xUnit.net 00:00:23.17]            at System.Diagnostics.TraceInternal.Fail(String message, String detailMessage)"}}
TpTrace Verbose: 0 : 22256, 12, 2024/10/25, 15:00:01.132, 6727399248170, vstest.console.dll, TestRunRequest:SendTestRunMessage: Starting.
TpTrace Verbose: 0 : 22256, 12, 2024/10/25, 15:00:01.132, 6727399249210, vstest.console.dll, MulticastDelegateUtilities.SafeInvoke: TestRun.LogMessages: Invoking callback 1/1 for Microsoft.VisualStudio.TestPlatform.CommandLine.TestRunResultAggregator., took 0 ms.
TpTrace Information: 0 : 22256, 12, 2024/10/25, 15:00:01.133, 6727399249963, vstest.console.dll, TestRunRequest:SendTestRunMessage: Completed.
TpTrace Verbose: 0 : 22256, 12, 2024/10/25, 15:00:01.133, 6727399250650, vstest.console.dll, MulticastDelegateUtilities.SafeInvoke: LengthPrefixCommunicationChannel: MessageReceived: Invoking callback 1/1 for Microsoft.VisualStudio.TestPlatform.CommunicationUtilities.TestRequestSender+<>c__DisplayClass34_0., took 0 ms.
TpTrace Verbose: 0 : 22256, 12, 2024/10/25, 15:00:01.133, 6727399251508, vstest.console.dll, TcpClientExtensions.MessageLoopAsync: Polling on remoteEndPoint: 127.0.0.1:55674 localEndPoint: 127.0.0.1:55673 after 0 ms
TpTrace Verbose: 0 : 22256, 12, 2024/10/25, 15:00:01.133, 6727399252353, vstest.console.dll, TcpClientExtensions.MessageLoopAsync: NotifyDataAvailable remoteEndPoint: 127.0.0.1:55674 localEndPoint: 127.0.0.1:55673
TpTrace Verbose: 0 : 22256, 12, 2024/10/25, 15:00:01.133, 6727399253706, vstest.console.dll, TestRequestSender.OnExecutionMessageReceived: Received message: {"Version":7,"MessageType":"TestSession.Message","Payload":{"MessageLevel":0,"Message":"[xUnit.net 00:00:23.17]            at System.Diagnostics.Debug.Fail(String message, String detailMessage)"}}
TpTrace Verbose: 0 : 22256, 12, 2024/10/25, 15:00:01.133, 6727399255377, vstest.console.dll, TestRunRequest:SendTestRunMessage: Starting.
TpTrace Verbose: 0 : 22256, 12, 2024/10/25, 15:00:01.133, 6727399256419, vstest.console.dll, MulticastDelegateUtilities.SafeInvoke: TestRun.LogMessages: Invoking callback 1/1 for Microsoft.VisualStudio.TestPlatform.CommandLine.TestRunResultAggregator., took 0 ms.
TpTrace Information: 0 : 22256, 12, 2024/10/25, 15:00:01.133, 6727399257170, vstest.console.dll, TestRunRequest:SendTestRunMessage: Completed.
TpTrace Verbose: 0 : 22256, 12, 2024/10/25, 15:00:01.133, 6727399257848, vstest.console.dll, MulticastDelegateUtilities.SafeInvoke: LengthPrefixCommunicationChannel: MessageReceived: Invoking callback 1/1 for Microsoft.VisualStudio.TestPlatform.CommunicationUtilities.TestRequestSender+<>c__DisplayClass34_0., took 0 ms.
TpTrace Verbose: 0 : 22256, 12, 2024/10/25, 15:00:01.133, 6727399258864, vstest.console.dll, TcpClientExtensions.MessageLoopAsync: Polling on remoteEndPoint: 127.0.0.1:55674 localEndPoint: 127.0.0.1:55673 after 0 ms
TpTrace Verbose: 0 : 22256, 12, 2024/10/25, 15:00:01.134, 6727399259693, vstest.console.dll, TcpClientExtensions.MessageLoopAsync: NotifyDataAvailable remoteEndPoint: 127.0.0.1:55674 localEndPoint: 127.0.0.1:55673
TpTrace Verbose: 0 : 22256, 12, 2024/10/25, 15:00:01.134, 6727399260907, vstest.console.dll, TestRequestSender.OnExecutionMessageReceived: Received message: {"Version":7,"MessageType":"TestSession.Message","Payload":{"MessageLevel":0,"Message":"[xUnit.net 00:00:23.17]         C:\\Users\\hp\\Desktop\\SE-ScreenShare\\source\\repos\\ScreenShare\\ScreenShare\\ScreenShareClient\\ScreenProcessor.cs(223,0): at ScreenShare.Client.ScreenProcessor.StartProcessing()"}}
TpTrace Verbose: 0 : 22256, 12, 2024/10/25, 15:00:01.134, 6727399262549, vstest.console.dll, TestRunRequest:SendTestRunMessage: Starting.
TpTrace Verbose: 0 : 22256, 12, 2024/10/25, 15:00:01.134, 6727399264480, vstest.console.dll, MulticastDelegateUtilities.SafeInvoke: TestRun.LogMessages: Invoking callback 1/1 for Microsoft.VisualStudio.TestPlatform.CommandLine.TestRunResultAggregator., took 0 ms.
TpTrace Verbose: 0 : 22256, 4, 2024/10/25, 15:00:01.131, 6727399230023, vstest.console.dll, MulticastDelegateUtilities.SafeInvoke: InternalTestLoggerEvents.SendTestRunMessage: Invoking callback 1/1 for Microsoft.VisualStudio.TestPlatform.CommandLine.Internal.ConsoleLogger., took 0 ms.
TpTrace Information: 0 : 22256, 12, 2024/10/25, 15:00:01.134, 6727399265403, vstest.console.dll, TestRunRequest:SendTestRunMessage: Completed.
TpTrace Verbose: 0 : 22256, 12, 2024/10/25, 15:00:01.134, 6727399267807, vstest.console.dll, MulticastDelegateUtilities.SafeInvoke: LengthPrefixCommunicationChannel: MessageReceived: Invoking callback 1/1 for Microsoft.VisualStudio.TestPlatform.CommunicationUtilities.TestRequestSender+<>c__DisplayClass34_0., took 0 ms.
TpTrace Verbose: 0 : 22256, 4, 2024/10/25, 15:00:01.134, 6727399268479, vstest.console.dll, MulticastDelegateUtilities.SafeInvoke: InternalTestLoggerEvents.SendTestRunMessage: Invoking callback 1/1 for Microsoft.VisualStudio.TestPlatform.CommandLine.Internal.ConsoleLogger., took 0 ms.
TpTrace Verbose: 0 : 22256, 12, 2024/10/25, 15:00:01.134, 6727399268585, vstest.console.dll, TcpClientExtensions.MessageLoopAsync: Polling on remoteEndPoint: 127.0.0.1:55674 localEndPoint: 127.0.0.1:55673 after 0 ms
TpTrace Verbose: 0 : 22256, 12, 2024/10/25, 15:00:01.135, 6727399270359, vstest.console.dll, TcpClientExtensions.MessageLoopAsync: NotifyDataAvailable remoteEndPoint: 127.0.0.1:55674 localEndPoint: 127.0.0.1:55673
TpTrace Verbose: 0 : 22256, 12, 2024/10/25, 15:00:01.135, 6727399271476, vstest.console.dll, TestRequestSender.OnExecutionMessageReceived: Received message: {"Version":7,"MessageType":"TestSession.Message","Payload":{"MessageLevel":0,"Message":"[xUnit.net 00:00:23.17]         C:\\Users\\hp\\Desktop\\SE-ScreenShare\\source\\repos\\ScreenShare\\ScreenShare\\ScreenShareClient\\ScreenShareStarter.cs(298,0): at ScreenShare.Client.ScreenshareClient.StartImageSending()"}}
TpTrace Verbose: 0 : 22256, 12, 2024/10/25, 15:00:01.135, 6727399273042, vstest.console.dll, TestRunRequest:SendTestRunMessage: Starting.
TpTrace Verbose: 0 : 22256, 12, 2024/10/25, 15:00:01.135, 6727399274444, vstest.console.dll, MulticastDelegateUtilities.SafeInvoke: TestRun.LogMessages: Invoking callback 1/1 for Microsoft.VisualStudio.TestPlatform.CommandLine.TestRunResultAggregator., took 0 ms.
TpTrace Information: 0 : 22256, 12, 2024/10/25, 15:00:01.135, 6727399275175, vstest.console.dll, TestRunRequest:SendTestRunMessage: Completed.
TpTrace Verbose: 0 : 22256, 12, 2024/10/25, 15:00:01.135, 6727399275811, vstest.console.dll, MulticastDelegateUtilities.SafeInvoke: LengthPrefixCommunicationChannel: MessageReceived: Invoking callback 1/1 for Microsoft.VisualStudio.TestPlatform.CommunicationUtilities.TestRequestSender+<>c__DisplayClass34_0., took 0 ms.
TpTrace Verbose: 0 : 22256, 12, 2024/10/25, 15:00:01.135, 6727399276648, vstest.console.dll, TcpClientExtensions.MessageLoopAsync: Polling on remoteEndPoint: 127.0.0.1:55674 localEndPoint: 127.0.0.1:55673 after 0 ms
TpTrace Verbose: 0 : 22256, 12, 2024/10/25, 15:00:01.135, 6727399277448, vstest.console.dll, TcpClientExtensions.MessageLoopAsync: NotifyDataAvailable remoteEndPoint: 127.0.0.1:55674 localEndPoint: 127.0.0.1:55673
TpTrace Verbose: 0 : 22256, 12, 2024/10/25, 15:00:01.135, 6727399278641, vstest.console.dll, TestRequestSender.OnExecutionMessageReceived: Received message: {"Version":7,"MessageType":"TestSession.Message","Payload":{"MessageLevel":0,"Message":"[xUnit.net 00:00:23.17]         C:\\Users\\hp\\Desktop\\SE-ScreenShare\\source\\repos\\ScreenShare\\ScreenShare\\ScreenShareClient\\ScreenShareStarter.cs(164,0): at ScreenShare.Client.ScreenshareClient.OnDataReceived(String serializedData)"}}
TpTrace Verbose: 0 : 22256, 12, 2024/10/25, 15:00:01.136, 6727399280052, vstest.console.dll, TestRunRequest:SendTestRunMessage: Starting.
TpTrace Verbose: 0 : 22256, 12, 2024/10/25, 15:00:01.136, 6727399283263, vstest.console.dll, MulticastDelegateUtilities.SafeInvoke: TestRun.LogMessages: Invoking callback 1/1 for Microsoft.VisualStudio.TestPlatform.CommandLine.TestRunResultAggregator., took 0 ms.
TpTrace Information: 0 : 22256, 12, 2024/10/25, 15:00:01.136, 6727399284387, vstest.console.dll, TestRunRequest:SendTestRunMessage: Completed.
TpTrace Verbose: 0 : 22256, 12, 2024/10/25, 15:00:01.136, 6727399285093, vstest.console.dll, MulticastDelegateUtilities.SafeInvoke: LengthPrefixCommunicationChannel: MessageReceived: Invoking callback 1/1 for Microsoft.VisualStudio.TestPlatform.CommunicationUtilities.TestRequestSender+<>c__DisplayClass34_0., took 0 ms.
TpTrace Verbose: 0 : 22256, 4, 2024/10/25, 15:00:01.136, 6727399285737, vstest.console.dll, MulticastDelegateUtilities.SafeInvoke: InternalTestLoggerEvents.SendTestRunMessage: Invoking callback 1/1 for Microsoft.VisualStudio.TestPlatform.CommandLine.Internal.ConsoleLogger., took 0 ms.
TpTrace Verbose: 0 : 22256, 12, 2024/10/25, 15:00:01.136, 6727399285871, vstest.console.dll, TcpClientExtensions.MessageLoopAsync: Polling on remoteEndPoint: 127.0.0.1:55674 localEndPoint: 127.0.0.1:55673 after 0 ms
TpTrace Verbose: 0 : 22256, 4, 2024/10/25, 15:00:01.136, 6727399288003, vstest.console.dll, MulticastDelegateUtilities.SafeInvoke: InternalTestLoggerEvents.SendTestRunMessage: Invoking callback 1/1 for Microsoft.VisualStudio.TestPlatform.CommandLine.Internal.ConsoleLogger., took 0 ms.
TpTrace Verbose: 0 : 22256, 12, 2024/10/25, 15:00:01.136, 6727399289115, vstest.console.dll, TcpClientExtensions.MessageLoopAsync: NotifyDataAvailable remoteEndPoint: 127.0.0.1:55674 localEndPoint: 127.0.0.1:55673
TpTrace Verbose: 0 : 22256, 4, 2024/10/25, 15:00:01.137, 6727399290249, vstest.console.dll, MulticastDelegateUtilities.SafeInvoke: InternalTestLoggerEvents.SendTestRunMessage: Invoking callback 1/1 for Microsoft.VisualStudio.TestPlatform.CommandLine.Internal.ConsoleLogger., took 0 ms.
TpTrace Verbose: 0 : 22256, 12, 2024/10/25, 15:00:01.137, 6727399291395, vstest.console.dll, TestRequestSender.OnExecutionMessageReceived: Received message: {"Version":7,"MessageType":"TestSession.Message","Payload":{"MessageLevel":0,"Message":"[xUnit.net 00:00:23.17]         C:\\Users\\hp\\Desktop\\SE-ScreenShare\\source\\repos\\ScreenShare\\Screentest\\Client.cs(77,0): at PlexShareTests.ScreenshareTests.ScreenshareClientTest.TestSendPacketReceive()"}}
TpTrace Verbose: 0 : 22256, 4, 2024/10/25, 15:00:01.137, 6727399291808, vstest.console.dll, MulticastDelegateUtilities.SafeInvoke: InternalTestLoggerEvents.SendTestRunMessage: Invoking callback 1/1 for Microsoft.VisualStudio.TestPlatform.CommandLine.Internal.ConsoleLogger., took 0 ms.
TpTrace Verbose: 0 : 22256, 12, 2024/10/25, 15:00:01.137, 6727399293998, vstest.console.dll, TestRunRequest:SendTestRunMessage: Starting.
TpTrace Verbose: 0 : 22256, 4, 2024/10/25, 15:00:01.137, 6727399294855, vstest.console.dll, MulticastDelegateUtilities.SafeInvoke: InternalTestLoggerEvents.SendTestRunMessage: Invoking callback 1/1 for Microsoft.VisualStudio.TestPlatform.CommandLine.Internal.ConsoleLogger., took 0 ms.
TpTrace Verbose: 0 : 22256, 12, 2024/10/25, 15:00:01.137, 6727399295436, vstest.console.dll, MulticastDelegateUtilities.SafeInvoke: TestRun.LogMessages: Invoking callback 1/1 for Microsoft.VisualStudio.TestPlatform.CommandLine.TestRunResultAggregator., took 0 ms.
TpTrace Verbose: 0 : 22256, 4, 2024/10/25, 15:00:01.137, 6727399296498, vstest.console.dll, MulticastDelegateUtilities.SafeInvoke: InternalTestLoggerEvents.SendTestRunMessage: Invoking callback 1/1 for Microsoft.VisualStudio.TestPlatform.CommandLine.Internal.ConsoleLogger., took 0 ms.
TpTrace Information: 0 : 22256, 12, 2024/10/25, 15:00:01.137, 6727399297929, vstest.console.dll, TestRunRequest:SendTestRunMessage: Completed.
TpTrace Verbose: 0 : 22256, 4, 2024/10/25, 15:00:01.138, 6727399299831, vstest.console.dll, MulticastDelegateUtilities.SafeInvoke: InternalTestLoggerEvents.SendTestRunMessage: Invoking callback 1/1 for Microsoft.VisualStudio.TestPlatform.CommandLine.Internal.ConsoleLogger., took 0 ms.
TpTrace Verbose: 0 : 22256, 12, 2024/10/25, 15:00:01.138, 6727399301174, vstest.console.dll, MulticastDelegateUtilities.SafeInvoke: LengthPrefixCommunicationChannel: MessageReceived: Invoking callback 1/1 for Microsoft.VisualStudio.TestPlatform.CommunicationUtilities.TestRequestSender+<>c__DisplayClass34_0., took 0 ms.
TpTrace Verbose: 0 : 22256, 12, 2024/10/25, 15:00:01.138, 6727399302345, vstest.console.dll, TcpClientExtensions.MessageLoopAsync: Polling on remoteEndPoint: 127.0.0.1:55674 localEndPoint: 127.0.0.1:55673 after 1 ms
TpTrace Verbose: 0 : 22256, 12, 2024/10/25, 15:00:01.138, 6727399302956, vstest.console.dll, TcpClientExtensions.MessageLoopAsync: NotifyDataAvailable remoteEndPoint: 127.0.0.1:55674 localEndPoint: 127.0.0.1:55673
TpTrace Verbose: 0 : 22256, 12, 2024/10/25, 15:00:01.138, 6727399303863, vstest.console.dll, TestRequestSender.OnExecutionMessageReceived: Received message: {"Version":7,"MessageType":"TestSession.Message","Payload":{"MessageLevel":0,"Message":"[xUnit.net 00:00:23.18]            at System.RuntimeMethodHandle.InvokeMethod(Object target, Void** arguments, Signature sig, Boolean isConstructor)"}}
TpTrace Verbose: 0 : 22256, 12, 2024/10/25, 15:00:01.138, 6727399305070, vstest.console.dll, TestRunRequest:SendTestRunMessage: Starting.
TpTrace Verbose: 0 : 22256, 12, 2024/10/25, 15:00:01.138, 6727399306021, vstest.console.dll, MulticastDelegateUtilities.SafeInvoke: TestRun.LogMessages: Invoking callback 1/1 for Microsoft.VisualStudio.TestPlatform.CommandLine.TestRunResultAggregator., took 0 ms.
TpTrace Verbose: 0 : 22256, 4, 2024/10/25, 15:00:01.138, 6727399306494, vstest.console.dll, MulticastDelegateUtilities.SafeInvoke: InternalTestLoggerEvents.SendTestRunMessage: Invoking callback 1/1 for Microsoft.VisualStudio.TestPlatform.CommandLine.Internal.ConsoleLogger., took 0 ms.
TpTrace Information: 0 : 22256, 12, 2024/10/25, 15:00:01.138, 6727399306669, vstest.console.dll, TestRunRequest:SendTestRunMessage: Completed.
TpTrace Verbose: 0 : 22256, 12, 2024/10/25, 15:00:01.138, 6727399308370, vstest.console.dll, MulticastDelegateUtilities.SafeInvoke: LengthPrefixCommunicationChannel: MessageReceived: Invoking callback 1/1 for Microsoft.VisualStudio.TestPlatform.CommunicationUtilities.TestRequestSender+<>c__DisplayClass34_0., took 0 ms.
TpTrace Verbose: 0 : 22256, 12, 2024/10/25, 15:00:01.138, 6727399308859, vstest.console.dll, TcpClientExtensions.MessageLoopAsync: Polling on remoteEndPoint: 127.0.0.1:55674 localEndPoint: 127.0.0.1:55673 after 0 ms
TpTrace Verbose: 0 : 22256, 12, 2024/10/25, 15:00:01.139, 6727399309421, vstest.console.dll, TcpClientExtensions.MessageLoopAsync: NotifyDataAvailable remoteEndPoint: 127.0.0.1:55674 localEndPoint: 127.0.0.1:55673
TpTrace Verbose: 0 : 22256, 12, 2024/10/25, 15:00:01.139, 6727399310239, vstest.console.dll, TestRequestSender.OnExecutionMessageReceived: Received message: {"Version":7,"MessageType":"TestSession.Message","Payload":{"MessageLevel":0,"Message":"[xUnit.net 00:00:23.18]            at System.Reflection.MethodBaseInvoker.InvokeWithNoArgs(Object obj, BindingFlags invokeAttr)"}}
TpTrace Verbose: 0 : 22256, 12, 2024/10/25, 15:00:01.139, 6727399311503, vstest.console.dll, TestRunRequest:SendTestRunMessage: Starting.
TpTrace Verbose: 0 : 22256, 12, 2024/10/25, 15:00:01.139, 6727399312290, vstest.console.dll, MulticastDelegateUtilities.SafeInvoke: TestRun.LogMessages: Invoking callback 1/1 for Microsoft.VisualStudio.TestPlatform.CommandLine.TestRunResultAggregator., took 0 ms.
TpTrace Verbose: 0 : 22256, 4, 2024/10/25, 15:00:01.139, 6727399312677, vstest.console.dll, MulticastDelegateUtilities.SafeInvoke: InternalTestLoggerEvents.SendTestRunMessage: Invoking callback 1/1 for Microsoft.VisualStudio.TestPlatform.CommandLine.Internal.ConsoleLogger., took 0 ms.
TpTrace Information: 0 : 22256, 12, 2024/10/25, 15:00:01.139, 6727399312986, vstest.console.dll, TestRunRequest:SendTestRunMessage: Completed.
TpTrace Verbose: 0 : 22256, 12, 2024/10/25, 15:00:01.139, 6727399319213, vstest.console.dll, MulticastDelegateUtilities.SafeInvoke: LengthPrefixCommunicationChannel: MessageReceived: Invoking callback 1/1 for Microsoft.VisualStudio.TestPlatform.CommunicationUtilities.TestRequestSender+<>c__DisplayClass34_0., took 0 ms.
TpTrace Verbose: 0 : 22256, 12, 2024/10/25, 15:00:01.140, 6727399319984, vstest.console.dll, TcpClientExtensions.MessageLoopAsync: Polling on remoteEndPoint: 127.0.0.1:55674 localEndPoint: 127.0.0.1:55673 after 1 ms
TpTrace Verbose: 0 : 22256, 12, 2024/10/25, 15:00:01.140, 6727399322067, vstest.console.dll, TcpClientExtensions.MessageLoopAsync: NotifyDataAvailable remoteEndPoint: 127.0.0.1:55674 localEndPoint: 127.0.0.1:55673
TpTrace Verbose: 0 : 22256, 12, 2024/10/25, 15:00:01.140, 6727399323765, vstest.console.dll, TestRequestSender.OnExecutionMessageReceived: Received message: {"Version":7,"MessageType":"TestSession.Message","Payload":{"MessageLevel":0,"Message":"[xUnit.net 00:00:23.18]            at System.Reflection.MethodBase.Invoke(Object obj, Object[] parameters)"}}
TpTrace Verbose: 0 : 22256, 12, 2024/10/25, 15:00:01.140, 6727399325516, vstest.console.dll, TestRunRequest:SendTestRunMessage: Starting.
TpTrace Verbose: 0 : 22256, 12, 2024/10/25, 15:00:01.140, 6727399326882, vstest.console.dll, MulticastDelegateUtilities.SafeInvoke: TestRun.LogMessages: Invoking callback 1/1 for Microsoft.VisualStudio.TestPlatform.CommandLine.TestRunResultAggregator., took 0 ms.
TpTrace Information: 0 : 22256, 12, 2024/10/25, 15:00:01.140, 6727399327680, vstest.console.dll, TestRunRequest:SendTestRunMessage: Completed.
TpTrace Verbose: 0 : 22256, 12, 2024/10/25, 15:00:01.140, 6727399328751, vstest.console.dll, MulticastDelegateUtilities.SafeInvoke: LengthPrefixCommunicationChannel: MessageReceived: Invoking callback 1/1 for Microsoft.VisualStudio.TestPlatform.CommunicationUtilities.TestRequestSender+<>c__DisplayClass34_0., took 0 ms.
TpTrace Verbose: 0 : 22256, 12, 2024/10/25, 15:00:01.141, 6727399329457, vstest.console.dll, TcpClientExtensions.MessageLoopAsync: Polling on remoteEndPoint: 127.0.0.1:55674 localEndPoint: 127.0.0.1:55673 after 0 ms
TpTrace Verbose: 0 : 22256, 12, 2024/10/25, 15:00:01.141, 6727399330216, vstest.console.dll, TcpClientExtensions.MessageLoopAsync: NotifyDataAvailable remoteEndPoint: 127.0.0.1:55674 localEndPoint: 127.0.0.1:55673
TpTrace Verbose: 0 : 22256, 4, 2024/10/25, 15:00:01.141, 6727399330549, vstest.console.dll, MulticastDelegateUtilities.SafeInvoke: InternalTestLoggerEvents.SendTestRunMessage: Invoking callback 1/1 for Microsoft.VisualStudio.TestPlatform.CommandLine.Internal.ConsoleLogger., took 0 ms.
TpTrace Verbose: 0 : 22256, 12, 2024/10/25, 15:00:01.141, 6727399331327, vstest.console.dll, TestRequestSender.OnExecutionMessageReceived: Received message: {"Version":7,"MessageType":"TestSession.Message","Payload":{"MessageLevel":0,"Message":"[xUnit.net 00:00:23.18]            at System.Runtime.CompilerServices.AsyncMethodBuilderCore.Start[TStateMachine](TStateMachine& stateMachine)"}}
TpTrace Verbose: 0 : 22256, 12, 2024/10/25, 15:00:01.141, 6727399332874, vstest.console.dll, TestRunRequest:SendTestRunMessage: Starting.
TpTrace Verbose: 0 : 22256, 12, 2024/10/25, 15:00:01.141, 6727399333902, vstest.console.dll, MulticastDelegateUtilities.SafeInvoke: TestRun.LogMessages: Invoking callback 1/1 for Microsoft.VisualStudio.TestPlatform.CommandLine.TestRunResultAggregator., took 0 ms.
TpTrace Information: 0 : 22256, 12, 2024/10/25, 15:00:01.141, 6727399334626, vstest.console.dll, TestRunRequest:SendTestRunMessage: Completed.
TpTrace Verbose: 0 : 22256, 12, 2024/10/25, 15:00:01.141, 6727399335313, vstest.console.dll, MulticastDelegateUtilities.SafeInvoke: LengthPrefixCommunicationChannel: MessageReceived: Invoking callback 1/1 for Microsoft.VisualStudio.TestPlatform.CommunicationUtilities.TestRequestSender+<>c__DisplayClass34_0., took 0 ms.
TpTrace Verbose: 0 : 22256, 12, 2024/10/25, 15:00:01.141, 6727399335990, vstest.console.dll, TcpClientExtensions.MessageLoopAsync: Polling on remoteEndPoint: 127.0.0.1:55674 localEndPoint: 127.0.0.1:55673 after 0 ms
TpTrace Verbose: 0 : 22256, 4, 2024/10/25, 15:00:01.141, 6727399334791, vstest.console.dll, MulticastDelegateUtilities.SafeInvoke: InternalTestLoggerEvents.SendTestRunMessage: Invoking callback 1/1 for Microsoft.VisualStudio.TestPlatform.CommandLine.Internal.ConsoleLogger., took 0 ms.
TpTrace Verbose: 0 : 22256, 12, 2024/10/25, 15:00:01.141, 6727399338290, vstest.console.dll, TcpClientExtensions.MessageLoopAsync: NotifyDataAvailable remoteEndPoint: 127.0.0.1:55674 localEndPoint: 127.0.0.1:55673
TpTrace Verbose: 0 : 22256, 12, 2024/10/25, 15:00:01.142, 6727399340928, vstest.console.dll, TestRequestSender.OnExecutionMessageReceived: Received message: {"Version":7,"MessageType":"TestSession.Message","Payload":{"MessageLevel":0,"Message":"[xUnit.net 00:00:23.18]            at System.Runtime.CompilerServices.AsyncMethodBuilderCore.Start[TStateMachine](TStateMachine& stateMachine)"}}
TpTrace Verbose: 0 : 22256, 12, 2024/10/25, 15:00:01.142, 6727399342783, vstest.console.dll, TestRunRequest:SendTestRunMessage: Starting.
TpTrace Verbose: 0 : 22256, 12, 2024/10/25, 15:00:01.142, 6727399344187, vstest.console.dll, MulticastDelegateUtilities.SafeInvoke: TestRun.LogMessages: Invoking callback 1/1 for Microsoft.VisualStudio.TestPlatform.CommandLine.TestRunResultAggregator., took 0 ms.
TpTrace Verbose: 0 : 22256, 4, 2024/10/25, 15:00:01.142, 6727399345784, vstest.console.dll, MulticastDelegateUtilities.SafeInvoke: InternalTestLoggerEvents.SendTestRunMessage: Invoking callback 1/1 for Microsoft.VisualStudio.TestPlatform.CommandLine.Internal.ConsoleLogger., took 0 ms.
TpTrace Information: 0 : 22256, 12, 2024/10/25, 15:00:01.142, 6727399346167, vstest.console.dll, TestRunRequest:SendTestRunMessage: Completed.
TpTrace Verbose: 0 : 22256, 12, 2024/10/25, 15:00:01.142, 6727399348577, vstest.console.dll, MulticastDelegateUtilities.SafeInvoke: LengthPrefixCommunicationChannel: MessageReceived: Invoking callback 1/1 for Microsoft.VisualStudio.TestPlatform.CommunicationUtilities.TestRequestSender+<>c__DisplayClass34_0., took 0 ms.
TpTrace Verbose: 0 : 22256, 12, 2024/10/25, 15:00:01.143, 6727399349722, vstest.console.dll, TcpClientExtensions.MessageLoopAsync: Polling on remoteEndPoint: 127.0.0.1:55674 localEndPoint: 127.0.0.1:55673 after 1 ms
TpTrace Verbose: 0 : 22256, 12, 2024/10/25, 15:00:01.143, 6727399351378, vstest.console.dll, TcpClientExtensions.MessageLoopAsync: NotifyDataAvailable remoteEndPoint: 127.0.0.1:55674 localEndPoint: 127.0.0.1:55673
TpTrace Verbose: 0 : 22256, 12, 2024/10/25, 15:00:01.143, 6727399352833, vstest.console.dll, TestRequestSender.OnExecutionMessageReceived: Received message: {"Version":7,"MessageType":"TestSession.Message","Payload":{"MessageLevel":0,"Message":"[xUnit.net 00:00:23.18]            at System.Runtime.CompilerServices.AsyncMethodBuilderCore.Start[TStateMachine](TStateMachine& stateMachine)"}}
TpTrace Verbose: 0 : 22256, 12, 2024/10/25, 15:00:01.143, 6727399354448, vstest.console.dll, TestRunRequest:SendTestRunMessage: Starting.
TpTrace Verbose: 0 : 22256, 12, 2024/10/25, 15:00:01.143, 6727399356380, vstest.console.dll, MulticastDelegateUtilities.SafeInvoke: TestRun.LogMessages: Invoking callback 1/1 for Microsoft.VisualStudio.TestPlatform.CommandLine.TestRunResultAggregator., took 0 ms.
TpTrace Verbose: 0 : 22256, 4, 2024/10/25, 15:00:01.143, 6727399357008, vstest.console.dll, MulticastDelegateUtilities.SafeInvoke: InternalTestLoggerEvents.SendTestRunMessage: Invoking callback 1/1 for Microsoft.VisualStudio.TestPlatform.CommandLine.Internal.ConsoleLogger., took 0 ms.
TpTrace Information: 0 : 22256, 12, 2024/10/25, 15:00:01.143, 6727399357234, vstest.console.dll, TestRunRequest:SendTestRunMessage: Completed.
TpTrace Verbose: 0 : 22256, 12, 2024/10/25, 15:00:01.144, 6727399359710, vstest.console.dll, MulticastDelegateUtilities.SafeInvoke: LengthPrefixCommunicationChannel: MessageReceived: Invoking callback 1/1 for Microsoft.VisualStudio.TestPlatform.CommunicationUtilities.TestRequestSender+<>c__DisplayClass34_0., took 0 ms.
TpTrace Verbose: 0 : 22256, 12, 2024/10/25, 15:00:01.144, 6727399360831, vstest.console.dll, TcpClientExtensions.MessageLoopAsync: Polling on remoteEndPoint: 127.0.0.1:55674 localEndPoint: 127.0.0.1:55673 after 0 ms
TpTrace Verbose: 0 : 22256, 12, 2024/10/25, 15:00:01.144, 6727399362134, vstest.console.dll, TcpClientExtensions.MessageLoopAsync: NotifyDataAvailable remoteEndPoint: 127.0.0.1:55674 localEndPoint: 127.0.0.1:55673
TpTrace Verbose: 0 : 22256, 12, 2024/10/25, 15:00:01.144, 6727399363433, vstest.console.dll, TestRequestSender.OnExecutionMessageReceived: Received message: {"Version":7,"MessageType":"TestSession.Message","Payload":{"MessageLevel":0,"Message":"[xUnit.net 00:00:23.18]            at System.Runtime.CompilerServices.AsyncMethodBuilderCore.Start[TStateMachine](TStateMachine& stateMachine)"}}
TpTrace Verbose: 0 : 22256, 12, 2024/10/25, 15:00:01.144, 6727399364974, vstest.console.dll, TestRunRequest:SendTestRunMessage: Starting.
TpTrace Verbose: 0 : 22256, 12, 2024/10/25, 15:00:01.144, 6727399366215, vstest.console.dll, MulticastDelegateUtilities.SafeInvoke: TestRun.LogMessages: Invoking callback 1/1 for Microsoft.VisualStudio.TestPlatform.CommandLine.TestRunResultAggregator., took 0 ms.
TpTrace Verbose: 0 : 22256, 4, 2024/10/25, 15:00:01.144, 6727399366830, vstest.console.dll, MulticastDelegateUtilities.SafeInvoke: InternalTestLoggerEvents.SendTestRunMessage: Invoking callback 1/1 for Microsoft.VisualStudio.TestPlatform.CommandLine.Internal.ConsoleLogger., took 0 ms.
TpTrace Information: 0 : 22256, 12, 2024/10/25, 15:00:01.144, 6727399367089, vstest.console.dll, TestRunRequest:SendTestRunMessage: Completed.
TpTrace Verbose: 0 : 22256, 12, 2024/10/25, 15:00:01.144, 6727399369379, vstest.console.dll, MulticastDelegateUtilities.SafeInvoke: LengthPrefixCommunicationChannel: MessageReceived: Invoking callback 1/1 for Microsoft.VisualStudio.TestPlatform.CommunicationUtilities.TestRequestSender+<>c__DisplayClass34_0., took 0 ms.
TpTrace Verbose: 0 : 22256, 12, 2024/10/25, 15:00:01.145, 6727399370126, vstest.console.dll, TcpClientExtensions.MessageLoopAsync: Polling on remoteEndPoint: 127.0.0.1:55674 localEndPoint: 127.0.0.1:55673 after 0 ms
TpTrace Verbose: 0 : 22256, 12, 2024/10/25, 15:00:01.145, 6727399370966, vstest.console.dll, TcpClientExtensions.MessageLoopAsync: NotifyDataAvailable remoteEndPoint: 127.0.0.1:55674 localEndPoint: 127.0.0.1:55673
TpTrace Verbose: 0 : 22256, 12, 2024/10/25, 15:00:01.145, 6727399372051, vstest.console.dll, TestRequestSender.OnExecutionMessageReceived: Received message: {"Version":7,"MessageType":"TestSession.Message","Payload":{"MessageLevel":0,"Message":"[xUnit.net 00:00:23.18]            at System.Runtime.CompilerServices.AsyncMethodBuilderCore.Start[TStateMachine](TStateMachine& stateMachine)"}}
TpTrace Verbose: 0 : 22256, 12, 2024/10/25, 15:00:01.145, 6727399373559, vstest.console.dll, TestRunRequest:SendTestRunMessage: Starting.
TpTrace Verbose: 0 : 22256, 12, 2024/10/25, 15:00:01.145, 6727399374692, vstest.console.dll, MulticastDelegateUtilities.SafeInvoke: TestRun.LogMessages: Invoking callback 1/1 for Microsoft.VisualStudio.TestPlatform.CommandLine.TestRunResultAggregator., took 0 ms.
TpTrace Verbose: 0 : 22256, 4, 2024/10/25, 15:00:01.145, 6727399375245, vstest.console.dll, MulticastDelegateUtilities.SafeInvoke: InternalTestLoggerEvents.SendTestRunMessage: Invoking callback 1/1 for Microsoft.VisualStudio.TestPlatform.CommandLine.Internal.ConsoleLogger., took 0 ms.
TpTrace Information: 0 : 22256, 12, 2024/10/25, 15:00:01.145, 6727399375550, vstest.console.dll, TestRunRequest:SendTestRunMessage: Completed.
TpTrace Verbose: 0 : 22256, 12, 2024/10/25, 15:00:01.145, 6727399379016, vstest.console.dll, MulticastDelegateUtilities.SafeInvoke: LengthPrefixCommunicationChannel: MessageReceived: Invoking callback 1/1 for Microsoft.VisualStudio.TestPlatform.CommunicationUtilities.TestRequestSender+<>c__DisplayClass34_0., took 0 ms.
TpTrace Verbose: 0 : 22256, 12, 2024/10/25, 15:00:01.146, 6727399379632, vstest.console.dll, TcpClientExtensions.MessageLoopAsync: Polling on remoteEndPoint: 127.0.0.1:55674 localEndPoint: 127.0.0.1:55673 after 0 ms
TpTrace Verbose: 0 : 22256, 12, 2024/10/25, 15:00:01.146, 6727399380255, vstest.console.dll, TcpClientExtensions.MessageLoopAsync: NotifyDataAvailable remoteEndPoint: 127.0.0.1:55674 localEndPoint: 127.0.0.1:55673
TpTrace Verbose: 0 : 22256, 12, 2024/10/25, 15:00:01.146, 6727399381076, vstest.console.dll, TestRequestSender.OnExecutionMessageReceived: Received message: {"Version":7,"MessageType":"TestSession.Message","Payload":{"MessageLevel":0,"Message":"[xUnit.net 00:00:23.18]            at System.Runtime.CompilerServices.AsyncMethodBuilderCore.Start[TStateMachine](TStateMachine& stateMachine)"}}
TpTrace Verbose: 0 : 22256, 12, 2024/10/25, 15:00:01.146, 6727399382156, vstest.console.dll, TestRunRequest:SendTestRunMessage: Starting.
TpTrace Verbose: 0 : 22256, 12, 2024/10/25, 15:00:01.146, 6727399382916, vstest.console.dll, MulticastDelegateUtilities.SafeInvoke: TestRun.LogMessages: Invoking callback 1/1 for Microsoft.VisualStudio.TestPlatform.CommandLine.TestRunResultAggregator., took 0 ms.
TpTrace Verbose: 0 : 22256, 4, 2024/10/25, 15:00:01.146, 6727399383466, vstest.console.dll, MulticastDelegateUtilities.SafeInvoke: InternalTestLoggerEvents.SendTestRunMessage: Invoking callback 1/1 for Microsoft.VisualStudio.TestPlatform.CommandLine.Internal.ConsoleLogger., took 0 ms.
TpTrace Information: 0 : 22256, 12, 2024/10/25, 15:00:01.146, 6727399383643, vstest.console.dll, TestRunRequest:SendTestRunMessage: Completed.
TpTrace Verbose: 0 : 22256, 12, 2024/10/25, 15:00:01.146, 6727399385226, vstest.console.dll, MulticastDelegateUtilities.SafeInvoke: LengthPrefixCommunicationChannel: MessageReceived: Invoking callback 1/1 for Microsoft.VisualStudio.TestPlatform.CommunicationUtilities.TestRequestSender+<>c__DisplayClass34_0., took 0 ms.
TpTrace Verbose: 0 : 22256, 12, 2024/10/25, 15:00:01.146, 6727399385718, vstest.console.dll, TcpClientExtensions.MessageLoopAsync: Polling on remoteEndPoint: 127.0.0.1:55674 localEndPoint: 127.0.0.1:55673 after 0 ms
TpTrace Verbose: 0 : 22256, 12, 2024/10/25, 15:00:01.146, 6727399386265, vstest.console.dll, TcpClientExtensions.MessageLoopAsync: NotifyDataAvailable remoteEndPoint: 127.0.0.1:55674 localEndPoint: 127.0.0.1:55673
TpTrace Verbose: 0 : 22256, 12, 2024/10/25, 15:00:01.146, 6727399386950, vstest.console.dll, TestRequestSender.OnExecutionMessageReceived: Received message: {"Version":7,"MessageType":"TestSession.Message","Payload":{"MessageLevel":0,"Message":"[xUnit.net 00:00:23.18]            at System.Runtime.CompilerServices.AsyncMethodBuilderCore.Start[TStateMachine](TStateMachine& stateMachine)"}}
TpTrace Verbose: 0 : 22256, 12, 2024/10/25, 15:00:01.146, 6727399388181, vstest.console.dll, TestRunRequest:SendTestRunMessage: Starting.
TpTrace Verbose: 0 : 22256, 12, 2024/10/25, 15:00:01.146, 6727399388935, vstest.console.dll, MulticastDelegateUtilities.SafeInvoke: TestRun.LogMessages: Invoking callback 1/1 for Microsoft.VisualStudio.TestPlatform.CommandLine.TestRunResultAggregator., took 0 ms.
TpTrace Information: 0 : 22256, 12, 2024/10/25, 15:00:01.147, 6727399389782, vstest.console.dll, TestRunRequest:SendTestRunMessage: Completed.
TpTrace Verbose: 0 : 22256, 4, 2024/10/25, 15:00:01.146, 6727399389295, vstest.console.dll, MulticastDelegateUtilities.SafeInvoke: InternalTestLoggerEvents.SendTestRunMessage: Invoking callback 1/1 for Microsoft.VisualStudio.TestPlatform.CommandLine.Internal.ConsoleLogger., took 0 ms.
TpTrace Verbose: 0 : 22256, 12, 2024/10/25, 15:00:01.147, 6727399390423, vstest.console.dll, MulticastDelegateUtilities.SafeInvoke: LengthPrefixCommunicationChannel: MessageReceived: Invoking callback 1/1 for Microsoft.VisualStudio.TestPlatform.CommunicationUtilities.TestRequestSender+<>c__DisplayClass34_0., took 0 ms.
TpTrace Verbose: 0 : 22256, 12, 2024/10/25, 15:00:01.147, 6727399392173, vstest.console.dll, TcpClientExtensions.MessageLoopAsync: Polling on remoteEndPoint: 127.0.0.1:55674 localEndPoint: 127.0.0.1:55673 after 0 ms
TpTrace Verbose: 0 : 22256, 12, 2024/10/25, 15:00:01.147, 6727399392775, vstest.console.dll, TcpClientExtensions.MessageLoopAsync: NotifyDataAvailable remoteEndPoint: 127.0.0.1:55674 localEndPoint: 127.0.0.1:55673
TpTrace Verbose: 0 : 22256, 12, 2024/10/25, 15:00:01.147, 6727399393550, vstest.console.dll, TestRequestSender.OnExecutionMessageReceived: Received message: {"Version":7,"MessageType":"TestSession.Message","Payload":{"MessageLevel":0,"Message":"[xUnit.net 00:00:23.18]            at System.Runtime.CompilerServices.AsyncMethodBuilderCore.Start[TStateMachine](TStateMachine& stateMachine)"}}
TpTrace Verbose: 0 : 22256, 12, 2024/10/25, 15:00:01.147, 6727399394558, vstest.console.dll, TestRunRequest:SendTestRunMessage: Starting.
TpTrace Verbose: 0 : 22256, 12, 2024/10/25, 15:00:01.147, 6727399396408, vstest.console.dll, MulticastDelegateUtilities.SafeInvoke: TestRun.LogMessages: Invoking callback 1/1 for Microsoft.VisualStudio.TestPlatform.CommandLine.TestRunResultAggregator., took 0 ms.
TpTrace Verbose: 0 : 22256, 4, 2024/10/25, 15:00:01.147, 6727399396776, vstest.console.dll, MulticastDelegateUtilities.SafeInvoke: InternalTestLoggerEvents.SendTestRunMessage: Invoking callback 1/1 for Microsoft.VisualStudio.TestPlatform.CommandLine.Internal.ConsoleLogger., took 0 ms.
TpTrace Information: 0 : 22256, 12, 2024/10/25, 15:00:01.147, 6727399397384, vstest.console.dll, TestRunRequest:SendTestRunMessage: Completed.
TpTrace Verbose: 0 : 22256, 12, 2024/10/25, 15:00:01.147, 6727399399336, vstest.console.dll, MulticastDelegateUtilities.SafeInvoke: LengthPrefixCommunicationChannel: MessageReceived: Invoking callback 1/1 for Microsoft.VisualStudio.TestPlatform.CommunicationUtilities.TestRequestSender+<>c__DisplayClass34_0., took 0 ms.
TpTrace Verbose: 0 : 22256, 12, 2024/10/25, 15:00:01.148, 6727399399899, vstest.console.dll, TcpClientExtensions.MessageLoopAsync: Polling on remoteEndPoint: 127.0.0.1:55674 localEndPoint: 127.0.0.1:55673 after 0 ms
TpTrace Verbose: 0 : 22256, 12, 2024/10/25, 15:00:01.148, 6727399400778, vstest.console.dll, TcpClientExtensions.MessageLoopAsync: NotifyDataAvailable remoteEndPoint: 127.0.0.1:55674 localEndPoint: 127.0.0.1:55673
TpTrace Verbose: 0 : 22256, 12, 2024/10/25, 15:00:01.148, 6727399401583, vstest.console.dll, TestRequestSender.OnExecutionMessageReceived: Received message: {"Version":7,"MessageType":"TestSession.Message","Payload":{"MessageLevel":0,"Message":"[xUnit.net 00:00:23.18]            at System.Runtime.CompilerServices.AsyncMethodBuilderCore.Start[TStateMachine](TStateMachine& stateMachine)"}}
TpTrace Verbose: 0 : 22256, 12, 2024/10/25, 15:00:01.148, 6727399402495, vstest.console.dll, TestRunRequest:SendTestRunMessage: Starting.
TpTrace Verbose: 0 : 22256, 12, 2024/10/25, 15:00:01.148, 6727399403188, vstest.console.dll, MulticastDelegateUtilities.SafeInvoke: TestRun.LogMessages: Invoking callback 1/1 for Microsoft.VisualStudio.TestPlatform.CommandLine.TestRunResultAggregator., took 0 ms.
TpTrace Verbose: 0 : 22256, 4, 2024/10/25, 15:00:01.148, 6727399403542, vstest.console.dll, MulticastDelegateUtilities.SafeInvoke: InternalTestLoggerEvents.SendTestRunMessage: Invoking callback 1/1 for Microsoft.VisualStudio.TestPlatform.CommandLine.Internal.ConsoleLogger., took 0 ms.
TpTrace Information: 0 : 22256, 12, 2024/10/25, 15:00:01.148, 6727399403863, vstest.console.dll, TestRunRequest:SendTestRunMessage: Completed.
TpTrace Verbose: 0 : 22256, 12, 2024/10/25, 15:00:01.148, 6727399405383, vstest.console.dll, MulticastDelegateUtilities.SafeInvoke: LengthPrefixCommunicationChannel: MessageReceived: Invoking callback 1/1 for Microsoft.VisualStudio.TestPlatform.CommunicationUtilities.TestRequestSender+<>c__DisplayClass34_0., took 0 ms.
TpTrace Verbose: 0 : 22256, 12, 2024/10/25, 15:00:01.148, 6727399405873, vstest.console.dll, TcpClientExtensions.MessageLoopAsync: Polling on remoteEndPoint: 127.0.0.1:55674 localEndPoint: 127.0.0.1:55673 after 0 ms
TpTrace Verbose: 0 : 22256, 12, 2024/10/25, 15:00:01.148, 6727399406450, vstest.console.dll, TcpClientExtensions.MessageLoopAsync: NotifyDataAvailable remoteEndPoint: 127.0.0.1:55674 localEndPoint: 127.0.0.1:55673
TpTrace Verbose: 0 : 22256, 12, 2024/10/25, 15:00:01.148, 6727399407226, vstest.console.dll, TestRequestSender.OnExecutionMessageReceived: Received message: {"Version":7,"MessageType":"TestSession.Message","Payload":{"MessageLevel":0,"Message":"[xUnit.net 00:00:23.18]            at System.Runtime.CompilerServices.AsyncMethodBuilderCore.Start[TStateMachine](TStateMachine& stateMachine)"}}
TpTrace Verbose: 0 : 22256, 12, 2024/10/25, 15:00:01.148, 6727399408477, vstest.console.dll, TestRunRequest:SendTestRunMessage: Starting.
TpTrace Verbose: 0 : 22256, 12, 2024/10/25, 15:00:01.148, 6727399409218, vstest.console.dll, MulticastDelegateUtilities.SafeInvoke: TestRun.LogMessages: Invoking callback 1/1 for Microsoft.VisualStudio.TestPlatform.CommandLine.TestRunResultAggregator., took 0 ms.
TpTrace Verbose: 0 : 22256, 4, 2024/10/25, 15:00:01.149, 6727399409736, vstest.console.dll, MulticastDelegateUtilities.SafeInvoke: InternalTestLoggerEvents.SendTestRunMessage: Invoking callback 1/1 for Microsoft.VisualStudio.TestPlatform.CommandLine.Internal.ConsoleLogger., took 0 ms.
TpTrace Information: 0 : 22256, 12, 2024/10/25, 15:00:01.149, 6727399409911, vstest.console.dll, TestRunRequest:SendTestRunMessage: Completed.
TpTrace Verbose: 0 : 22256, 12, 2024/10/25, 15:00:01.149, 6727399412461, vstest.console.dll, MulticastDelegateUtilities.SafeInvoke: LengthPrefixCommunicationChannel: MessageReceived: Invoking callback 1/1 for Microsoft.VisualStudio.TestPlatform.CommunicationUtilities.TestRequestSender+<>c__DisplayClass34_0., took 0 ms.
TpTrace Verbose: 0 : 22256, 12, 2024/10/25, 15:00:01.149, 6727399413211, vstest.console.dll, TcpClientExtensions.MessageLoopAsync: Polling on remoteEndPoint: 127.0.0.1:55674 localEndPoint: 127.0.0.1:55673 after 0 ms
TpTrace Verbose: 0 : 22256, 12, 2024/10/25, 15:00:01.149, 6727399414010, vstest.console.dll, TcpClientExtensions.MessageLoopAsync: NotifyDataAvailable remoteEndPoint: 127.0.0.1:55674 localEndPoint: 127.0.0.1:55673
TpTrace Verbose: 0 : 22256, 12, 2024/10/25, 15:00:01.149, 6727399416792, vstest.console.dll, TestRequestSender.OnExecutionMessageReceived: Received message: {"Version":7,"MessageType":"TestSession.Message","Payload":{"MessageLevel":0,"Message":"[xUnit.net 00:00:23.18]            at System.Runtime.CompilerServices.AsyncMethodBuilderCore.Start[TStateMachine](TStateMachine& stateMachine)"}}
TpTrace Verbose: 0 : 22256, 12, 2024/10/25, 15:00:01.149, 6727399418759, vstest.console.dll, TestRunRequest:SendTestRunMessage: Starting.
TpTrace Verbose: 0 : 22256, 12, 2024/10/25, 15:00:01.150, 6727399420083, vstest.console.dll, MulticastDelegateUtilities.SafeInvoke: TestRun.LogMessages: Invoking callback 1/1 for Microsoft.VisualStudio.TestPlatform.CommandLine.TestRunResultAggregator., took 0 ms.
TpTrace Verbose: 0 : 22256, 4, 2024/10/25, 15:00:01.150, 6727399420781, vstest.console.dll, MulticastDelegateUtilities.SafeInvoke: InternalTestLoggerEvents.SendTestRunMessage: Invoking callback 1/1 for Microsoft.VisualStudio.TestPlatform.CommandLine.Internal.ConsoleLogger., took 0 ms.
TpTrace Information: 0 : 22256, 12, 2024/10/25, 15:00:01.150, 6727399421308, vstest.console.dll, TestRunRequest:SendTestRunMessage: Completed.
TpTrace Verbose: 0 : 22256, 12, 2024/10/25, 15:00:01.150, 6727399423622, vstest.console.dll, MulticastDelegateUtilities.SafeInvoke: LengthPrefixCommunicationChannel: MessageReceived: Invoking callback 1/1 for Microsoft.VisualStudio.TestPlatform.CommunicationUtilities.TestRequestSender+<>c__DisplayClass34_0., took 0 ms.
TpTrace Verbose: 0 : 22256, 12, 2024/10/25, 15:00:01.150, 6727399424409, vstest.console.dll, TcpClientExtensions.MessageLoopAsync: Polling on remoteEndPoint: 127.0.0.1:55674 localEndPoint: 127.0.0.1:55673 after 1 ms
TpTrace Verbose: 0 : 22256, 12, 2024/10/25, 15:00:01.150, 6727399425304, vstest.console.dll, TcpClientExtensions.MessageLoopAsync: NotifyDataAvailable remoteEndPoint: 127.0.0.1:55674 localEndPoint: 127.0.0.1:55673
TpTrace Verbose: 0 : 22256, 12, 2024/10/25, 15:00:01.150, 6727399427239, vstest.console.dll, TestRequestSender.OnExecutionMessageReceived: Received message: {"Version":7,"MessageType":"TestSession.Message","Payload":{"MessageLevel":0,"Message":"[xUnit.net 00:00:23.18]            at System.Runtime.CompilerServices.AsyncMethodBuilderCore.Start[TStateMachine](TStateMachine& stateMachine)"}}
TpTrace Verbose: 0 : 22256, 12, 2024/10/25, 15:00:01.150, 6727399429282, vstest.console.dll, TestRunRequest:SendTestRunMessage: Starting.
TpTrace Verbose: 0 : 22256, 12, 2024/10/25, 15:00:01.151, 6727399430618, vstest.console.dll, MulticastDelegateUtilities.SafeInvoke: TestRun.LogMessages: Invoking callback 1/1 for Microsoft.VisualStudio.TestPlatform.CommandLine.TestRunResultAggregator., took 0 ms.
TpTrace Verbose: 0 : 22256, 4, 2024/10/25, 15:00:01.151, 6727399431094, vstest.console.dll, MulticastDelegateUtilities.SafeInvoke: InternalTestLoggerEvents.SendTestRunMessage: Invoking callback 1/1 for Microsoft.VisualStudio.TestPlatform.CommandLine.Internal.ConsoleLogger., took 0 ms.
TpTrace Information: 0 : 22256, 12, 2024/10/25, 15:00:01.151, 6727399431469, vstest.console.dll, TestRunRequest:SendTestRunMessage: Completed.
TpTrace Verbose: 0 : 22256, 12, 2024/10/25, 15:00:01.151, 6727399433031, vstest.console.dll, MulticastDelegateUtilities.SafeInvoke: LengthPrefixCommunicationChannel: MessageReceived: Invoking callback 1/1 for Microsoft.VisualStudio.TestPlatform.CommunicationUtilities.TestRequestSender+<>c__DisplayClass34_0., took 0 ms.
TpTrace Verbose: 0 : 22256, 12, 2024/10/25, 15:00:01.151, 6727399433547, vstest.console.dll, TcpClientExtensions.MessageLoopAsync: Polling on remoteEndPoint: 127.0.0.1:55674 localEndPoint: 127.0.0.1:55673 after 0 ms
TpTrace Verbose: 0 : 22256, 12, 2024/10/25, 15:00:01.151, 6727399434725, vstest.console.dll, TcpClientExtensions.MessageLoopAsync: NotifyDataAvailable remoteEndPoint: 127.0.0.1:55674 localEndPoint: 127.0.0.1:55673
TpTrace Verbose: 0 : 22256, 12, 2024/10/25, 15:00:01.151, 6727399435643, vstest.console.dll, TestRequestSender.OnExecutionMessageReceived: Received message: {"Version":7,"MessageType":"TestSession.Message","Payload":{"MessageLevel":0,"Message":"[xUnit.net 00:00:23.18]            at System.Runtime.CompilerServices.AsyncMethodBuilderCore.Start[TStateMachine](TStateMachine& stateMachine)"}}
TpTrace Verbose: 0 : 22256, 12, 2024/10/25, 15:00:01.151, 6727399436735, vstest.console.dll, TestRunRequest:SendTestRunMessage: Starting.
TpTrace Verbose: 0 : 22256, 12, 2024/10/25, 15:00:01.151, 6727399437486, vstest.console.dll, MulticastDelegateUtilities.SafeInvoke: TestRun.LogMessages: Invoking callback 1/1 for Microsoft.VisualStudio.TestPlatform.CommandLine.TestRunResultAggregator., took 0 ms.
TpTrace Verbose: 0 : 22256, 4, 2024/10/25, 15:00:01.151, 6727399437868, vstest.console.dll, MulticastDelegateUtilities.SafeInvoke: InternalTestLoggerEvents.SendTestRunMessage: Invoking callback 1/1 for Microsoft.VisualStudio.TestPlatform.CommandLine.Internal.ConsoleLogger., took 0 ms.
TpTrace Information: 0 : 22256, 12, 2024/10/25, 15:00:01.152, 6727399439550, vstest.console.dll, TestRunRequest:SendTestRunMessage: Completed.
TpTrace Verbose: 0 : 22256, 12, 2024/10/25, 15:00:01.152, 6727399440300, vstest.console.dll, MulticastDelegateUtilities.SafeInvoke: LengthPrefixCommunicationChannel: MessageReceived: Invoking callback 1/1 for Microsoft.VisualStudio.TestPlatform.CommunicationUtilities.TestRequestSender+<>c__DisplayClass34_0., took 0 ms.
TpTrace Verbose: 0 : 22256, 12, 2024/10/25, 15:00:01.152, 6727399440799, vstest.console.dll, TcpClientExtensions.MessageLoopAsync: Polling on remoteEndPoint: 127.0.0.1:55674 localEndPoint: 127.0.0.1:55673 after 0 ms
TpTrace Verbose: 0 : 22256, 12, 2024/10/25, 15:00:01.152, 6727399441347, vstest.console.dll, TcpClientExtensions.MessageLoopAsync: NotifyDataAvailable remoteEndPoint: 127.0.0.1:55674 localEndPoint: 127.0.0.1:55673
TpTrace Verbose: 0 : 22256, 12, 2024/10/25, 15:00:01.152, 6727399443143, vstest.console.dll, TestRequestSender.OnExecutionMessageReceived: Received message: {"Version":7,"MessageType":"TestSession.Message","Payload":{"MessageLevel":0,"Message":"[xUnit.net 00:00:23.18]            at System.Runtime.CompilerServices.AsyncMethodBuilderCore.Start[TStateMachine](TStateMachine& stateMachine)"}}
TpTrace Verbose: 0 : 22256, 12, 2024/10/25, 15:00:01.152, 6727399444279, vstest.console.dll, TestRunRequest:SendTestRunMessage: Starting.
TpTrace Verbose: 0 : 22256, 12, 2024/10/25, 15:00:01.152, 6727399445111, vstest.console.dll, MulticastDelegateUtilities.SafeInvoke: TestRun.LogMessages: Invoking callback 1/1 for Microsoft.VisualStudio.TestPlatform.CommandLine.TestRunResultAggregator., took 0 ms.
TpTrace Verbose: 0 : 22256, 4, 2024/10/25, 15:00:01.152, 6727399445568, vstest.console.dll, MulticastDelegateUtilities.SafeInvoke: InternalTestLoggerEvents.SendTestRunMessage: Invoking callback 1/1 for Microsoft.VisualStudio.TestPlatform.CommandLine.Internal.ConsoleLogger., took 0 ms.
TpTrace Information: 0 : 22256, 12, 2024/10/25, 15:00:01.152, 6727399445804, vstest.console.dll, TestRunRequest:SendTestRunMessage: Completed.
TpTrace Verbose: 0 : 22256, 12, 2024/10/25, 15:00:01.152, 6727399447359, vstest.console.dll, MulticastDelegateUtilities.SafeInvoke: LengthPrefixCommunicationChannel: MessageReceived: Invoking callback 1/1 for Microsoft.VisualStudio.TestPlatform.CommunicationUtilities.TestRequestSender+<>c__DisplayClass34_0., took 0 ms.
TpTrace Verbose: 0 : 22256, 12, 2024/10/25, 15:00:01.152, 6727399447857, vstest.console.dll, TcpClientExtensions.MessageLoopAsync: Polling on remoteEndPoint: 127.0.0.1:55674 localEndPoint: 127.0.0.1:55673 after 0 ms
TpTrace Verbose: 0 : 22256, 12, 2024/10/25, 15:00:01.152, 6727399448392, vstest.console.dll, TcpClientExtensions.MessageLoopAsync: NotifyDataAvailable remoteEndPoint: 127.0.0.1:55674 localEndPoint: 127.0.0.1:55673
TpTrace Verbose: 0 : 22256, 12, 2024/10/25, 15:00:01.152, 6727399449123, vstest.console.dll, TestRequestSender.OnExecutionMessageReceived: Received message: {"Version":7,"MessageType":"TestSession.Message","Payload":{"MessageLevel":0,"Message":"[xUnit.net 00:00:23.18]            at System.Runtime.CompilerServices.AsyncMethodBuilderCore.Start[TStateMachine](TStateMachine& stateMachine)"}}
TpTrace Verbose: 0 : 22256, 12, 2024/10/25, 15:00:01.153, 6727399450137, vstest.console.dll, TestRunRequest:SendTestRunMessage: Starting.
TpTrace Verbose: 0 : 22256, 12, 2024/10/25, 15:00:01.153, 6727399450847, vstest.console.dll, MulticastDelegateUtilities.SafeInvoke: TestRun.LogMessages: Invoking callback 1/1 for Microsoft.VisualStudio.TestPlatform.CommandLine.TestRunResultAggregator., took 0 ms.
TpTrace Verbose: 0 : 22256, 4, 2024/10/25, 15:00:01.153, 6727399451218, vstest.console.dll, MulticastDelegateUtilities.SafeInvoke: InternalTestLoggerEvents.SendTestRunMessage: Invoking callback 1/1 for Microsoft.VisualStudio.TestPlatform.CommandLine.Internal.ConsoleLogger., took 0 ms.
TpTrace Information: 0 : 22256, 12, 2024/10/25, 15:00:01.153, 6727399451537, vstest.console.dll, TestRunRequest:SendTestRunMessage: Completed.
TpTrace Verbose: 0 : 22256, 12, 2024/10/25, 15:00:01.153, 6727399453271, vstest.console.dll, MulticastDelegateUtilities.SafeInvoke: LengthPrefixCommunicationChannel: MessageReceived: Invoking callback 1/1 for Microsoft.VisualStudio.TestPlatform.CommunicationUtilities.TestRequestSender+<>c__DisplayClass34_0., took 0 ms.
TpTrace Verbose: 0 : 22256, 12, 2024/10/25, 15:00:01.153, 6727399453956, vstest.console.dll, TcpClientExtensions.MessageLoopAsync: Polling on remoteEndPoint: 127.0.0.1:55674 localEndPoint: 127.0.0.1:55673 after 0 ms
TpTrace Verbose: 0 : 22256, 12, 2024/10/25, 15:00:01.153, 6727399454757, vstest.console.dll, TcpClientExtensions.MessageLoopAsync: NotifyDataAvailable remoteEndPoint: 127.0.0.1:55674 localEndPoint: 127.0.0.1:55673
TpTrace Verbose: 0 : 22256, 12, 2024/10/25, 15:00:01.153, 6727399455916, vstest.console.dll, TestRequestSender.OnExecutionMessageReceived: Received message: {"Version":7,"MessageType":"TestSession.Message","Payload":{"MessageLevel":0,"Message":"[xUnit.net 00:00:23.18]            at System.Runtime.CompilerServices.AsyncMethodBuilderCore.Start[TStateMachine](TStateMachine& stateMachine)"}}
TpTrace Verbose: 0 : 22256, 12, 2024/10/25, 15:00:01.153, 6727399457972, vstest.console.dll, TestRunRequest:SendTestRunMessage: Starting.
TpTrace Verbose: 0 : 22256, 12, 2024/10/25, 15:00:01.154, 6727399459595, vstest.console.dll, MulticastDelegateUtilities.SafeInvoke: TestRun.LogMessages: Invoking callback 1/1 for Microsoft.VisualStudio.TestPlatform.CommandLine.TestRunResultAggregator., took 0 ms.
TpTrace Information: 0 : 22256, 12, 2024/10/25, 15:00:01.154, 6727399460568, vstest.console.dll, TestRunRequest:SendTestRunMessage: Completed.
TpTrace Verbose: 0 : 22256, 12, 2024/10/25, 15:00:01.154, 6727399461319, vstest.console.dll, MulticastDelegateUtilities.SafeInvoke: LengthPrefixCommunicationChannel: MessageReceived: Invoking callback 1/1 for Microsoft.VisualStudio.TestPlatform.CommunicationUtilities.TestRequestSender+<>c__DisplayClass34_0., took 0 ms.
TpTrace Verbose: 0 : 22256, 12, 2024/10/25, 15:00:01.154, 6727399462069, vstest.console.dll, TcpClientExtensions.MessageLoopAsync: Polling on remoteEndPoint: 127.0.0.1:55674 localEndPoint: 127.0.0.1:55673 after 0 ms
TpTrace Verbose: 0 : 22256, 4, 2024/10/25, 15:00:01.154, 6727399462482, vstest.console.dll, MulticastDelegateUtilities.SafeInvoke: InternalTestLoggerEvents.SendTestRunMessage: Invoking callback 1/1 for Microsoft.VisualStudio.TestPlatform.CommandLine.Internal.ConsoleLogger., took 0 ms.
TpTrace Verbose: 0 : 22256, 12, 2024/10/25, 15:00:01.154, 6727399462992, vstest.console.dll, TcpClientExtensions.MessageLoopAsync: NotifyDataAvailable remoteEndPoint: 127.0.0.1:55674 localEndPoint: 127.0.0.1:55673
TpTrace Verbose: 0 : 22256, 12, 2024/10/25, 15:00:01.154, 6727399467433, vstest.console.dll, TestRequestSender.OnExecutionMessageReceived: Received message: {"Version":7,"MessageType":"TestSession.Message","Payload":{"MessageLevel":0,"Message":"[xUnit.net 00:00:23.18]            at System.Threading.Tasks.Task`1.InnerInvoke()"}}
TpTrace Verbose: 0 : 22256, 12, 2024/10/25, 15:00:01.155, 6727399469403, vstest.console.dll, TestRunRequest:SendTestRunMessage: Starting.
TpTrace Verbose: 0 : 22256, 12, 2024/10/25, 15:00:01.155, 6727399470587, vstest.console.dll, MulticastDelegateUtilities.SafeInvoke: TestRun.LogMessages: Invoking callback 1/1 for Microsoft.VisualStudio.TestPlatform.CommandLine.TestRunResultAggregator., took 0 ms.
TpTrace Verbose: 0 : 22256, 4, 2024/10/25, 15:00:01.155, 6727399470940, vstest.console.dll, MulticastDelegateUtilities.SafeInvoke: InternalTestLoggerEvents.SendTestRunMessage: Invoking callback 1/1 for Microsoft.VisualStudio.TestPlatform.CommandLine.Internal.ConsoleLogger., took 0 ms.
TpTrace Information: 0 : 22256, 12, 2024/10/25, 15:00:01.155, 6727399471363, vstest.console.dll, TestRunRequest:SendTestRunMessage: Completed.
TpTrace Verbose: 0 : 22256, 12, 2024/10/25, 15:00:01.155, 6727399474428, vstest.console.dll, MulticastDelegateUtilities.SafeInvoke: LengthPrefixCommunicationChannel: MessageReceived: Invoking callback 1/1 for Microsoft.VisualStudio.TestPlatform.CommunicationUtilities.TestRequestSender+<>c__DisplayClass34_0., took 0 ms.
TpTrace Verbose: 0 : 22256, 12, 2024/10/25, 15:00:01.155, 6727399474781, vstest.console.dll, TcpClientExtensions.MessageLoopAsync: Polling on remoteEndPoint: 127.0.0.1:55674 localEndPoint: 127.0.0.1:55673 after 1 ms
TpTrace Verbose: 0 : 22256, 12, 2024/10/25, 15:00:01.155, 6727399475167, vstest.console.dll, TcpClientExtensions.MessageLoopAsync: NotifyDataAvailable remoteEndPoint: 127.0.0.1:55674 localEndPoint: 127.0.0.1:55673
TpTrace Verbose: 0 : 22256, 12, 2024/10/25, 15:00:01.155, 6727399475698, vstest.console.dll, TestRequestSender.OnExecutionMessageReceived: Received message: {"Version":7,"MessageType":"TestSession.Message","Payload":{"MessageLevel":0,"Message":"[xUnit.net 00:00:23.19]            at System.Threading.ExecutionContext.RunInternal(ExecutionContext executionContext, ContextCallback callback, Object state)"}}
TpTrace Verbose: 0 : 22256, 12, 2024/10/25, 15:00:01.155, 6727399476360, vstest.console.dll, TestRunRequest:SendTestRunMessage: Starting.
TpTrace Verbose: 0 : 22256, 12, 2024/10/25, 15:00:01.155, 6727399478732, vstest.console.dll, MulticastDelegateUtilities.SafeInvoke: TestRun.LogMessages: Invoking callback 1/1 for Microsoft.VisualStudio.TestPlatform.CommandLine.TestRunResultAggregator., took 0 ms.
TpTrace Verbose: 0 : 22256, 4, 2024/10/25, 15:00:01.156, 6727399479400, vstest.console.dll, MulticastDelegateUtilities.SafeInvoke: InternalTestLoggerEvents.SendTestRunMessage: Invoking callback 1/1 for Microsoft.VisualStudio.TestPlatform.CommandLine.Internal.ConsoleLogger., took 0 ms.
TpTrace Information: 0 : 22256, 12, 2024/10/25, 15:00:01.156, 6727399479660, vstest.console.dll, TestRunRequest:SendTestRunMessage: Completed.
TpTrace Verbose: 0 : 22256, 12, 2024/10/25, 15:00:01.156, 6727399480616, vstest.console.dll, MulticastDelegateUtilities.SafeInvoke: LengthPrefixCommunicationChannel: MessageReceived: Invoking callback 1/1 for Microsoft.VisualStudio.TestPlatform.CommunicationUtilities.TestRequestSender+<>c__DisplayClass34_0., took 0 ms.
TpTrace Verbose: 0 : 22256, 12, 2024/10/25, 15:00:01.156, 6727399481134, vstest.console.dll, TcpClientExtensions.MessageLoopAsync: Polling on remoteEndPoint: 127.0.0.1:55674 localEndPoint: 127.0.0.1:55673 after 0 ms
TpTrace Verbose: 0 : 22256, 12, 2024/10/25, 15:00:01.156, 6727399481748, vstest.console.dll, TcpClientExtensions.MessageLoopAsync: NotifyDataAvailable remoteEndPoint: 127.0.0.1:55674 localEndPoint: 127.0.0.1:55673
TpTrace Verbose: 0 : 22256, 12, 2024/10/25, 15:00:01.156, 6727399482701, vstest.console.dll, TestRequestSender.OnExecutionMessageReceived: Received message: {"Version":7,"MessageType":"TestSession.Message","Payload":{"MessageLevel":0,"Message":"[xUnit.net 00:00:23.19]            at System.Threading.Tasks.Task.ExecuteWithThreadLocal(Task& currentTaskSlot, Thread threadPoolThread)"}}
TpTrace Verbose: 0 : 22256, 12, 2024/10/25, 15:00:01.156, 6727399483877, vstest.console.dll, TestRunRequest:SendTestRunMessage: Starting.
TpTrace Verbose: 0 : 22256, 12, 2024/10/25, 15:00:01.156, 6727399484525, vstest.console.dll, MulticastDelegateUtilities.SafeInvoke: TestRun.LogMessages: Invoking callback 1/1 for Microsoft.VisualStudio.TestPlatform.CommandLine.TestRunResultAggregator., took 0 ms.
TpTrace Information: 0 : 22256, 12, 2024/10/25, 15:00:01.156, 6727399485001, vstest.console.dll, TestRunRequest:SendTestRunMessage: Completed.
TpTrace Verbose: 0 : 22256, 4, 2024/10/25, 15:00:01.156, 6727399485635, vstest.console.dll, MulticastDelegateUtilities.SafeInvoke: InternalTestLoggerEvents.SendTestRunMessage: Invoking callback 1/1 for Microsoft.VisualStudio.TestPlatform.CommandLine.Internal.ConsoleLogger., took 0 ms.
TpTrace Verbose: 0 : 22256, 12, 2024/10/25, 15:00:01.156, 6727399485727, vstest.console.dll, MulticastDelegateUtilities.SafeInvoke: LengthPrefixCommunicationChannel: MessageReceived: Invoking callback 1/1 for Microsoft.VisualStudio.TestPlatform.CommunicationUtilities.TestRequestSender+<>c__DisplayClass34_0., took 0 ms.
TpTrace Verbose: 0 : 22256, 12, 2024/10/25, 15:00:01.156, 6727399487585, vstest.console.dll, TcpClientExtensions.MessageLoopAsync: Polling on remoteEndPoint: 127.0.0.1:55674 localEndPoint: 127.0.0.1:55673 after 0 ms
TpTrace Verbose: 0 : 22256, 12, 2024/10/25, 15:00:01.156, 6727399488402, vstest.console.dll, TcpClientExtensions.MessageLoopAsync: NotifyDataAvailable remoteEndPoint: 127.0.0.1:55674 localEndPoint: 127.0.0.1:55673
TpTrace Verbose: 0 : 22256, 12, 2024/10/25, 15:00:01.156, 6727399489228, vstest.console.dll, TestRequestSender.OnExecutionMessageReceived: Received message: {"Version":7,"MessageType":"TestSession.Message","Payload":{"MessageLevel":0,"Message":"[xUnit.net 00:00:23.19]            at System.Threading.Tasks.Task.ExecuteEntry()"}}
TpTrace Verbose: 0 : 22256, 12, 2024/10/25, 15:00:01.157, 6727399490473, vstest.console.dll, TestRunRequest:SendTestRunMessage: Starting.
TpTrace Verbose: 0 : 22256, 12, 2024/10/25, 15:00:01.157, 6727399491633, vstest.console.dll, MulticastDelegateUtilities.SafeInvoke: TestRun.LogMessages: Invoking callback 1/1 for Microsoft.VisualStudio.TestPlatform.CommandLine.TestRunResultAggregator., took 0 ms.
TpTrace Information: 0 : 22256, 12, 2024/10/25, 15:00:01.157, 6727399492518, vstest.console.dll, TestRunRequest:SendTestRunMessage: Completed.
TpTrace Verbose: 0 : 22256, 4, 2024/10/25, 15:00:01.157, 6727399491820, vstest.console.dll, MulticastDelegateUtilities.SafeInvoke: InternalTestLoggerEvents.SendTestRunMessage: Invoking callback 1/1 for Microsoft.VisualStudio.TestPlatform.CommandLine.Internal.ConsoleLogger., took 0 ms.
TpTrace Verbose: 0 : 22256, 12, 2024/10/25, 15:00:01.157, 6727399493108, vstest.console.dll, MulticastDelegateUtilities.SafeInvoke: LengthPrefixCommunicationChannel: MessageReceived: Invoking callback 1/1 for Microsoft.VisualStudio.TestPlatform.CommunicationUtilities.TestRequestSender+<>c__DisplayClass34_0., took 0 ms.
TpTrace Verbose: 0 : 22256, 12, 2024/10/25, 15:00:01.157, 6727399495577, vstest.console.dll, TcpClientExtensions.MessageLoopAsync: Polling on remoteEndPoint: 127.0.0.1:55674 localEndPoint: 127.0.0.1:55673 after 0 ms
TpTrace Verbose: 0 : 22256, 12, 2024/10/25, 15:00:01.157, 6727399496257, vstest.console.dll, TcpClientExtensions.MessageLoopAsync: NotifyDataAvailable remoteEndPoint: 127.0.0.1:55674 localEndPoint: 127.0.0.1:55673
TpTrace Verbose: 0 : 22256, 12, 2024/10/25, 15:00:01.157, 6727399497173, vstest.console.dll, TestRequestSender.OnExecutionMessageReceived: Received message: {"Version":7,"MessageType":"TestSession.Message","Payload":{"MessageLevel":0,"Message":"[xUnit.net 00:00:23.19]            at System.Threading.Tasks.SynchronizationContextTaskScheduler.<>c.<.cctor>b__8_0(Object s)"}}
TpTrace Verbose: 0 : 22256, 12, 2024/10/25, 15:00:01.157, 6727399498333, vstest.console.dll, TestRunRequest:SendTestRunMessage: Starting.
TpTrace Verbose: 0 : 22256, 12, 2024/10/25, 15:00:01.157, 6727399499147, vstest.console.dll, MulticastDelegateUtilities.SafeInvoke: TestRun.LogMessages: Invoking callback 1/1 for Microsoft.VisualStudio.TestPlatform.CommandLine.TestRunResultAggregator., took 0 ms.
TpTrace Verbose: 0 : 22256, 4, 2024/10/25, 15:00:01.158, 6727399499582, vstest.console.dll, MulticastDelegateUtilities.SafeInvoke: InternalTestLoggerEvents.SendTestRunMessage: Invoking callback 1/1 for Microsoft.VisualStudio.TestPlatform.CommandLine.Internal.ConsoleLogger., took 0 ms.
TpTrace Information: 0 : 22256, 12, 2024/10/25, 15:00:01.158, 6727399499791, vstest.console.dll, TestRunRequest:SendTestRunMessage: Completed.
TpTrace Verbose: 0 : 22256, 12, 2024/10/25, 15:00:01.158, 6727399501415, vstest.console.dll, MulticastDelegateUtilities.SafeInvoke: LengthPrefixCommunicationChannel: MessageReceived: Invoking callback 1/1 for Microsoft.VisualStudio.TestPlatform.CommunicationUtilities.TestRequestSender+<>c__DisplayClass34_0., took 0 ms.
TpTrace Verbose: 0 : 22256, 12, 2024/10/25, 15:00:01.158, 6727399501922, vstest.console.dll, TcpClientExtensions.MessageLoopAsync: Polling on remoteEndPoint: 127.0.0.1:55674 localEndPoint: 127.0.0.1:55673 after 0 ms
TpTrace Verbose: 0 : 22256, 12, 2024/10/25, 15:00:01.158, 6727399502469, vstest.console.dll, TcpClientExtensions.MessageLoopAsync: NotifyDataAvailable remoteEndPoint: 127.0.0.1:55674 localEndPoint: 127.0.0.1:55673
TpTrace Verbose: 0 : 22256, 12, 2024/10/25, 15:00:01.158, 6727399503207, vstest.console.dll, TestRequestSender.OnExecutionMessageReceived: Received message: {"Version":7,"MessageType":"TestSession.Message","Payload":{"MessageLevel":0,"Message":"[xUnit.net 00:00:23.19]            at System.Threading.ExecutionContext.RunInternal(ExecutionContext executionContext, ContextCallback callback, Object state)"}}
TpTrace Verbose: 0 : 22256, 12, 2024/10/25, 15:00:01.158, 6727399504405, vstest.console.dll, TestRunRequest:SendTestRunMessage: Starting.
TpTrace Verbose: 0 : 22256, 12, 2024/10/25, 15:00:01.158, 6727399505209, vstest.console.dll, MulticastDelegateUtilities.SafeInvoke: TestRun.LogMessages: Invoking callback 1/1 for Microsoft.VisualStudio.TestPlatform.CommandLine.TestRunResultAggregator., took 0 ms.
TpTrace Verbose: 0 : 22256, 4, 2024/10/25, 15:00:01.158, 6727399505715, vstest.console.dll, MulticastDelegateUtilities.SafeInvoke: InternalTestLoggerEvents.SendTestRunMessage: Invoking callback 1/1 for Microsoft.VisualStudio.TestPlatform.CommandLine.Internal.ConsoleLogger., took 0 ms.
TpTrace Information: 0 : 22256, 12, 2024/10/25, 15:00:01.158, 6727399505864, vstest.console.dll, TestRunRequest:SendTestRunMessage: Completed.
TpTrace Verbose: 0 : 22256, 12, 2024/10/25, 15:00:01.158, 6727399507937, vstest.console.dll, MulticastDelegateUtilities.SafeInvoke: LengthPrefixCommunicationChannel: MessageReceived: Invoking callback 1/1 for Microsoft.VisualStudio.TestPlatform.CommunicationUtilities.TestRequestSender+<>c__DisplayClass34_0., took 0 ms.
TpTrace Verbose: 0 : 22256, 12, 2024/10/25, 15:00:01.158, 6727399508475, vstest.console.dll, TcpClientExtensions.MessageLoopAsync: Polling on remoteEndPoint: 127.0.0.1:55674 localEndPoint: 127.0.0.1:55673 after 0 ms
TpTrace Verbose: 0 : 22256, 12, 2024/10/25, 15:00:01.158, 6727399509027, vstest.console.dll, TcpClientExtensions.MessageLoopAsync: NotifyDataAvailable remoteEndPoint: 127.0.0.1:55674 localEndPoint: 127.0.0.1:55673
TpTrace Verbose: 0 : 22256, 12, 2024/10/25, 15:00:01.159, 6727399509863, vstest.console.dll, TestRequestSender.OnExecutionMessageReceived: Received message: {"Version":7,"MessageType":"TestSession.Message","Payload":{"MessageLevel":0,"Message":"[xUnit.net 00:00:23.19]            at System.Threading.ExecutionContext.RunInternal(ExecutionContext executionContext, ContextCallback callback, Object state)"}}
TpTrace Verbose: 0 : 22256, 12, 2024/10/25, 15:00:01.159, 6727399511322, vstest.console.dll, TestRunRequest:SendTestRunMessage: Starting.
TpTrace Verbose: 0 : 22256, 12, 2024/10/25, 15:00:01.159, 6727399511791, vstest.console.dll, MulticastDelegateUtilities.SafeInvoke: TestRun.LogMessages: Invoking callback 1/1 for Microsoft.VisualStudio.TestPlatform.CommandLine.TestRunResultAggregator., took 0 ms.
TpTrace Information: 0 : 22256, 12, 2024/10/25, 15:00:01.159, 6727399512078, vstest.console.dll, TestRunRequest:SendTestRunMessage: Completed.
TpTrace Verbose: 0 : 22256, 12, 2024/10/25, 15:00:01.159, 6727399512362, vstest.console.dll, MulticastDelegateUtilities.SafeInvoke: LengthPrefixCommunicationChannel: MessageReceived: Invoking callback 1/1 for Microsoft.VisualStudio.TestPlatform.CommunicationUtilities.TestRequestSender+<>c__DisplayClass34_0., took 0 ms.
TpTrace Verbose: 0 : 22256, 12, 2024/10/25, 15:00:01.159, 6727399512639, vstest.console.dll, TcpClientExtensions.MessageLoopAsync: Polling on remoteEndPoint: 127.0.0.1:55674 localEndPoint: 127.0.0.1:55673 after 0 ms
TpTrace Verbose: 0 : 22256, 12, 2024/10/25, 15:00:01.159, 6727399512948, vstest.console.dll, TcpClientExtensions.MessageLoopAsync: NotifyDataAvailable remoteEndPoint: 127.0.0.1:55674 localEndPoint: 127.0.0.1:55673
TpTrace Verbose: 0 : 22256, 4, 2024/10/25, 15:00:01.159, 6727399512908, vstest.console.dll, MulticastDelegateUtilities.SafeInvoke: InternalTestLoggerEvents.SendTestRunMessage: Invoking callback 1/1 for Microsoft.VisualStudio.TestPlatform.CommandLine.Internal.ConsoleLogger., took 0 ms.
TpTrace Verbose: 0 : 22256, 12, 2024/10/25, 15:00:01.159, 6727399513422, vstest.console.dll, TestRequestSender.OnExecutionMessageReceived: Received message: {"Version":7,"MessageType":"TestSession.Message","Payload":{"MessageLevel":0,"Message":"[xUnit.net 00:00:23.19]            at System.Threading.Tasks.Task.ExecuteWithThreadLocal(Task& currentTaskSlot, Thread threadPoolThread)"}}
TpTrace Verbose: 0 : 22256, 12, 2024/10/25, 15:00:01.159, 6727399515338, vstest.console.dll, TestRunRequest:SendTestRunMessage: Starting.
TpTrace Verbose: 0 : 22256, 12, 2024/10/25, 15:00:01.159, 6727399515860, vstest.console.dll, MulticastDelegateUtilities.SafeInvoke: TestRun.LogMessages: Invoking callback 1/1 for Microsoft.VisualStudio.TestPlatform.CommandLine.TestRunResultAggregator., took 0 ms.
TpTrace Information: 0 : 22256, 12, 2024/10/25, 15:00:01.159, 6727399516146, vstest.console.dll, TestRunRequest:SendTestRunMessage: Completed.
TpTrace Verbose: 0 : 22256, 12, 2024/10/25, 15:00:01.159, 6727399516436, vstest.console.dll, MulticastDelegateUtilities.SafeInvoke: LengthPrefixCommunicationChannel: MessageReceived: Invoking callback 1/1 for Microsoft.VisualStudio.TestPlatform.CommunicationUtilities.TestRequestSender+<>c__DisplayClass34_0., took 0 ms.
TpTrace Verbose: 0 : 22256, 4, 2024/10/25, 15:00:01.159, 6727399516693, vstest.console.dll, MulticastDelegateUtilities.SafeInvoke: InternalTestLoggerEvents.SendTestRunMessage: Invoking callback 1/1 for Microsoft.VisualStudio.TestPlatform.CommandLine.Internal.ConsoleLogger., took 0 ms.
TpTrace Verbose: 0 : 22256, 12, 2024/10/25, 15:00:01.159, 6727399516804, vstest.console.dll, TcpClientExtensions.MessageLoopAsync: Polling on remoteEndPoint: 127.0.0.1:55674 localEndPoint: 127.0.0.1:55673 after 0 ms
TpTrace Verbose: 0 : 22256, 12, 2024/10/25, 15:00:01.159, 6727399518427, vstest.console.dll, TcpClientExtensions.MessageLoopAsync: NotifyDataAvailable remoteEndPoint: 127.0.0.1:55674 localEndPoint: 127.0.0.1:55673
TpTrace Verbose: 0 : 22256, 12, 2024/10/25, 15:00:01.159, 6727399518916, vstest.console.dll, TestRequestSender.OnExecutionMessageReceived: Received message: {"Version":7,"MessageType":"TestSession.Message","Payload":{"MessageLevel":0,"Message":"[xUnit.net 00:00:23.19]         "}}
TpTrace Verbose: 0 : 22256, 12, 2024/10/25, 15:00:01.160, 6727399519548, vstest.console.dll, TestRunRequest:SendTestRunMessage: Starting.
TpTrace Verbose: 0 : 22256, 12, 2024/10/25, 15:00:01.160, 6727399519993, vstest.console.dll, MulticastDelegateUtilities.SafeInvoke: TestRun.LogMessages: Invoking callback 1/1 for Microsoft.VisualStudio.TestPlatform.CommandLine.TestRunResultAggregator., took 0 ms.
TpTrace Information: 0 : 22256, 12, 2024/10/25, 15:00:01.160, 6727399520278, vstest.console.dll, TestRunRequest:SendTestRunMessage: Completed.
TpTrace Verbose: 0 : 22256, 4, 2024/10/25, 15:00:01.160, 6727399520486, vstest.console.dll, MulticastDelegateUtilities.SafeInvoke: InternalTestLoggerEvents.SendTestRunMessage: Invoking callback 1/1 for Microsoft.VisualStudio.TestPlatform.CommandLine.Internal.ConsoleLogger., took 0 ms.
TpTrace Verbose: 0 : 22256, 12, 2024/10/25, 15:00:01.160, 6727399520548, vstest.console.dll, MulticastDelegateUtilities.SafeInvoke: LengthPrefixCommunicationChannel: MessageReceived: Invoking callback 1/1 for Microsoft.VisualStudio.TestPlatform.CommunicationUtilities.TestRequestSender+<>c__DisplayClass34_0., took 0 ms.
TpTrace Verbose: 0 : 22256, 12, 2024/10/25, 15:00:01.160, 6727399522152, vstest.console.dll, TcpClientExtensions.MessageLoopAsync: Polling on remoteEndPoint: 127.0.0.1:55674 localEndPoint: 127.0.0.1:55673 after 0 ms
TpTrace Verbose: 0 : 22256, 12, 2024/10/25, 15:00:01.160, 6727399522512, vstest.console.dll, TcpClientExtensions.MessageLoopAsync: NotifyDataAvailable remoteEndPoint: 127.0.0.1:55674 localEndPoint: 127.0.0.1:55673
TpTrace Verbose: 0 : 22256, 12, 2024/10/25, 15:00:01.160, 6727399523016, vstest.console.dll, TestRequestSender.OnExecutionMessageReceived: Received message: {"Version":7,"MessageType":"TestSession.Message","Payload":{"MessageLevel":0,"Message":"[xUnit.net 00:00:23.20]   Finished:    Screentest"}}
TpTrace Verbose: 0 : 22256, 12, 2024/10/25, 15:00:01.160, 6727399523621, vstest.console.dll, TestRunRequest:SendTestRunMessage: Starting.
TpTrace Verbose: 0 : 22256, 12, 2024/10/25, 15:00:01.160, 6727399524112, vstest.console.dll, MulticastDelegateUtilities.SafeInvoke: TestRun.LogMessages: Invoking callback 1/1 for Microsoft.VisualStudio.TestPlatform.CommandLine.TestRunResultAggregator., took 0 ms.
TpTrace Information: 0 : 22256, 12, 2024/10/25, 15:00:01.160, 6727399524426, vstest.console.dll, TestRunRequest:SendTestRunMessage: Completed.
TpTrace Verbose: 0 : 22256, 4, 2024/10/25, 15:00:01.160, 6727399524572, vstest.console.dll, MulticastDelegateUtilities.SafeInvoke: InternalTestLoggerEvents.SendTestRunMessage: Invoking callback 1/1 for Microsoft.VisualStudio.TestPlatform.CommandLine.Internal.ConsoleLogger., took 0 ms.
TpTrace Verbose: 0 : 22256, 12, 2024/10/25, 15:00:01.160, 6727399524691, vstest.console.dll, MulticastDelegateUtilities.SafeInvoke: LengthPrefixCommunicationChannel: MessageReceived: Invoking callback 1/1 for Microsoft.VisualStudio.TestPlatform.CommunicationUtilities.TestRequestSender+<>c__DisplayClass34_0., took 0 ms.
TpTrace Verbose: 0 : 22256, 12, 2024/10/25, 15:00:01.160, 6727399526077, vstest.console.dll, TcpClientExtensions.MessageLoopAsync: Polling on remoteEndPoint: 127.0.0.1:55674 localEndPoint: 127.0.0.1:55673 after 0 ms
TpTrace Verbose: 0 : 22256, 12, 2024/10/25, 15:00:01.181, 6727399735103, vstest.console.dll, TcpClientExtensions.MessageLoopAsync: NotifyDataAvailable remoteEndPoint: 127.0.0.1:55674 localEndPoint: 127.0.0.1:55673
TpTrace Verbose: 0 : 22256, 12, 2024/10/25, 15:00:01.181, 6727399737713, vstest.console.dll, TestRequestSender.OnExecutionMessageReceived: Received message: {"Version":7,"MessageType":"TestExecution.Completed","Payload":{"TestRunCompleteArgs":{"TestRunStatistics":{"ExecutedTests":7,"Stats":{"Passed":5,"Failed":2}},"IsCanceled":false,"IsAborted":false,"Error":null,"AttachmentSets":[],"InvokedDataCollectors":[],"ElapsedTimeInRunningTests":"00:00:23.2200608","Metrics":{},"DiscoveredExtensions":{"TestDiscoverers":["Xunit.Runner.VisualStudio.VsTestRunner, xunit.runner.visualstudio.dotnetcore.testadapter, Version=2.5.0.0, Culture=neutral, PublicKeyToken=null"],"TestExecutors":["executor://xunit/VsTestRunner2/netcoreapp"],"TestExecutors2":[],"TestSettingsProviders":[]}},"LastRunTests":{"NewTestResults":[{"TestCase":{"Id":"efd8d8a2-eddf-b22d-f589-7d8b147ae90a","FullyQualifiedName":"PlexShareTests.ScreenshareTests.ScreenshareClientTest.TestSendPacketReceive","DisplayName":"PlexShareTests.ScreenshareTests.ScreenshareClientTest.TestSendPacketReceive","ExecutorUri":"executor://xunit/VsTestRunner2/netcoreapp","Source":"C:\\Users\\hp\\Desktop\\SE-ScreenShare\\source\\repos\\ScreenShare\\Screentest\\bin\\Debug\\net8.0-windows\\fine-code-coverage\\build-output\\Screentest.dll","CodeFilePath":null,"LineNumber":0,"Properties":[]},"Attachments":[],"Outcome":2,"ErrorMessage":"Microsoft.VisualStudio.TestPlatform.TestHost.DebugAssertException : Method Debug.Fail failed with '[ScreenProcessor::StartProcessing] : img is null\r\n', and was translated to Microsoft.VisualStudio.TestPlatform.TestHost.DebugAssertException to avoid terminating the process hosting the test.","ErrorStackTrace":"   at Microsoft.VisualStudio.TestPlatform.TestHost.TestHostTraceListener.GetException(String message) in /_/src/testhost.x86/TestHostTraceListener.cs:line 48\r\n   at Microsoft.VisualStudio.TestPlatform.TestHost.TestHostTraceListener.Fail(String message, String detailMessage) in /_/src/testhost.x86/TestHostTraceListener.cs:line 43\r\n   at System.Diagnostics.TraceInternal.Fail(String message, String detailMessage)\r\n   at System.Diagnostics.Debug.Fail(String message, String detailMessage)\r\n   at ScreenShare.Client.ScreenProcessor.StartProcessing() in C:\\Users\\hp\\Desktop\\SE-ScreenShare\\source\\repos\\ScreenShare\\ScreenShare\\ScreenShareClient\\ScreenProcessor.cs:line 223\r\n   at ScreenShare.Client.ScreenshareClient.StartImageSending() in C:\\Users\\hp\\Desktop\\SE-ScreenShare\\source\\repos\\ScreenShare\\ScreenShare\\ScreenShareClient\\ScreenShareStarter.cs:line 298\r\n   at ScreenShare.Client.ScreenshareClient.OnDataReceived(String serializedData) in C:\\Users\\hp\\Desktop\\SE-ScreenShare\\source\\repos\\ScreenShare\\ScreenShare\\ScreenShareClient\\ScreenShareStarter.cs:line 164\r\n   at PlexShareTests.ScreenshareTests.ScreenshareClientTest.TestSendPacketReceive() in C:\\Users\\hp\\Desktop\\SE-ScreenShare\\source\\repos\\ScreenShare\\Screentest\\Client.cs:line 77\r\n   at System.RuntimeMethodHandle.InvokeMethod(Object target, Void** arguments, Signature sig, Boolean isConstructor)\r\n   at System.Reflection.MethodBaseInvoker.InvokeWithNoArgs(Object obj, BindingFlags invokeAttr)\r\n   at System.Reflection.MethodBase.Invoke(Object obj, Object[] parameters)\r\n   at System.Runtime.CompilerServices.AsyncMethodBuilderCore.Start[TStateMachine](TStateMachine& stateMachine)\r\n   at System.Runtime.CompilerServices.AsyncMethodBuilderCore.Start[TStateMachine](TStateMachine& stateMachine)\r\n   at System.Runtime.CompilerServices.AsyncMethodBuilderCore.Start[TStateMachine](TStateMachine& stateMachine)\r\n   at System.Runtime.CompilerServices.AsyncMethodBuilderCore.Start[TStateMachine](TStateMachine& stateMachine)\r\n   at System.Runtime.CompilerServices.AsyncMethodBuilderCore.Start[TStateMachine](TStateMachine& stateMachine)\r\n   at System.Runtime.CompilerServices.AsyncMethodBuilderCore.Start[TStateMachine](TStateMachine& stateMachine)\r\n   at System.Runtime.CompilerServices.AsyncMethodBuilderCore.Start[TStateMachine](TStateMachine& stateMachine)\r\n   at System.Runtime.CompilerServices.AsyncMethodBuilderCore.Start[TStateMachine](TStateMachine& stateMachine)\r\n   at System.Runtime.CompilerServices.AsyncMethodBuilderCore.Start[TStateMachine](TStateMachine& stateMachine)\r\n   at System.Runtime.CompilerServices.AsyncMethodBuilderCore.Start[TStateMachine](TStateMachine& stateMachine)\r\n   at System.Runtime.CompilerServices.AsyncMethodBuilderCore.Start[TStateMachine](TStateMachine& stateMachine)\r\n   at System.Runtime.CompilerServices.AsyncMethodBuilderCore.Start[TStateMachine](TStateMachine& stateMachine)\r\n   at System.Runtime.CompilerServices.AsyncMethodBuilderCore.Start[TStateMachine](TStateMachine& stateMachine)\r\n   at System.Runtime.CompilerServices.AsyncMethodBuilderCore.Start[TStateMachine](TStateMachine& stateMachine)\r\n   at System.Runtime.CompilerServices.AsyncMethodBuilderCore.Start[TStateMachine](TStateMachine& stateMachine)\r\n   at System.Runtime.CompilerServices.AsyncMethodBuilderCore.Start[TStateMachine](TStateMachine& stateMachine)\r\n   at System.Threading.Tasks.Task`1.InnerInvoke()\r\n   at System.Threading.ExecutionContext.RunInternal(ExecutionContext executionContext, ContextCallback callback, Object state)\r\n   at System.Threading.Tasks.Task.ExecuteWithThreadLocal(Task& currentTaskSlot, Thread threadPoolThread)\r\n   at System.Threading.Tasks.Task.ExecuteEntry()\r\n   at System.Threading.Tasks.SynchronizationContextTaskScheduler.<>c.<.cctor>b__8_0(Object s)\r\n   at System.Threading.ExecutionContext.RunInternal(ExecutionContext executionContext, ContextCallback callback, Object state)\r\n   at System.Threading.ExecutionContext.RunInternal(ExecutionContext executionContext, ContextCallback callback, Object state)\r\n   at System.Threading.Tasks.Task.ExecuteWithThreadLocal(Task& currentTaskSlot, Thread threadPoolThread)\r\n","DisplayName":"PlexShareTests.ScreenshareTests.ScreenshareClientTest.TestSendPacketReceive","Messages":[],"ComputerName":"LAPTOP-C3T0U7QG","Duration":"00:00:20.6748055","StartTime":"2024-10-25T09:30:01.1483626+00:00","EndTime":"2024-10-25T09:30:01.1483631+00:00","Properties":[]}],"TestRunStatistics":{"ExecutedTests":7,"Stats":{"Passed":5,"Failed":2}},"ActiveTests":[]},"RunAttachments":[],"ExecutorUris":["executor://xunit/VsTestRunner2/netcoreapp"]}}
TpTrace Verbose: 0 : 22256, 12, 2024/10/25, 15:00:01.182, 6727399740398, vstest.console.dll, TestRequestSender.EndSession: Sending end session.
TpTrace Verbose: 0 : 22256, 12, 2024/10/25, 15:00:01.182, 6727399742625, vstest.console.dll, ProxyOperationManager.Close: waiting for test host to exit for 100 ms
TpTrace Verbose: 0 : 22256, 7, 2024/10/25, 15:00:01.247, 6727400398595, vstest.console.dll, TestHostManagerCallbacks.ctor: Experimental forwarding output is disabled.
TpTrace Warning: 0 : 22256, 7, 2024/10/25, 15:00:01.248, 6727400400049, vstest.console.dll, TestHostManagerCallbacks.ErrorReceivedCallback Test host standard error line: 
TpTrace Verbose: 0 : 22256, 7, 2024/10/25, 15:00:01.269, 6727400618968, vstest.console.dll, TestHostProvider.ExitCallBack: Host exited starting callback.
TpTrace Information: 0 : 22256, 7, 2024/10/25, 15:00:01.270, 6727400620812, vstest.console.dll, TestHostManagerCallbacks.ExitCallBack: Testhost processId: 24676 exited with exitcode: 0 error: ''
TpTrace Verbose: 0 : 22256, 7, 2024/10/25, 15:00:01.270, 6727400621241, vstest.console.dll, DotnetTestHostManager.OnHostExited: invoking OnHostExited callback
TpTrace Verbose: 0 : 22256, 7, 2024/10/25, 15:00:01.270, 6727400621736, vstest.console.dll, CrossPlatEngine.TestHostManagerHostExited: calling on client process exit callback.
TpTrace Information: 0 : 22256, 7, 2024/10/25, 15:00:01.270, 6727400623142, vstest.console.dll, TestRequestSender.OnClientProcessExit: Test host process exited. Standard error: 
TpTrace Information: 0 : 22256, 7, 2024/10/25, 15:00:01.270, 6727400623625, vstest.console.dll, SocketServer.Stop: Stop server endPoint: 127.0.0.1:55673
TpTrace Information: 0 : 22256, 7, 2024/10/25, 15:00:01.270, 6727400623889, vstest.console.dll, SocketServer.Stop: Cancellation requested. Stopping message loop.
TpTrace Information: 0 : 22256, 12, 2024/10/25, 15:00:01.270, 6727400625106, vstest.console.dll, SocketServer.Stop: Stop server endPoint: 127.0.0.1:55673
TpTrace Verbose: 0 : 22256, 7, 2024/10/25, 15:00:01.270, 6727400625248, vstest.console.dll, MulticastDelegateUtilities.SafeInvoke: HostProviderEvents.OnHostExited: Invoking callback 1/1 for Microsoft.VisualStudio.TestPlatform.CrossPlatEngine.Client.ProxyOperationManager., took 0 ms.
TpTrace Information: 0 : 22256, 12, 2024/10/25, 15:00:01.270, 6727400626188, vstest.console.dll, SocketServer.Stop: Cancellation requested. Stopping message loop.
TpTrace Information: 0 : 22256, 12, 2024/10/25, 15:00:01.270, 6727400627477, vstest.console.dll, Closing the connection
TpTrace Verbose: 0 : 22256, 12, 2024/10/25, 15:00:01.271, 6727400630150, vstest.console.dll, ProxyDataCollectionManager.InvokeDataCollectionServiceAction: Starting.
TpTrace Information: 0 : 22256, 12, 2024/10/25, 15:00:01.271, 6727400630654, vstest.console.dll, ProxyDataCollectionManager.AfterTestRunEnd: Get attachment set and invoked data collectors processId: 16096 port: 55670
TpTrace Verbose: 0 : 22256, 12, 2024/10/25, 15:00:01.271, 6727400631104, vstest.console.dll, DataCollectionRequestSender.SendAfterTestRunStartAndGetResult: Send AfterTestRunEnd message with isCancelled: False
TpTrace Verbose: 0 : 22256, 12, 2024/10/25, 15:00:01.279, 6727400714763, vstest.console.dll, DataCollectionRequestSender.SendAfterTestRunStartAndGetResult: Received message: (DataCollection.AfterTestRunEndResult) -> {"MessageType":"DataCollection.AfterTestRunEndResult","Payload":{"AttachmentSets":[],"InvokedDataCollectors":[{"Uri":"datacollector://Microsoft/TestPlatform/Extensions/Blame/v1","FriendlyName":"Blame","AssemblyQualifiedName":"Microsoft.TestPlatform.Extensions.BlameDataCollector.BlameCollector, Microsoft.TestPlatform.Extensions.BlameDataCollector, Version=15.0.0.0, Culture=neutral, PublicKeyToken=b03f5f7f11d50a3a","FilePath":"C:\\Program Files\\dotnet\\sdk\\8.0.303\\Extensions\\Microsoft.TestPlatform.Extensions.BlameDataCollector.dll","HasAttachmentProcessor":false}],"Metrics":{}}}
TpTrace Information: 0 : 22256, 12, 2024/10/25, 15:00:01.287, 6727400797334, vstest.console.dll, ProxyDataCollectionManager.InvokeDataCollectionServiceAction: Completed.
TpTrace Warning: 0 : 22256, 10, 2024/10/25, 15:00:01.288, 6727400802159, vstest.console.dll, DataCollectionLauncher.ErrorReceivedCallback datacollector standard error line: 
TpTrace Information: 0 : 22256, 10, 2024/10/25, 15:00:01.301, 6727400932679, vstest.console.dll, DataCollectionLauncher.ExitCallBack: Data collector exited with exitcode: 0 error: ''
TpTrace Verbose: 0 : 22256, 12, 2024/10/25, 15:00:01.322, 6727401143428, vstest.console.dll, TestRunRequest:SendTestRunStatsChange: Starting.
TpTrace Verbose: 0 : 22256, 12, 2024/10/25, 15:00:01.322, 6727401144420, vstest.console.dll, MulticastDelegateUtilities.SafeInvoke: TestRun.RunStatsChanged: Invoking callbacks was skipped because there are no subscribers.
TpTrace Information: 0 : 22256, 12, 2024/10/25, 15:00:01.322, 6727401144737, vstest.console.dll, TestRunRequest:SendTestRunStatsChange: Completed.
TpTrace Verbose: 0 : 22256, 12, 2024/10/25, 15:00:01.322, 6727401146886, vstest.console.dll, ParallelProxyExecutionManager: HandlePartialRunComplete: Total workloads = 1, Total started clients = 1 Total completed clients = 1, Run complete = True, Run canceled: False.
TpTrace Verbose: 0 : 22256, 12, 2024/10/25, 15:00:01.322, 6727401147156, vstest.console.dll, ParallelProxyExecutionManager: HandlePartialRunComplete: All runs completed stopping all managers.
TpTrace Verbose: 0 : 22256, 12, 2024/10/25, 15:00:01.322, 6727401147878, vstest.console.dll, ParallelOperationManager.StopAllManagers: Stopping all managers.
TpTrace Verbose: 0 : 22256, 12, 2024/10/25, 15:00:01.322, 6727401148157, vstest.console.dll, ParallelOperationManager.ClearSlots: Clearing all slots. Slots should accept more work: False
TpTrace Verbose: 0 : 22256, 12, 2024/10/25, 15:00:01.322, 6727401148560, vstest.console.dll, ParallelOperationManager.SetOccupiedSlotCount: Setting slot counts AvailableSlotCount = 1, OccupiedSlotCount = 0.
TpTrace Verbose: 0 : 22256, 12, 2024/10/25, 15:00:01.322, 6727401149012, vstest.console.dll, Occupied slots:

TpTrace Verbose: 0 : 22256, 4, 2024/10/25, 15:00:01.323, 6727401149663, vstest.console.dll, MulticastDelegateUtilities.SafeInvoke: InternalTestLoggerEvents.SendTestResult: Invoking callback 1/1 for Microsoft.VisualStudio.TestPlatform.CommandLine.Internal.ConsoleLogger., took 0 ms.
TpTrace Verbose: 0 : 22256, 4, 2024/10/25, 15:00:01.333, 6727401250761, vstest.console.dll, MulticastDelegateUtilities.SafeInvoke: InternalTestLoggerEvents.SendTestRunComplete: Invoking callback 1/2 for Microsoft.TestPlatform.Extensions.BlameDataCollector.BlameLogger., took 0 ms.
TpTrace Verbose: 0 : 22256, 4, 2024/10/25, 15:00:01.337, 6727401296602, vstest.console.dll, MulticastDelegateUtilities.SafeInvoke: InternalTestLoggerEvents.SendTestRunComplete: Invoking callback 2/2 for Microsoft.VisualStudio.TestPlatform.CommandLine.Internal.ConsoleLogger., took 4 ms.
TpTrace Verbose: 0 : 22256, 12, 2024/10/25, 15:00:01.338, 6727401299386, vstest.console.dll, TestRunRequest:TestRunComplete: Starting. IsAborted:False IsCanceled:False.
TpTrace Verbose: 0 : 22256, 12, 2024/10/25, 15:00:01.338, 6727401300761, vstest.console.dll, ParallelOperationManager.DoActionOnAllManagers: Calling an action on all managers.
TpTrace Verbose: 0 : 22256, 12, 2024/10/25, 15:00:01.339, 6727401313059, vstest.console.dll, TestLoggerManager.HandleTestRunComplete: Ignoring as the object is disposed.
TpTrace Verbose: 0 : 22256, 12, 2024/10/25, 15:00:01.339, 6727401315095, vstest.console.dll, MulticastDelegateUtilities.SafeInvoke: TestRun.TestRunComplete: Invoking callback 1/2 for Microsoft.VisualStudio.TestPlatform.CommandLine.TestRunResultAggregator., took 0 ms.
TpTrace Verbose: 0 : 22256, 12, 2024/10/25, 15:00:01.339, 6727401315994, vstest.console.dll, MulticastDelegateUtilities.SafeInvoke: TestRun.TestRunComplete: Invoking callback 2/2 for Microsoft.VisualStudio.TestPlatform.CommandLine.Processors.RunTestsArgumentExecutor+TestRunRequestEventsRegistrar., took 0 ms.
TpTrace Information: 0 : 22256, 12, 2024/10/25, 15:00:01.339, 6727401316823, vstest.console.dll, TestRunRequest:TestRunComplete: Completed.
TpTrace Verbose: 0 : 22256, 12, 2024/10/25, 15:00:01.339, 6727401317101, vstest.console.dll, TestRequestSender.SetOperationComplete: Setting operation complete.
TpTrace Information: 0 : 22256, 12, 2024/10/25, 15:00:01.339, 6727401317305, vstest.console.dll, SocketServer.Stop: Stop server endPoint: 127.0.0.1:55673
TpTrace Information: 0 : 22256, 12, 2024/10/25, 15:00:01.339, 6727401317486, vstest.console.dll, SocketServer.Stop: Cancellation requested. Stopping message loop.
TpTrace Verbose: 0 : 22256, 12, 2024/10/25, 15:00:01.339, 6727401317725, vstest.console.dll, MulticastDelegateUtilities.SafeInvoke: LengthPrefixCommunicationChannel: MessageReceived: Invoking callback 1/1 for Microsoft.VisualStudio.TestPlatform.CommunicationUtilities.TestRequestSender+<>c__DisplayClass34_0., took 158 ms.
TpTrace Information: 0 : 22256, 12, 2024/10/25, 15:00:01.339, 6727401318060, vstest.console.dll, SocketServer.PrivateStop: Stopping server endPoint: 127.0.0.1:55673 error: 
TpTrace Verbose: 0 : 22256, 1, 2024/10/25, 15:00:01.339, 6727401318203, vstest.console.dll, TestRunRequest.Dispose: Starting.
TpTrace Information: 0 : 22256, 1, 2024/10/25, 15:00:01.339, 6727401318795, vstest.console.dll, TestRunRequest.Dispose: Completed.
TpTrace Information: 0 : 22256, 1, 2024/10/25, 15:00:01.340, 6727401319504, vstest.console.dll, TestRequestManager.RunTests: run tests completed.
TpTrace Information: 0 : 22256, 1, 2024/10/25, 15:00:01.340, 6727401320025, vstest.console.dll, RunTestsArgumentProcessor:Execute: Test run is completed.
TpTrace Verbose: 0 : 22256, 1, 2024/10/25, 15:00:01.340, 6727401321984, vstest.console.dll, Executor.Execute: Exiting with exit code of 1
TpTrace Verbose: 0 : 22256, 12, 2024/10/25, 15:00:01.340, 6727401322421, vstest.console.dll, LengthPrefixCommunicationChannel.Dispose: Dispose reader and writer.
TpTrace Information: 0 : 22256, 12, 2024/10/25, 15:00:01.340, 6727401323505, vstest.console.dll, SocketServer.Stop: Raise disconnected event endPoint: 127.0.0.1:55673 error: 
TpTrace Verbose: 0 : 22256, 12, 2024/10/25, 15:00:01.340, 6727401324260, vstest.console.dll, TestRequestSender: OnTestRunAbort: Operation is already complete. Skip error message.
TpTrace Verbose: 0 : 22256, 12, 2024/10/25, 15:00:01.340, 6727401324539, vstest.console.dll, MulticastDelegateUtilities.SafeInvoke: SocketServer: ClientDisconnected: Invoking callback 1/1 for Microsoft.VisualStudio.TestPlatform.CommunicationUtilities.TestRequestSender., took 0 ms.
TpTrace Verbose: 0 : 22256, 12, 2024/10/25, 15:00:01.340, 6727401324741, vstest.console.dll, TcpClientExtensions.MessageLoopAsync: exiting MessageLoopAsync remoteEndPoint: 127.0.0.1:55674 localEndPoint: 127.0.0.1:55673
